ERROR - 2024-05-26 22:59:57 --> mysqli_sql_exception: Cannot add or update a child row: a foreign key constraint fails (`app_panca`.`cliente`, CONSTRAINT `fk_cliente_usuario` FOREIGN KEY (`clie_usua_id`) REFERENCES `usuario` (`usua_id`) ON UPDATE CASCADE) in /home/app/public_html/panca/system/Database/MySQLi/Connection.php:295
Stack trace:
#0 /home/app/public_html/panca/system/Database/MySQLi/Connection.php(295): mysqli->query('INSERT INTO `cl...', 0)
#1 /home/app/public_html/panca/system/Database/BaseConnection.php(691): CodeIgniter\Database\MySQLi\Connection->execute('INSERT INTO `cl...')
#2 /home/app/public_html/panca/system/Database/BaseConnection.php(605): CodeIgniter\Database\BaseConnection->simpleQuery('INSERT INTO `cl...')
#3 /home/app/public_html/panca/system/Database/BaseBuilder.php(2309): CodeIgniter\Database\BaseConnection->query('INSERT INTO `cl...', Array, false)
#4 /home/app/public_html/panca/system/Model.php(330): CodeIgniter\Database\BaseBuilder->insert()
#5 /home/app/public_html/panca/system/BaseModel.php(782): CodeIgniter\Model->doInsert(Array)
#6 /home/app/public_html/panca/system/Model.php(730): CodeIgniter\BaseModel->insert(Array, true)
#7 /home/app/public_html/panca/app/Controllers/Cliente.php(146): CodeIgniter\Model->insert(Array)
#8 /home/app/public_html/panca/system/CodeIgniter.php(934): App\Controllers\Cliente->create()
#9 /home/app/public_html/panca/system/CodeIgniter.php(499): CodeIgniter\CodeIgniter->runController(Object(App\Controllers\Cliente))
#10 /home/app/public_html/panca/system/CodeIgniter.php(368): CodeIgniter\CodeIgniter->handleRequest(NULL, Object(Config\Cache), false)
#11 /home/app/public_html/panca/index.php(67): CodeIgniter\CodeIgniter->run()
#12 {main}
CRITICAL - 2024-05-26 22:59:57 --> Cannot add or update a child row: a foreign key constraint fails (`app_panca`.`cliente`, CONSTRAINT `fk_cliente_usuario` FOREIGN KEY (`clie_usua_id`) REFERENCES `usuario` (`usua_id`) ON UPDATE CASCADE)
in SYSTEMPATH/Database/MySQLi/Connection.php on line 295.
 1 SYSTEMPATH/Database/MySQLi/Connection.php(295): mysqli->query('INSERT INTO `cliente` (`clie_usua_id`, `clie_nombres`, `clie_apellidos`, `clie_dni`, `clie_celular`, `clie_correo`, `clie_foto`, `clie_direccion`) VALUES (\'1\', \'asd\', \'asd\', \'123\', \'123\', \'d@g.com\', \'xd.png\', \'jr. asd\')', 0)
 2 SYSTEMPATH/Database/BaseConnection.php(691): CodeIgniter\Database\MySQLi\Connection->execute('INSERT INTO `cliente` (`clie_usua_id`, `clie_nombres`, `clie_apellidos`, `clie_dni`, `clie_celular`, `clie_correo`, `clie_foto`, `clie_direccion`) VALUES (\'1\', \'asd\', \'asd\', \'123\', \'123\', \'d@g.com\', \'xd.png\', \'jr. asd\')')
 3 SYSTEMPATH/Database/BaseConnection.php(605): CodeIgniter\Database\BaseConnection->simpleQuery('INSERT INTO `cliente` (`clie_usua_id`, `clie_nombres`, `clie_apellidos`, `clie_dni`, `clie_celular`, `clie_correo`, `clie_foto`, `clie_direccion`) VALUES (\'1\', \'asd\', \'asd\', \'123\', \'123\', \'d@g.com\', \'xd.png\', \'jr. asd\')')
 4 SYSTEMPATH/Database/BaseBuilder.php(2309): CodeIgniter\Database\BaseConnection->query('INSERT INTO `cliente` (`clie_usua_id`, `clie_nombres`, `clie_apellidos`, `clie_dni`, `clie_celular`, `clie_correo`, `clie_foto`, `clie_direccion`) VALUES (:clie_usua_id:, :clie_nombres:, :clie_apellidos:, :clie_dni:, :clie_celular:, :clie_correo:, :clie_foto:, :clie_direccion:)', [...], false)
 5 SYSTEMPATH/Model.php(330): CodeIgniter\Database\BaseBuilder->insert()
 6 SYSTEMPATH/BaseModel.php(782): CodeIgniter\Model->doInsert([...])
 7 SYSTEMPATH/Model.php(730): CodeIgniter\BaseModel->insert([...], true)
 8 APPPATH/Controllers/Cliente.php(146): CodeIgniter\Model->insert([...])
 9 SYSTEMPATH/CodeIgniter.php(934): App\Controllers\Cliente->create()
10 SYSTEMPATH/CodeIgniter.php(499): CodeIgniter\CodeIgniter->runController(Object(App\Controllers\Cliente))
11 SYSTEMPATH/CodeIgniter.php(368): CodeIgniter\CodeIgniter->handleRequest(null, Object(Config\Cache), false)
12 FCPATH/index.php(67): CodeIgniter\CodeIgniter->run()
ERROR - 2024-05-26 23:00:02 --> mysqli_sql_exception: Cannot add or update a child row: a foreign key constraint fails (`app_panca`.`cliente`, CONSTRAINT `fk_cliente_usuario` FOREIGN KEY (`clie_usua_id`) REFERENCES `usuario` (`usua_id`) ON UPDATE CASCADE) in /home/app/public_html/panca/system/Database/MySQLi/Connection.php:295
Stack trace:
#0 /home/app/public_html/panca/system/Database/MySQLi/Connection.php(295): mysqli->query('INSERT INTO `cl...', 0)
#1 /home/app/public_html/panca/system/Database/BaseConnection.php(691): CodeIgniter\Database\MySQLi\Connection->execute('INSERT INTO `cl...')
#2 /home/app/public_html/panca/system/Database/BaseConnection.php(605): CodeIgniter\Database\BaseConnection->simpleQuery('INSERT INTO `cl...')
#3 /home/app/public_html/panca/system/Database/BaseBuilder.php(2309): CodeIgniter\Database\BaseConnection->query('INSERT INTO `cl...', Array, false)
#4 /home/app/public_html/panca/system/Model.php(330): CodeIgniter\Database\BaseBuilder->insert()
#5 /home/app/public_html/panca/system/BaseModel.php(782): CodeIgniter\Model->doInsert(Array)
#6 /home/app/public_html/panca/system/Model.php(730): CodeIgniter\BaseModel->insert(Array, true)
#7 /home/app/public_html/panca/app/Controllers/Cliente.php(146): CodeIgniter\Model->insert(Array)
#8 /home/app/public_html/panca/system/CodeIgniter.php(934): App\Controllers\Cliente->create()
#9 /home/app/public_html/panca/system/CodeIgniter.php(499): CodeIgniter\CodeIgniter->runController(Object(App\Controllers\Cliente))
#10 /home/app/public_html/panca/system/CodeIgniter.php(368): CodeIgniter\CodeIgniter->handleRequest(NULL, Object(Config\Cache), false)
#11 /home/app/public_html/panca/index.php(67): CodeIgniter\CodeIgniter->run()
#12 {main}
CRITICAL - 2024-05-26 23:00:02 --> Cannot add or update a child row: a foreign key constraint fails (`app_panca`.`cliente`, CONSTRAINT `fk_cliente_usuario` FOREIGN KEY (`clie_usua_id`) REFERENCES `usuario` (`usua_id`) ON UPDATE CASCADE)
in SYSTEMPATH/Database/MySQLi/Connection.php on line 295.
 1 SYSTEMPATH/Database/MySQLi/Connection.php(295): mysqli->query('INSERT INTO `cliente` (`clie_usua_id`, `clie_nombres`, `clie_apellidos`, `clie_dni`, `clie_celular`, `clie_correo`, `clie_foto`, `clie_direccion`) VALUES (\'1\', \'asd\', \'asd\', \'123\', \'123\', \'d@g.com\', \'xd.png\', \'jr. asd\')', 0)
 2 SYSTEMPATH/Database/BaseConnection.php(691): CodeIgniter\Database\MySQLi\Connection->execute('INSERT INTO `cliente` (`clie_usua_id`, `clie_nombres`, `clie_apellidos`, `clie_dni`, `clie_celular`, `clie_correo`, `clie_foto`, `clie_direccion`) VALUES (\'1\', \'asd\', \'asd\', \'123\', \'123\', \'d@g.com\', \'xd.png\', \'jr. asd\')')
 3 SYSTEMPATH/Database/BaseConnection.php(605): CodeIgniter\Database\BaseConnection->simpleQuery('INSERT INTO `cliente` (`clie_usua_id`, `clie_nombres`, `clie_apellidos`, `clie_dni`, `clie_celular`, `clie_correo`, `clie_foto`, `clie_direccion`) VALUES (\'1\', \'asd\', \'asd\', \'123\', \'123\', \'d@g.com\', \'xd.png\', \'jr. asd\')')
 4 SYSTEMPATH/Database/BaseBuilder.php(2309): CodeIgniter\Database\BaseConnection->query('INSERT INTO `cliente` (`clie_usua_id`, `clie_nombres`, `clie_apellidos`, `clie_dni`, `clie_celular`, `clie_correo`, `clie_foto`, `clie_direccion`) VALUES (:clie_usua_id:, :clie_nombres:, :clie_apellidos:, :clie_dni:, :clie_celular:, :clie_correo:, :clie_foto:, :clie_direccion:)', [...], false)
 5 SYSTEMPATH/Model.php(330): CodeIgniter\Database\BaseBuilder->insert()
 6 SYSTEMPATH/BaseModel.php(782): CodeIgniter\Model->doInsert([...])
 7 SYSTEMPATH/Model.php(730): CodeIgniter\BaseModel->insert([...], true)
 8 APPPATH/Controllers/Cliente.php(146): CodeIgniter\Model->insert([...])
 9 SYSTEMPATH/CodeIgniter.php(934): App\Controllers\Cliente->create()
10 SYSTEMPATH/CodeIgniter.php(499): CodeIgniter\CodeIgniter->runController(Object(App\Controllers\Cliente))
11 SYSTEMPATH/CodeIgniter.php(368): CodeIgniter\CodeIgniter->handleRequest(null, Object(Config\Cache), false)
12 FCPATH/index.php(67): CodeIgniter\CodeIgniter->run()
ERROR - 2024-05-26 23:00:38 --> mysqli_sql_exception: Cannot add or update a child row: a foreign key constraint fails (`app_panca`.`cliente`, CONSTRAINT `fk_cliente_usuario` FOREIGN KEY (`clie_usua_id`) REFERENCES `usuario` (`usua_id`) ON UPDATE CASCADE) in /home/app/public_html/panca/system/Database/MySQLi/Connection.php:295
Stack trace:
#0 /home/app/public_html/panca/system/Database/MySQLi/Connection.php(295): mysqli->query('INSERT INTO `cl...', 0)
#1 /home/app/public_html/panca/system/Database/BaseConnection.php(691): CodeIgniter\Database\MySQLi\Connection->execute('INSERT INTO `cl...')
#2 /home/app/public_html/panca/system/Database/BaseConnection.php(605): CodeIgniter\Database\BaseConnection->simpleQuery('INSERT INTO `cl...')
#3 /home/app/public_html/panca/system/Database/BaseBuilder.php(2309): CodeIgniter\Database\BaseConnection->query('INSERT INTO `cl...', Array, false)
#4 /home/app/public_html/panca/system/Model.php(330): CodeIgniter\Database\BaseBuilder->insert()
#5 /home/app/public_html/panca/system/BaseModel.php(782): CodeIgniter\Model->doInsert(Array)
#6 /home/app/public_html/panca/system/Model.php(730): CodeIgniter\BaseModel->insert(Array, true)
#7 /home/app/public_html/panca/app/Controllers/Cliente.php(146): CodeIgniter\Model->insert(Array)
#8 /home/app/public_html/panca/system/CodeIgniter.php(934): App\Controllers\Cliente->create()
#9 /home/app/public_html/panca/system/CodeIgniter.php(499): CodeIgniter\CodeIgniter->runController(Object(App\Controllers\Cliente))
#10 /home/app/public_html/panca/system/CodeIgniter.php(368): CodeIgniter\CodeIgniter->handleRequest(NULL, Object(Config\Cache), false)
#11 /home/app/public_html/panca/index.php(67): CodeIgniter\CodeIgniter->run()
#12 {main}
CRITICAL - 2024-05-26 23:00:38 --> Cannot add or update a child row: a foreign key constraint fails (`app_panca`.`cliente`, CONSTRAINT `fk_cliente_usuario` FOREIGN KEY (`clie_usua_id`) REFERENCES `usuario` (`usua_id`) ON UPDATE CASCADE)
in SYSTEMPATH/Database/MySQLi/Connection.php on line 295.
 1 SYSTEMPATH/Database/MySQLi/Connection.php(295): mysqli->query('INSERT INTO `cliente` (`clie_usua_id`, `clie_nombres`, `clie_apellidos`, `clie_dni`, `clie_celular`, `clie_correo`, `clie_foto`, `clie_direccion`) VALUES (\'1\', \'asd\', \'asd\', \'123\', \'123\', \'d@g.com\', \'xd.png\', \'jr. asd\')', 0)
 2 SYSTEMPATH/Database/BaseConnection.php(691): CodeIgniter\Database\MySQLi\Connection->execute('INSERT INTO `cliente` (`clie_usua_id`, `clie_nombres`, `clie_apellidos`, `clie_dni`, `clie_celular`, `clie_correo`, `clie_foto`, `clie_direccion`) VALUES (\'1\', \'asd\', \'asd\', \'123\', \'123\', \'d@g.com\', \'xd.png\', \'jr. asd\')')
 3 SYSTEMPATH/Database/BaseConnection.php(605): CodeIgniter\Database\BaseConnection->simpleQuery('INSERT INTO `cliente` (`clie_usua_id`, `clie_nombres`, `clie_apellidos`, `clie_dni`, `clie_celular`, `clie_correo`, `clie_foto`, `clie_direccion`) VALUES (\'1\', \'asd\', \'asd\', \'123\', \'123\', \'d@g.com\', \'xd.png\', \'jr. asd\')')
 4 SYSTEMPATH/Database/BaseBuilder.php(2309): CodeIgniter\Database\BaseConnection->query('INSERT INTO `cliente` (`clie_usua_id`, `clie_nombres`, `clie_apellidos`, `clie_dni`, `clie_celular`, `clie_correo`, `clie_foto`, `clie_direccion`) VALUES (:clie_usua_id:, :clie_nombres:, :clie_apellidos:, :clie_dni:, :clie_celular:, :clie_correo:, :clie_foto:, :clie_direccion:)', [...], false)
 5 SYSTEMPATH/Model.php(330): CodeIgniter\Database\BaseBuilder->insert()
 6 SYSTEMPATH/BaseModel.php(782): CodeIgniter\Model->doInsert([...])
 7 SYSTEMPATH/Model.php(730): CodeIgniter\BaseModel->insert([...], true)
 8 APPPATH/Controllers/Cliente.php(146): CodeIgniter\Model->insert([...])
 9 SYSTEMPATH/CodeIgniter.php(934): App\Controllers\Cliente->create()
10 SYSTEMPATH/CodeIgniter.php(499): CodeIgniter\CodeIgniter->runController(Object(App\Controllers\Cliente))
11 SYSTEMPATH/CodeIgniter.php(368): CodeIgniter\CodeIgniter->handleRequest(null, Object(Config\Cache), false)
12 FCPATH/index.php(67): CodeIgniter\CodeIgniter->run()
ERROR - 2024-05-26 23:08:09 --> mysqli_sql_exception: Duplicate entry '3' for key 'unq_cliente_clie_usua_id' in /home/app/public_html/panca/system/Database/MySQLi/Connection.php:295
Stack trace:
#0 /home/app/public_html/panca/system/Database/MySQLi/Connection.php(295): mysqli->query('INSERT INTO `cl...', 0)
#1 /home/app/public_html/panca/system/Database/BaseConnection.php(691): CodeIgniter\Database\MySQLi\Connection->execute('INSERT INTO `cl...')
#2 /home/app/public_html/panca/system/Database/BaseConnection.php(605): CodeIgniter\Database\BaseConnection->simpleQuery('INSERT INTO `cl...')
#3 /home/app/public_html/panca/system/Database/BaseBuilder.php(2309): CodeIgniter\Database\BaseConnection->query('INSERT INTO `cl...', Array, false)
#4 /home/app/public_html/panca/system/Model.php(330): CodeIgniter\Database\BaseBuilder->insert()
#5 /home/app/public_html/panca/system/BaseModel.php(782): CodeIgniter\Model->doInsert(Array)
#6 /home/app/public_html/panca/system/Model.php(730): CodeIgniter\BaseModel->insert(Array, true)
#7 /home/app/public_html/panca/app/Controllers/Cliente.php(146): CodeIgniter\Model->insert(Array)
#8 /home/app/public_html/panca/system/CodeIgniter.php(934): App\Controllers\Cliente->create()
#9 /home/app/public_html/panca/system/CodeIgniter.php(499): CodeIgniter\CodeIgniter->runController(Object(App\Controllers\Cliente))
#10 /home/app/public_html/panca/system/CodeIgniter.php(368): CodeIgniter\CodeIgniter->handleRequest(NULL, Object(Config\Cache), false)
#11 /home/app/public_html/panca/index.php(67): CodeIgniter\CodeIgniter->run()
#12 {main}
CRITICAL - 2024-05-26 23:08:09 --> Duplicate entry '3' for key 'unq_cliente_clie_usua_id'
in SYSTEMPATH/Database/MySQLi/Connection.php on line 295.
 1 SYSTEMPATH/Database/MySQLi/Connection.php(295): mysqli->query('INSERT INTO `cliente` (`clie_usua_id`, `clie_nombres`, `clie_apellidos`, `clie_dni`, `clie_celular`, `clie_correo`, `clie_foto`, `clie_direccion`) VALUES (\'3\', \'asd\', \'asd\', \'123\', \'123\', \'d@g.com\', \'xd.png\', \'jr. asd\')', 0)
 2 SYSTEMPATH/Database/BaseConnection.php(691): CodeIgniter\Database\MySQLi\Connection->execute('INSERT INTO `cliente` (`clie_usua_id`, `clie_nombres`, `clie_apellidos`, `clie_dni`, `clie_celular`, `clie_correo`, `clie_foto`, `clie_direccion`) VALUES (\'3\', \'asd\', \'asd\', \'123\', \'123\', \'d@g.com\', \'xd.png\', \'jr. asd\')')
 3 SYSTEMPATH/Database/BaseConnection.php(605): CodeIgniter\Database\BaseConnection->simpleQuery('INSERT INTO `cliente` (`clie_usua_id`, `clie_nombres`, `clie_apellidos`, `clie_dni`, `clie_celular`, `clie_correo`, `clie_foto`, `clie_direccion`) VALUES (\'3\', \'asd\', \'asd\', \'123\', \'123\', \'d@g.com\', \'xd.png\', \'jr. asd\')')
 4 SYSTEMPATH/Database/BaseBuilder.php(2309): CodeIgniter\Database\BaseConnection->query('INSERT INTO `cliente` (`clie_usua_id`, `clie_nombres`, `clie_apellidos`, `clie_dni`, `clie_celular`, `clie_correo`, `clie_foto`, `clie_direccion`) VALUES (:clie_usua_id:, :clie_nombres:, :clie_apellidos:, :clie_dni:, :clie_celular:, :clie_correo:, :clie_foto:, :clie_direccion:)', [...], false)
 5 SYSTEMPATH/Model.php(330): CodeIgniter\Database\BaseBuilder->insert()
 6 SYSTEMPATH/BaseModel.php(782): CodeIgniter\Model->doInsert([...])
 7 SYSTEMPATH/Model.php(730): CodeIgniter\BaseModel->insert([...], true)
 8 APPPATH/Controllers/Cliente.php(146): CodeIgniter\Model->insert([...])
 9 SYSTEMPATH/CodeIgniter.php(934): App\Controllers\Cliente->create()
10 SYSTEMPATH/CodeIgniter.php(499): CodeIgniter\CodeIgniter->runController(Object(App\Controllers\Cliente))
11 SYSTEMPATH/CodeIgniter.php(368): CodeIgniter\CodeIgniter->handleRequest(null, Object(Config\Cache), false)
12 FCPATH/index.php(67): CodeIgniter\CodeIgniter->run()
ERROR - 2024-05-26 23:08:21 --> mysqli_sql_exception: Duplicate entry '4' for key 'unq_cliente_clie_usua_id' in /home/app/public_html/panca/system/Database/MySQLi/Connection.php:295
Stack trace:
#0 /home/app/public_html/panca/system/Database/MySQLi/Connection.php(295): mysqli->query('INSERT INTO `cl...', 0)
#1 /home/app/public_html/panca/system/Database/BaseConnection.php(691): CodeIgniter\Database\MySQLi\Connection->execute('INSERT INTO `cl...')
#2 /home/app/public_html/panca/system/Database/BaseConnection.php(605): CodeIgniter\Database\BaseConnection->simpleQuery('INSERT INTO `cl...')
#3 /home/app/public_html/panca/system/Database/BaseBuilder.php(2309): CodeIgniter\Database\BaseConnection->query('INSERT INTO `cl...', Array, false)
#4 /home/app/public_html/panca/system/Model.php(330): CodeIgniter\Database\BaseBuilder->insert()
#5 /home/app/public_html/panca/system/BaseModel.php(782): CodeIgniter\Model->doInsert(Array)
#6 /home/app/public_html/panca/system/Model.php(730): CodeIgniter\BaseModel->insert(Array, true)
#7 /home/app/public_html/panca/app/Controllers/Cliente.php(146): CodeIgniter\Model->insert(Array)
#8 /home/app/public_html/panca/system/CodeIgniter.php(934): App\Controllers\Cliente->create()
#9 /home/app/public_html/panca/system/CodeIgniter.php(499): CodeIgniter\CodeIgniter->runController(Object(App\Controllers\Cliente))
#10 /home/app/public_html/panca/system/CodeIgniter.php(368): CodeIgniter\CodeIgniter->handleRequest(NULL, Object(Config\Cache), false)
#11 /home/app/public_html/panca/index.php(67): CodeIgniter\CodeIgniter->run()
#12 {main}
CRITICAL - 2024-05-26 23:08:21 --> Duplicate entry '4' for key 'unq_cliente_clie_usua_id'
in SYSTEMPATH/Database/MySQLi/Connection.php on line 295.
 1 SYSTEMPATH/Database/MySQLi/Connection.php(295): mysqli->query('INSERT INTO `cliente` (`clie_usua_id`, `clie_nombres`, `clie_apellidos`, `clie_dni`, `clie_celular`, `clie_correo`, `clie_foto`, `clie_direccion`) VALUES (\'4\', \'asd\', \'asd\', \'123\', \'123\', \'d@g.com\', \'xd.png\', \'jr. asd\')', 0)
 2 SYSTEMPATH/Database/BaseConnection.php(691): CodeIgniter\Database\MySQLi\Connection->execute('INSERT INTO `cliente` (`clie_usua_id`, `clie_nombres`, `clie_apellidos`, `clie_dni`, `clie_celular`, `clie_correo`, `clie_foto`, `clie_direccion`) VALUES (\'4\', \'asd\', \'asd\', \'123\', \'123\', \'d@g.com\', \'xd.png\', \'jr. asd\')')
 3 SYSTEMPATH/Database/BaseConnection.php(605): CodeIgniter\Database\BaseConnection->simpleQuery('INSERT INTO `cliente` (`clie_usua_id`, `clie_nombres`, `clie_apellidos`, `clie_dni`, `clie_celular`, `clie_correo`, `clie_foto`, `clie_direccion`) VALUES (\'4\', \'asd\', \'asd\', \'123\', \'123\', \'d@g.com\', \'xd.png\', \'jr. asd\')')
 4 SYSTEMPATH/Database/BaseBuilder.php(2309): CodeIgniter\Database\BaseConnection->query('INSERT INTO `cliente` (`clie_usua_id`, `clie_nombres`, `clie_apellidos`, `clie_dni`, `clie_celular`, `clie_correo`, `clie_foto`, `clie_direccion`) VALUES (:clie_usua_id:, :clie_nombres:, :clie_apellidos:, :clie_dni:, :clie_celular:, :clie_correo:, :clie_foto:, :clie_direccion:)', [...], false)
 5 SYSTEMPATH/Model.php(330): CodeIgniter\Database\BaseBuilder->insert()
 6 SYSTEMPATH/BaseModel.php(782): CodeIgniter\Model->doInsert([...])
 7 SYSTEMPATH/Model.php(730): CodeIgniter\BaseModel->insert([...], true)
 8 APPPATH/Controllers/Cliente.php(146): CodeIgniter\Model->insert([...])
 9 SYSTEMPATH/CodeIgniter.php(934): App\Controllers\Cliente->create()
10 SYSTEMPATH/CodeIgniter.php(499): CodeIgniter\CodeIgniter->runController(Object(App\Controllers\Cliente))
11 SYSTEMPATH/CodeIgniter.php(368): CodeIgniter\CodeIgniter->handleRequest(null, Object(Config\Cache), false)
12 FCPATH/index.php(67): CodeIgniter\CodeIgniter->run()
ERROR - 2024-05-26 23:28:00 --> mysqli_sql_exception: Duplicate entry '109' for key 'unq_cliente_clie_usua_id' in /home/app/public_html/panca/system/Database/MySQLi/Connection.php:295
Stack trace:
#0 /home/app/public_html/panca/system/Database/MySQLi/Connection.php(295): mysqli->query('INSERT INTO `cl...', 0)
#1 /home/app/public_html/panca/system/Database/BaseConnection.php(691): CodeIgniter\Database\MySQLi\Connection->execute('INSERT INTO `cl...')
#2 /home/app/public_html/panca/system/Database/BaseConnection.php(605): CodeIgniter\Database\BaseConnection->simpleQuery('INSERT INTO `cl...')
#3 /home/app/public_html/panca/system/Database/BaseBuilder.php(2309): CodeIgniter\Database\BaseConnection->query('INSERT INTO `cl...', Array, false)
#4 /home/app/public_html/panca/system/Model.php(330): CodeIgniter\Database\BaseBuilder->insert()
#5 /home/app/public_html/panca/system/BaseModel.php(782): CodeIgniter\Model->doInsert(Array)
#6 /home/app/public_html/panca/system/Model.php(730): CodeIgniter\BaseModel->insert(Array, true)
#7 /home/app/public_html/panca/app/Controllers/Cliente.php(146): CodeIgniter\Model->insert(Array)
#8 /home/app/public_html/panca/system/CodeIgniter.php(934): App\Controllers\Cliente->create()
#9 /home/app/public_html/panca/system/CodeIgniter.php(499): CodeIgniter\CodeIgniter->runController(Object(App\Controllers\Cliente))
#10 /home/app/public_html/panca/system/CodeIgniter.php(368): CodeIgniter\CodeIgniter->handleRequest(NULL, Object(Config\Cache), false)
#11 /home/app/public_html/panca/index.php(67): CodeIgniter\CodeIgniter->run()
#12 {main}
CRITICAL - 2024-05-26 23:28:00 --> Duplicate entry '109' for key 'unq_cliente_clie_usua_id'
in SYSTEMPATH/Database/MySQLi/Connection.php on line 295.
 1 SYSTEMPATH/Database/MySQLi/Connection.php(295): mysqli->query('INSERT INTO `cliente` (`clie_usua_id`, `clie_nombres`, `clie_apellidos`, `clie_dni`, `clie_celular`, `clie_correo`, `clie_foto`, `clie_direccion`) VALUES (\'109\', \'Genevieve Brekke\', \'Wuckert\', \'421\', \'962822212\', \'Miguel.Runolfsson@gmail.com\', \'https://cdn.fakercloud.com/avatars/marciotoledo_128.jpg\', \'665 Rohan Viaduct\')', 0)
 2 SYSTEMPATH/Database/BaseConnection.php(691): CodeIgniter\Database\MySQLi\Connection->execute('INSERT INTO `cliente` (`clie_usua_id`, `clie_nombres`, `clie_apellidos`, `clie_dni`, `clie_celular`, `clie_correo`, `clie_foto`, `clie_direccion`) VALUES (\'109\', \'Genevieve Brekke\', \'Wuckert\', \'421\', \'962822212\', \'Miguel.Runolfsson@gmail.com\', \'https://cdn.fakercloud.com/avatars/marciotoledo_128.jpg\', \'665 Rohan Viaduct\')')
 3 SYSTEMPATH/Database/BaseConnection.php(605): CodeIgniter\Database\BaseConnection->simpleQuery('INSERT INTO `cliente` (`clie_usua_id`, `clie_nombres`, `clie_apellidos`, `clie_dni`, `clie_celular`, `clie_correo`, `clie_foto`, `clie_direccion`) VALUES (\'109\', \'Genevieve Brekke\', \'Wuckert\', \'421\', \'962822212\', \'Miguel.Runolfsson@gmail.com\', \'https://cdn.fakercloud.com/avatars/marciotoledo_128.jpg\', \'665 Rohan Viaduct\')')
 4 SYSTEMPATH/Database/BaseBuilder.php(2309): CodeIgniter\Database\BaseConnection->query('INSERT INTO `cliente` (`clie_usua_id`, `clie_nombres`, `clie_apellidos`, `clie_dni`, `clie_celular`, `clie_correo`, `clie_foto`, `clie_direccion`) VALUES (:clie_usua_id:, :clie_nombres:, :clie_apellidos:, :clie_dni:, :clie_celular:, :clie_correo:, :clie_foto:, :clie_direccion:)', [...], false)
 5 SYSTEMPATH/Model.php(330): CodeIgniter\Database\BaseBuilder->insert()
 6 SYSTEMPATH/BaseModel.php(782): CodeIgniter\Model->doInsert([...])
 7 SYSTEMPATH/Model.php(730): CodeIgniter\BaseModel->insert([...], true)
 8 APPPATH/Controllers/Cliente.php(146): CodeIgniter\Model->insert([...])
 9 SYSTEMPATH/CodeIgniter.php(934): App\Controllers\Cliente->create()
10 SYSTEMPATH/CodeIgniter.php(499): CodeIgniter\CodeIgniter->runController(Object(App\Controllers\Cliente))
11 SYSTEMPATH/CodeIgniter.php(368): CodeIgniter\CodeIgniter->handleRequest(null, Object(Config\Cache), false)
12 FCPATH/index.php(67): CodeIgniter\CodeIgniter->run()
ERROR - 2024-05-26 23:28:03 --> mysqli_sql_exception: Duplicate entry '109' for key 'unq_cliente_clie_usua_id' in /home/app/public_html/panca/system/Database/MySQLi/Connection.php:295
Stack trace:
#0 /home/app/public_html/panca/system/Database/MySQLi/Connection.php(295): mysqli->query('INSERT INTO `cl...', 0)
#1 /home/app/public_html/panca/system/Database/BaseConnection.php(691): CodeIgniter\Database\MySQLi\Connection->execute('INSERT INTO `cl...')
#2 /home/app/public_html/panca/system/Database/BaseConnection.php(605): CodeIgniter\Database\BaseConnection->simpleQuery('INSERT INTO `cl...')
#3 /home/app/public_html/panca/system/Database/BaseBuilder.php(2309): CodeIgniter\Database\BaseConnection->query('INSERT INTO `cl...', Array, false)
#4 /home/app/public_html/panca/system/Model.php(330): CodeIgniter\Database\BaseBuilder->insert()
#5 /home/app/public_html/panca/system/BaseModel.php(782): CodeIgniter\Model->doInsert(Array)
#6 /home/app/public_html/panca/system/Model.php(730): CodeIgniter\BaseModel->insert(Array, true)
#7 /home/app/public_html/panca/app/Controllers/Cliente.php(146): CodeIgniter\Model->insert(Array)
#8 /home/app/public_html/panca/system/CodeIgniter.php(934): App\Controllers\Cliente->create()
#9 /home/app/public_html/panca/system/CodeIgniter.php(499): CodeIgniter\CodeIgniter->runController(Object(App\Controllers\Cliente))
#10 /home/app/public_html/panca/system/CodeIgniter.php(368): CodeIgniter\CodeIgniter->handleRequest(NULL, Object(Config\Cache), false)
#11 /home/app/public_html/panca/index.php(67): CodeIgniter\CodeIgniter->run()
#12 {main}
CRITICAL - 2024-05-26 23:28:03 --> Duplicate entry '109' for key 'unq_cliente_clie_usua_id'
in SYSTEMPATH/Database/MySQLi/Connection.php on line 295.
 1 SYSTEMPATH/Database/MySQLi/Connection.php(295): mysqli->query('INSERT INTO `cliente` (`clie_usua_id`, `clie_nombres`, `clie_apellidos`, `clie_dni`, `clie_celular`, `clie_correo`, `clie_foto`, `clie_direccion`) VALUES (\'109\', \'Stacey Kunde Jr.\', \'Ziemann\', \'303\', \'962822212\', \'Alene98@gmail.com\', \'https://cdn.fakercloud.com/avatars/victor_haydin_128.jpg\', \'744 Shirley Plains\')', 0)
 2 SYSTEMPATH/Database/BaseConnection.php(691): CodeIgniter\Database\MySQLi\Connection->execute('INSERT INTO `cliente` (`clie_usua_id`, `clie_nombres`, `clie_apellidos`, `clie_dni`, `clie_celular`, `clie_correo`, `clie_foto`, `clie_direccion`) VALUES (\'109\', \'Stacey Kunde Jr.\', \'Ziemann\', \'303\', \'962822212\', \'Alene98@gmail.com\', \'https://cdn.fakercloud.com/avatars/victor_haydin_128.jpg\', \'744 Shirley Plains\')')
 3 SYSTEMPATH/Database/BaseConnection.php(605): CodeIgniter\Database\BaseConnection->simpleQuery('INSERT INTO `cliente` (`clie_usua_id`, `clie_nombres`, `clie_apellidos`, `clie_dni`, `clie_celular`, `clie_correo`, `clie_foto`, `clie_direccion`) VALUES (\'109\', \'Stacey Kunde Jr.\', \'Ziemann\', \'303\', \'962822212\', \'Alene98@gmail.com\', \'https://cdn.fakercloud.com/avatars/victor_haydin_128.jpg\', \'744 Shirley Plains\')')
 4 SYSTEMPATH/Database/BaseBuilder.php(2309): CodeIgniter\Database\BaseConnection->query('INSERT INTO `cliente` (`clie_usua_id`, `clie_nombres`, `clie_apellidos`, `clie_dni`, `clie_celular`, `clie_correo`, `clie_foto`, `clie_direccion`) VALUES (:clie_usua_id:, :clie_nombres:, :clie_apellidos:, :clie_dni:, :clie_celular:, :clie_correo:, :clie_foto:, :clie_direccion:)', [...], false)
 5 SYSTEMPATH/Model.php(330): CodeIgniter\Database\BaseBuilder->insert()
 6 SYSTEMPATH/BaseModel.php(782): CodeIgniter\Model->doInsert([...])
 7 SYSTEMPATH/Model.php(730): CodeIgniter\BaseModel->insert([...], true)
 8 APPPATH/Controllers/Cliente.php(146): CodeIgniter\Model->insert([...])
 9 SYSTEMPATH/CodeIgniter.php(934): App\Controllers\Cliente->create()
10 SYSTEMPATH/CodeIgniter.php(499): CodeIgniter\CodeIgniter->runController(Object(App\Controllers\Cliente))
11 SYSTEMPATH/CodeIgniter.php(368): CodeIgniter\CodeIgniter->handleRequest(null, Object(Config\Cache), false)
12 FCPATH/index.php(67): CodeIgniter\CodeIgniter->run()
ERROR - 2024-05-26 23:28:24 --> mysqli_sql_exception: Duplicate entry '109' for key 'unq_cliente_clie_usua_id' in /home/app/public_html/panca/system/Database/MySQLi/Connection.php:295
Stack trace:
#0 /home/app/public_html/panca/system/Database/MySQLi/Connection.php(295): mysqli->query('INSERT INTO `cl...', 0)
#1 /home/app/public_html/panca/system/Database/BaseConnection.php(691): CodeIgniter\Database\MySQLi\Connection->execute('INSERT INTO `cl...')
#2 /home/app/public_html/panca/system/Database/BaseConnection.php(605): CodeIgniter\Database\BaseConnection->simpleQuery('INSERT INTO `cl...')
#3 /home/app/public_html/panca/system/Database/BaseBuilder.php(2309): CodeIgniter\Database\BaseConnection->query('INSERT INTO `cl...', Array, false)
#4 /home/app/public_html/panca/system/Model.php(330): CodeIgniter\Database\BaseBuilder->insert()
#5 /home/app/public_html/panca/system/BaseModel.php(782): CodeIgniter\Model->doInsert(Array)
#6 /home/app/public_html/panca/system/Model.php(730): CodeIgniter\BaseModel->insert(Array, true)
#7 /home/app/public_html/panca/app/Controllers/Cliente.php(146): CodeIgniter\Model->insert(Array)
#8 /home/app/public_html/panca/system/CodeIgniter.php(934): App\Controllers\Cliente->create()
#9 /home/app/public_html/panca/system/CodeIgniter.php(499): CodeIgniter\CodeIgniter->runController(Object(App\Controllers\Cliente))
#10 /home/app/public_html/panca/system/CodeIgniter.php(368): CodeIgniter\CodeIgniter->handleRequest(NULL, Object(Config\Cache), false)
#11 /home/app/public_html/panca/index.php(67): CodeIgniter\CodeIgniter->run()
#12 {main}
CRITICAL - 2024-05-26 23:28:24 --> Duplicate entry '109' for key 'unq_cliente_clie_usua_id'
in SYSTEMPATH/Database/MySQLi/Connection.php on line 295.
 1 SYSTEMPATH/Database/MySQLi/Connection.php(295): mysqli->query('INSERT INTO `cliente` (`clie_usua_id`, `clie_nombres`, `clie_apellidos`, `clie_dni`, `clie_celular`, `clie_correo`, `clie_foto`, `clie_direccion`) VALUES (\'109\', \'Derrick Brakus\', \'Leannon\', \'584\', \'962822212\', \'Magdalen81@hotmail.com\', \'https://cdn.fakercloud.com/avatars/homka_128.jpg\', \'48788 Gorczany Point\')', 0)
 2 SYSTEMPATH/Database/BaseConnection.php(691): CodeIgniter\Database\MySQLi\Connection->execute('INSERT INTO `cliente` (`clie_usua_id`, `clie_nombres`, `clie_apellidos`, `clie_dni`, `clie_celular`, `clie_correo`, `clie_foto`, `clie_direccion`) VALUES (\'109\', \'Derrick Brakus\', \'Leannon\', \'584\', \'962822212\', \'Magdalen81@hotmail.com\', \'https://cdn.fakercloud.com/avatars/homka_128.jpg\', \'48788 Gorczany Point\')')
 3 SYSTEMPATH/Database/BaseConnection.php(605): CodeIgniter\Database\BaseConnection->simpleQuery('INSERT INTO `cliente` (`clie_usua_id`, `clie_nombres`, `clie_apellidos`, `clie_dni`, `clie_celular`, `clie_correo`, `clie_foto`, `clie_direccion`) VALUES (\'109\', \'Derrick Brakus\', \'Leannon\', \'584\', \'962822212\', \'Magdalen81@hotmail.com\', \'https://cdn.fakercloud.com/avatars/homka_128.jpg\', \'48788 Gorczany Point\')')
 4 SYSTEMPATH/Database/BaseBuilder.php(2309): CodeIgniter\Database\BaseConnection->query('INSERT INTO `cliente` (`clie_usua_id`, `clie_nombres`, `clie_apellidos`, `clie_dni`, `clie_celular`, `clie_correo`, `clie_foto`, `clie_direccion`) VALUES (:clie_usua_id:, :clie_nombres:, :clie_apellidos:, :clie_dni:, :clie_celular:, :clie_correo:, :clie_foto:, :clie_direccion:)', [...], false)
 5 SYSTEMPATH/Model.php(330): CodeIgniter\Database\BaseBuilder->insert()
 6 SYSTEMPATH/BaseModel.php(782): CodeIgniter\Model->doInsert([...])
 7 SYSTEMPATH/Model.php(730): CodeIgniter\BaseModel->insert([...], true)
 8 APPPATH/Controllers/Cliente.php(146): CodeIgniter\Model->insert([...])
 9 SYSTEMPATH/CodeIgniter.php(934): App\Controllers\Cliente->create()
10 SYSTEMPATH/CodeIgniter.php(499): CodeIgniter\CodeIgniter->runController(Object(App\Controllers\Cliente))
11 SYSTEMPATH/CodeIgniter.php(368): CodeIgniter\CodeIgniter->handleRequest(null, Object(Config\Cache), false)
12 FCPATH/index.php(67): CodeIgniter\CodeIgniter->run()
ERROR - 2024-05-26 23:28:28 --> mysqli_sql_exception: Duplicate entry '109' for key 'unq_cliente_clie_usua_id' in /home/app/public_html/panca/system/Database/MySQLi/Connection.php:295
Stack trace:
#0 /home/app/public_html/panca/system/Database/MySQLi/Connection.php(295): mysqli->query('INSERT INTO `cl...', 0)
#1 /home/app/public_html/panca/system/Database/BaseConnection.php(691): CodeIgniter\Database\MySQLi\Connection->execute('INSERT INTO `cl...')
#2 /home/app/public_html/panca/system/Database/BaseConnection.php(605): CodeIgniter\Database\BaseConnection->simpleQuery('INSERT INTO `cl...')
#3 /home/app/public_html/panca/system/Database/BaseBuilder.php(2309): CodeIgniter\Database\BaseConnection->query('INSERT INTO `cl...', Array, false)
#4 /home/app/public_html/panca/system/Model.php(330): CodeIgniter\Database\BaseBuilder->insert()
#5 /home/app/public_html/panca/system/BaseModel.php(782): CodeIgniter\Model->doInsert(Array)
#6 /home/app/public_html/panca/system/Model.php(730): CodeIgniter\BaseModel->insert(Array, true)
#7 /home/app/public_html/panca/app/Controllers/Cliente.php(146): CodeIgniter\Model->insert(Array)
#8 /home/app/public_html/panca/system/CodeIgniter.php(934): App\Controllers\Cliente->create()
#9 /home/app/public_html/panca/system/CodeIgniter.php(499): CodeIgniter\CodeIgniter->runController(Object(App\Controllers\Cliente))
#10 /home/app/public_html/panca/system/CodeIgniter.php(368): CodeIgniter\CodeIgniter->handleRequest(NULL, Object(Config\Cache), false)
#11 /home/app/public_html/panca/index.php(67): CodeIgniter\CodeIgniter->run()
#12 {main}
CRITICAL - 2024-05-26 23:28:28 --> Duplicate entry '109' for key 'unq_cliente_clie_usua_id'
in SYSTEMPATH/Database/MySQLi/Connection.php on line 295.
 1 SYSTEMPATH/Database/MySQLi/Connection.php(295): mysqli->query('INSERT INTO `cliente` (`clie_usua_id`, `clie_nombres`, `clie_apellidos`, `clie_dni`, `clie_celular`, `clie_correo`, `clie_foto`, `clie_direccion`) VALUES (\'109\', \'Shannon McLaughlin\', \'Graham\', \'334\', \'962822212\', \'Jamil.Harvey@yahoo.com\', \'https://cdn.fakercloud.com/avatars/michzen_128.jpg\', \'2252 Celestino Spurs\')', 0)
 2 SYSTEMPATH/Database/BaseConnection.php(691): CodeIgniter\Database\MySQLi\Connection->execute('INSERT INTO `cliente` (`clie_usua_id`, `clie_nombres`, `clie_apellidos`, `clie_dni`, `clie_celular`, `clie_correo`, `clie_foto`, `clie_direccion`) VALUES (\'109\', \'Shannon McLaughlin\', \'Graham\', \'334\', \'962822212\', \'Jamil.Harvey@yahoo.com\', \'https://cdn.fakercloud.com/avatars/michzen_128.jpg\', \'2252 Celestino Spurs\')')
 3 SYSTEMPATH/Database/BaseConnection.php(605): CodeIgniter\Database\BaseConnection->simpleQuery('INSERT INTO `cliente` (`clie_usua_id`, `clie_nombres`, `clie_apellidos`, `clie_dni`, `clie_celular`, `clie_correo`, `clie_foto`, `clie_direccion`) VALUES (\'109\', \'Shannon McLaughlin\', \'Graham\', \'334\', \'962822212\', \'Jamil.Harvey@yahoo.com\', \'https://cdn.fakercloud.com/avatars/michzen_128.jpg\', \'2252 Celestino Spurs\')')
 4 SYSTEMPATH/Database/BaseBuilder.php(2309): CodeIgniter\Database\BaseConnection->query('INSERT INTO `cliente` (`clie_usua_id`, `clie_nombres`, `clie_apellidos`, `clie_dni`, `clie_celular`, `clie_correo`, `clie_foto`, `clie_direccion`) VALUES (:clie_usua_id:, :clie_nombres:, :clie_apellidos:, :clie_dni:, :clie_celular:, :clie_correo:, :clie_foto:, :clie_direccion:)', [...], false)
 5 SYSTEMPATH/Model.php(330): CodeIgniter\Database\BaseBuilder->insert()
 6 SYSTEMPATH/BaseModel.php(782): CodeIgniter\Model->doInsert([...])
 7 SYSTEMPATH/Model.php(730): CodeIgniter\BaseModel->insert([...], true)
 8 APPPATH/Controllers/Cliente.php(146): CodeIgniter\Model->insert([...])
 9 SYSTEMPATH/CodeIgniter.php(934): App\Controllers\Cliente->create()
10 SYSTEMPATH/CodeIgniter.php(499): CodeIgniter\CodeIgniter->runController(Object(App\Controllers\Cliente))
11 SYSTEMPATH/CodeIgniter.php(368): CodeIgniter\CodeIgniter->handleRequest(null, Object(Config\Cache), false)
12 FCPATH/index.php(67): CodeIgniter\CodeIgniter->run()
ERROR - 2024-05-26 23:28:47 --> mysqli_sql_exception: Duplicate entry '109' for key 'unq_cliente_clie_usua_id' in /home/app/public_html/panca/system/Database/MySQLi/Connection.php:295
Stack trace:
#0 /home/app/public_html/panca/system/Database/MySQLi/Connection.php(295): mysqli->query('INSERT INTO `cl...', 0)
#1 /home/app/public_html/panca/system/Database/BaseConnection.php(691): CodeIgniter\Database\MySQLi\Connection->execute('INSERT INTO `cl...')
#2 /home/app/public_html/panca/system/Database/BaseConnection.php(605): CodeIgniter\Database\BaseConnection->simpleQuery('INSERT INTO `cl...')
#3 /home/app/public_html/panca/system/Database/BaseBuilder.php(2309): CodeIgniter\Database\BaseConnection->query('INSERT INTO `cl...', Array, false)
#4 /home/app/public_html/panca/system/Model.php(330): CodeIgniter\Database\BaseBuilder->insert()
#5 /home/app/public_html/panca/system/BaseModel.php(782): CodeIgniter\Model->doInsert(Array)
#6 /home/app/public_html/panca/system/Model.php(730): CodeIgniter\BaseModel->insert(Array, true)
#7 /home/app/public_html/panca/app/Controllers/Cliente.php(146): CodeIgniter\Model->insert(Array)
#8 /home/app/public_html/panca/system/CodeIgniter.php(934): App\Controllers\Cliente->create()
#9 /home/app/public_html/panca/system/CodeIgniter.php(499): CodeIgniter\CodeIgniter->runController(Object(App\Controllers\Cliente))
#10 /home/app/public_html/panca/system/CodeIgniter.php(368): CodeIgniter\CodeIgniter->handleRequest(NULL, Object(Config\Cache), false)
#11 /home/app/public_html/panca/index.php(67): CodeIgniter\CodeIgniter->run()
#12 {main}
CRITICAL - 2024-05-26 23:28:47 --> Duplicate entry '109' for key 'unq_cliente_clie_usua_id'
in SYSTEMPATH/Database/MySQLi/Connection.php on line 295.
 1 SYSTEMPATH/Database/MySQLi/Connection.php(295): mysqli->query('INSERT INTO `cliente` (`clie_usua_id`, `clie_nombres`, `clie_apellidos`, `clie_dni`, `clie_celular`, `clie_correo`, `clie_foto`, `clie_direccion`) VALUES (\'109\', \'Lora Kutch\', \'Denesik\', \'43\', \'962822212\', \'Tillman_Littel@gmail.com\', \'https://cdn.fakercloud.com/avatars/hermanobrother_128.jpg\', \'17866 Lyric Club\')', 0)
 2 SYSTEMPATH/Database/BaseConnection.php(691): CodeIgniter\Database\MySQLi\Connection->execute('INSERT INTO `cliente` (`clie_usua_id`, `clie_nombres`, `clie_apellidos`, `clie_dni`, `clie_celular`, `clie_correo`, `clie_foto`, `clie_direccion`) VALUES (\'109\', \'Lora Kutch\', \'Denesik\', \'43\', \'962822212\', \'Tillman_Littel@gmail.com\', \'https://cdn.fakercloud.com/avatars/hermanobrother_128.jpg\', \'17866 Lyric Club\')')
 3 SYSTEMPATH/Database/BaseConnection.php(605): CodeIgniter\Database\BaseConnection->simpleQuery('INSERT INTO `cliente` (`clie_usua_id`, `clie_nombres`, `clie_apellidos`, `clie_dni`, `clie_celular`, `clie_correo`, `clie_foto`, `clie_direccion`) VALUES (\'109\', \'Lora Kutch\', \'Denesik\', \'43\', \'962822212\', \'Tillman_Littel@gmail.com\', \'https://cdn.fakercloud.com/avatars/hermanobrother_128.jpg\', \'17866 Lyric Club\')')
 4 SYSTEMPATH/Database/BaseBuilder.php(2309): CodeIgniter\Database\BaseConnection->query('INSERT INTO `cliente` (`clie_usua_id`, `clie_nombres`, `clie_apellidos`, `clie_dni`, `clie_celular`, `clie_correo`, `clie_foto`, `clie_direccion`) VALUES (:clie_usua_id:, :clie_nombres:, :clie_apellidos:, :clie_dni:, :clie_celular:, :clie_correo:, :clie_foto:, :clie_direccion:)', [...], false)
 5 SYSTEMPATH/Model.php(330): CodeIgniter\Database\BaseBuilder->insert()
 6 SYSTEMPATH/BaseModel.php(782): CodeIgniter\Model->doInsert([...])
 7 SYSTEMPATH/Model.php(730): CodeIgniter\BaseModel->insert([...], true)
 8 APPPATH/Controllers/Cliente.php(146): CodeIgniter\Model->insert([...])
 9 SYSTEMPATH/CodeIgniter.php(934): App\Controllers\Cliente->create()
10 SYSTEMPATH/CodeIgniter.php(499): CodeIgniter\CodeIgniter->runController(Object(App\Controllers\Cliente))
11 SYSTEMPATH/CodeIgniter.php(368): CodeIgniter\CodeIgniter->handleRequest(null, Object(Config\Cache), false)
12 FCPATH/index.php(67): CodeIgniter\CodeIgniter->run()
ERROR - 2024-05-26 23:29:32 --> mysqli_sql_exception: Duplicate entry '109' for key 'unq_cliente_clie_usua_id' in /home/app/public_html/panca/system/Database/MySQLi/Connection.php:295
Stack trace:
#0 /home/app/public_html/panca/system/Database/MySQLi/Connection.php(295): mysqli->query('INSERT INTO `cl...', 0)
#1 /home/app/public_html/panca/system/Database/BaseConnection.php(691): CodeIgniter\Database\MySQLi\Connection->execute('INSERT INTO `cl...')
#2 /home/app/public_html/panca/system/Database/BaseConnection.php(605): CodeIgniter\Database\BaseConnection->simpleQuery('INSERT INTO `cl...')
#3 /home/app/public_html/panca/system/Database/BaseBuilder.php(2309): CodeIgniter\Database\BaseConnection->query('INSERT INTO `cl...', Array, false)
#4 /home/app/public_html/panca/system/Model.php(330): CodeIgniter\Database\BaseBuilder->insert()
#5 /home/app/public_html/panca/system/BaseModel.php(782): CodeIgniter\Model->doInsert(Array)
#6 /home/app/public_html/panca/system/Model.php(730): CodeIgniter\BaseModel->insert(Array, true)
#7 /home/app/public_html/panca/app/Controllers/Cliente.php(146): CodeIgniter\Model->insert(Array)
#8 /home/app/public_html/panca/system/CodeIgniter.php(934): App\Controllers\Cliente->create()
#9 /home/app/public_html/panca/system/CodeIgniter.php(499): CodeIgniter\CodeIgniter->runController(Object(App\Controllers\Cliente))
#10 /home/app/public_html/panca/system/CodeIgniter.php(368): CodeIgniter\CodeIgniter->handleRequest(NULL, Object(Config\Cache), false)
#11 /home/app/public_html/panca/index.php(67): CodeIgniter\CodeIgniter->run()
#12 {main}
CRITICAL - 2024-05-26 23:29:32 --> Duplicate entry '109' for key 'unq_cliente_clie_usua_id'
in SYSTEMPATH/Database/MySQLi/Connection.php on line 295.
 1 SYSTEMPATH/Database/MySQLi/Connection.php(295): mysqli->query('INSERT INTO `cliente` (`clie_usua_id`, `clie_nombres`, `clie_apellidos`, `clie_dni`, `clie_celular`, `clie_correo`, `clie_foto`, `clie_direccion`) VALUES (\'109\', \'Mrs. Raymond Mosciski\', \'Kihn\', \'15\', \'962822212\', \'Maiya.Volkman@gmail.com\', \'https://cdn.fakercloud.com/avatars/timothycd_128.jpg\', \'3620 Macejkovic Shoal\')', 0)
 2 SYSTEMPATH/Database/BaseConnection.php(691): CodeIgniter\Database\MySQLi\Connection->execute('INSERT INTO `cliente` (`clie_usua_id`, `clie_nombres`, `clie_apellidos`, `clie_dni`, `clie_celular`, `clie_correo`, `clie_foto`, `clie_direccion`) VALUES (\'109\', \'Mrs. Raymond Mosciski\', \'Kihn\', \'15\', \'962822212\', \'Maiya.Volkman@gmail.com\', \'https://cdn.fakercloud.com/avatars/timothycd_128.jpg\', \'3620 Macejkovic Shoal\')')
 3 SYSTEMPATH/Database/BaseConnection.php(605): CodeIgniter\Database\BaseConnection->simpleQuery('INSERT INTO `cliente` (`clie_usua_id`, `clie_nombres`, `clie_apellidos`, `clie_dni`, `clie_celular`, `clie_correo`, `clie_foto`, `clie_direccion`) VALUES (\'109\', \'Mrs. Raymond Mosciski\', \'Kihn\', \'15\', \'962822212\', \'Maiya.Volkman@gmail.com\', \'https://cdn.fakercloud.com/avatars/timothycd_128.jpg\', \'3620 Macejkovic Shoal\')')
 4 SYSTEMPATH/Database/BaseBuilder.php(2309): CodeIgniter\Database\BaseConnection->query('INSERT INTO `cliente` (`clie_usua_id`, `clie_nombres`, `clie_apellidos`, `clie_dni`, `clie_celular`, `clie_correo`, `clie_foto`, `clie_direccion`) VALUES (:clie_usua_id:, :clie_nombres:, :clie_apellidos:, :clie_dni:, :clie_celular:, :clie_correo:, :clie_foto:, :clie_direccion:)', [...], false)
 5 SYSTEMPATH/Model.php(330): CodeIgniter\Database\BaseBuilder->insert()
 6 SYSTEMPATH/BaseModel.php(782): CodeIgniter\Model->doInsert([...])
 7 SYSTEMPATH/Model.php(730): CodeIgniter\BaseModel->insert([...], true)
 8 APPPATH/Controllers/Cliente.php(146): CodeIgniter\Model->insert([...])
 9 SYSTEMPATH/CodeIgniter.php(934): App\Controllers\Cliente->create()
10 SYSTEMPATH/CodeIgniter.php(499): CodeIgniter\CodeIgniter->runController(Object(App\Controllers\Cliente))
11 SYSTEMPATH/CodeIgniter.php(368): CodeIgniter\CodeIgniter->handleRequest(null, Object(Config\Cache), false)
12 FCPATH/index.php(67): CodeIgniter\CodeIgniter->run()
