ERROR - 2024-06-18 14:38:47 --> Error connecting to the database: Error: Class 'SQLite3' not found in C:\xampp\htdocs\pancapp-backend\system\Database\SQLite3\Connection.php:89
Stack trace:
#0 C:\xampp\htdocs\pancapp-backend\system\Database\BaseConnection.php(391): CodeIgniter\Database\SQLite3\Connection->connect(false)
#1 C:\xampp\htdocs\pancapp-backend\system\Database\SQLite3\Connection.php(59): CodeIgniter\Database\BaseConnection->initialize()
#2 C:\xampp\htdocs\pancapp-backend\system\Test\DatabaseTestTrait.php(74): CodeIgniter\Database\SQLite3\Connection->initialize()
#3 C:\xampp\htdocs\pancapp-backend\system\Test\DatabaseTestTrait.php(54): ExampleDatabaseTest->loadDependencies()
#4 C:\xampp\htdocs\pancapp-backend\system\Test\CIUnitTestCase.php(248): ExampleDatabaseTest->setUpDatabase()
#5 C:\xampp\htdocs\pancapp-backend\vendor\phpunit\phpunit\src\Framework\TestCase.php(1024): CodeIgniter\Test\CIUnitTestCase->setUp()
#6 C:\xampp\htdocs\pancapp-backend\vendor\phpunit\phpunit\src\Framework\TestResult.php(688): PHPUnit\Framework\TestCase->runBare()
#7 C:\xampp\htdocs\pancapp-backend\vendor\phpunit\phpunit\src\Framework\TestCase.php(772): PHPUnit\Framework\TestResult->run(Object(ExampleDatabaseTest))
#8 C:\xampp\htdocs\pancapp-backend\vendor\phpunit\phpunit\src\Framework\TestSuite.php(639): PHPUnit\Framework\TestCase->run(Object(PHPUnit\Framework\TestResult))
#9 C:\xampp\htdocs\pancapp-backend\vendor\phpunit\phpunit\src\Framework\TestSuite.php(639): PHPUnit\Framework\TestSuite->run(Object(PHPUnit\Framework\TestResult))
#10 C:\xampp\htdocs\pancapp-backend\vendor\phpunit\phpunit\src\Framework\TestSuite.php(639): PHPUnit\Framework\TestSuite->run(Object(PHPUnit\Framework\TestResult))
#11 C:\xampp\htdocs\pancapp-backend\vendor\phpunit\phpunit\src\TextUI\TestRunner.php(653): PHPUnit\Framework\TestSuite->run(Object(PHPUnit\Framework\TestResult))
#12 C:\xampp\htdocs\pancapp-backend\vendor\phpunit\phpunit\src\TextUI\Command.php(103): PHPUnit\TextUI\TestRunner->run(Object(PHPUnit\Framework\TestSuite), Array, true)
#13 C:\xampp\htdocs\pancapp-backend\vendor\phpunit\phpunit\src\TextUI\Command.php(63): PHPUnit\TextUI\Command->run(Array, true)
#14 phpvfscomposer://C:\xampp\htdocs\pancapp-backend\vendor\phpunit\phpunit\phpunit(60): PHPUnit\TextUI\Command::main()
#15 C:\xampp\htdocs\pancapp-backend\vendor\bin\phpunit(118): include('phpvfscomposer:...')
#16 {main}
ERROR - 2024-06-18 14:38:47 --> Error connecting to the database: Error: Class 'SQLite3' not found in C:\xampp\htdocs\pancapp-backend\system\Database\SQLite3\Connection.php:89
Stack trace:
#0 C:\xampp\htdocs\pancapp-backend\system\Database\BaseConnection.php(391): CodeIgniter\Database\SQLite3\Connection->connect(false)
#1 C:\xampp\htdocs\pancapp-backend\system\Database\SQLite3\Connection.php(59): CodeIgniter\Database\BaseConnection->initialize()
#2 C:\xampp\htdocs\pancapp-backend\system\Test\DatabaseTestTrait.php(74): CodeIgniter\Database\SQLite3\Connection->initialize()
#3 C:\xampp\htdocs\pancapp-backend\system\Test\DatabaseTestTrait.php(54): ExampleDatabaseTest->loadDependencies()
#4 C:\xampp\htdocs\pancapp-backend\system\Test\CIUnitTestCase.php(248): ExampleDatabaseTest->setUpDatabase()
#5 C:\xampp\htdocs\pancapp-backend\vendor\phpunit\phpunit\src\Framework\TestCase.php(1024): CodeIgniter\Test\CIUnitTestCase->setUp()
#6 C:\xampp\htdocs\pancapp-backend\vendor\phpunit\phpunit\src\Framework\TestResult.php(688): PHPUnit\Framework\TestCase->runBare()
#7 C:\xampp\htdocs\pancapp-backend\vendor\phpunit\phpunit\src\Framework\TestCase.php(772): PHPUnit\Framework\TestResult->run(Object(ExampleDatabaseTest))
#8 C:\xampp\htdocs\pancapp-backend\vendor\phpunit\phpunit\src\Framework\TestSuite.php(639): PHPUnit\Framework\TestCase->run(Object(PHPUnit\Framework\TestResult))
#9 C:\xampp\htdocs\pancapp-backend\vendor\phpunit\phpunit\src\Framework\TestSuite.php(639): PHPUnit\Framework\TestSuite->run(Object(PHPUnit\Framework\TestResult))
#10 C:\xampp\htdocs\pancapp-backend\vendor\phpunit\phpunit\src\Framework\TestSuite.php(639): PHPUnit\Framework\TestSuite->run(Object(PHPUnit\Framework\TestResult))
#11 C:\xampp\htdocs\pancapp-backend\vendor\phpunit\phpunit\src\TextUI\TestRunner.php(653): PHPUnit\Framework\TestSuite->run(Object(PHPUnit\Framework\TestResult))
#12 C:\xampp\htdocs\pancapp-backend\vendor\phpunit\phpunit\src\TextUI\Command.php(103): PHPUnit\TextUI\TestRunner->run(Object(PHPUnit\Framework\TestSuite), Array, true)
#13 C:\xampp\htdocs\pancapp-backend\vendor\phpunit\phpunit\src\TextUI\Command.php(63): PHPUnit\TextUI\Command->run(Array, true)
#14 phpvfscomposer://C:\xampp\htdocs\pancapp-backend\vendor\phpunit\phpunit\phpunit(60): PHPUnit\TextUI\Command::main()
#15 C:\xampp\htdocs\pancapp-backend\vendor\bin\phpunit(118): include('phpvfscomposer:...')
#16 {main}
ERROR - 2024-06-18 20:58:52 --> Error connecting to the database: Error: Class 'SQLite3' not found in C:\xampp\htdocs\pancapp-backend\system\Database\SQLite3\Connection.php:89
Stack trace:
#0 C:\xampp\htdocs\pancapp-backend\system\Database\BaseConnection.php(391): CodeIgniter\Database\SQLite3\Connection->connect(false)
#1 C:\xampp\htdocs\pancapp-backend\system\Database\SQLite3\Connection.php(59): CodeIgniter\Database\BaseConnection->initialize()
#2 C:\xampp\htdocs\pancapp-backend\system\Database\BaseConnection.php(573): CodeIgniter\Database\SQLite3\Connection->initialize()
#3 C:\xampp\htdocs\pancapp-backend\system\Database\BaseBuilder.php(1616): CodeIgniter\Database\BaseConnection->query('SELECT *\nFROM `...', Array, false)
#4 C:\xampp\htdocs\pancapp-backend\app\Models\ClienteModel.php(24): CodeIgniter\Database\BaseBuilder->get()
#5 C:\xampp\htdocs\pancapp-backend\app\Controllers\Login.php(13): App\Models\ClienteModel->getCliente()
#6 C:\xampp\htdocs\pancapp-backend\tests\controllers\LoginTest.php(20): App\Controllers\Login->create()
#7 C:\xampp\htdocs\pancapp-backend\vendor\phpunit\phpunit\src\Framework\TestCase.php(1414): LoginTest->testLoginSuccessful()
#8 C:\xampp\htdocs\pancapp-backend\vendor\phpunit\phpunit\src\Framework\TestCase.php(1031): PHPUnit\Framework\TestCase->runTest()
#9 C:\xampp\htdocs\pancapp-backend\vendor\phpunit\phpunit\src\Framework\TestResult.php(688): PHPUnit\Framework\TestCase->runBare()
#10 C:\xampp\htdocs\pancapp-backend\vendor\phpunit\phpunit\src\Framework\TestCase.php(772): PHPUnit\Framework\TestResult->run(Object(LoginTest))
#11 C:\xampp\htdocs\pancapp-backend\vendor\phpunit\phpunit\src\Framework\TestSuite.php(639): PHPUnit\Framework\TestCase->run(Object(PHPUnit\Framework\TestResult))
#12 C:\xampp\htdocs\pancapp-backend\vendor\phpunit\phpunit\src\Framework\TestSuite.php(639): PHPUnit\Framework\TestSuite->run(Object(PHPUnit\Framework\TestResult))
#13 C:\xampp\htdocs\pancapp-backend\vendor\phpunit\phpunit\src\Framework\TestSuite.php(639): PHPUnit\Framework\TestSuite->run(Object(PHPUnit\Framework\TestResult))
#14 C:\xampp\htdocs\pancapp-backend\vendor\phpunit\phpunit\src\TextUI\TestRunner.php(653): PHPUnit\Framework\TestSuite->run(Object(PHPUnit\Framework\TestResult))
#15 C:\xampp\htdocs\pancapp-backend\vendor\phpunit\phpunit\src\TextUI\Command.php(103): PHPUnit\TextUI\TestRunner->run(Object(PHPUnit\Framework\TestSuite), Array, true)
#16 C:\xampp\htdocs\pancapp-backend\vendor\phpunit\phpunit\src\TextUI\Command.php(63): PHPUnit\TextUI\Command->run(Array, true)
#17 phpvfscomposer://C:\xampp\htdocs\pancapp-backend\vendor\phpunit\phpunit\phpunit(60): PHPUnit\TextUI\Command::main()
#18 C:\xampp\htdocs\pancapp-backend\vendor\bin\phpunit(118): include('phpvfscomposer:...')
#19 {main}
ERROR - 2024-06-18 20:58:52 --> Error connecting to the database: Error: Class 'SQLite3' not found in C:\xampp\htdocs\pancapp-backend\system\Database\SQLite3\Connection.php:89
Stack trace:
#0 C:\xampp\htdocs\pancapp-backend\system\Database\BaseConnection.php(391): CodeIgniter\Database\SQLite3\Connection->connect(false)
#1 C:\xampp\htdocs\pancapp-backend\system\Database\SQLite3\Connection.php(59): CodeIgniter\Database\BaseConnection->initialize()
#2 C:\xampp\htdocs\pancapp-backend\system\Database\BaseConnection.php(573): CodeIgniter\Database\SQLite3\Connection->initialize()
#3 C:\xampp\htdocs\pancapp-backend\system\Database\BaseBuilder.php(1616): CodeIgniter\Database\BaseConnection->query('SELECT *\nFROM `...', Array, false)
#4 C:\xampp\htdocs\pancapp-backend\app\Models\ClienteModel.php(24): CodeIgniter\Database\BaseBuilder->get()
#5 C:\xampp\htdocs\pancapp-backend\app\Controllers\Login.php(13): App\Models\ClienteModel->getCliente()
#6 C:\xampp\htdocs\pancapp-backend\tests\controllers\LoginTest.php(29): App\Controllers\Login->create()
#7 C:\xampp\htdocs\pancapp-backend\vendor\phpunit\phpunit\src\Framework\TestCase.php(1414): LoginTest->testIncorrectUser()
#8 C:\xampp\htdocs\pancapp-backend\vendor\phpunit\phpunit\src\Framework\TestCase.php(1031): PHPUnit\Framework\TestCase->runTest()
#9 C:\xampp\htdocs\pancapp-backend\vendor\phpunit\phpunit\src\Framework\TestResult.php(688): PHPUnit\Framework\TestCase->runBare()
#10 C:\xampp\htdocs\pancapp-backend\vendor\phpunit\phpunit\src\Framework\TestCase.php(772): PHPUnit\Framework\TestResult->run(Object(LoginTest))
#11 C:\xampp\htdocs\pancapp-backend\vendor\phpunit\phpunit\src\Framework\TestSuite.php(639): PHPUnit\Framework\TestCase->run(Object(PHPUnit\Framework\TestResult))
#12 C:\xampp\htdocs\pancapp-backend\vendor\phpunit\phpunit\src\Framework\TestSuite.php(639): PHPUnit\Framework\TestSuite->run(Object(PHPUnit\Framework\TestResult))
#13 C:\xampp\htdocs\pancapp-backend\vendor\phpunit\phpunit\src\Framework\TestSuite.php(639): PHPUnit\Framework\TestSuite->run(Object(PHPUnit\Framework\TestResult))
#14 C:\xampp\htdocs\pancapp-backend\vendor\phpunit\phpunit\src\TextUI\TestRunner.php(653): PHPUnit\Framework\TestSuite->run(Object(PHPUnit\Framework\TestResult))
#15 C:\xampp\htdocs\pancapp-backend\vendor\phpunit\phpunit\src\TextUI\Command.php(103): PHPUnit\TextUI\TestRunner->run(Object(PHPUnit\Framework\TestSuite), Array, true)
#16 C:\xampp\htdocs\pancapp-backend\vendor\phpunit\phpunit\src\TextUI\Command.php(63): PHPUnit\TextUI\Command->run(Array, true)
#17 phpvfscomposer://C:\xampp\htdocs\pancapp-backend\vendor\phpunit\phpunit\phpunit(60): PHPUnit\TextUI\Command::main()
#18 C:\xampp\htdocs\pancapp-backend\vendor\bin\phpunit(118): include('phpvfscomposer:...')
#19 {main}
ERROR - 2024-06-18 20:58:52 --> Error connecting to the database: Error: Class 'SQLite3' not found in C:\xampp\htdocs\pancapp-backend\system\Database\SQLite3\Connection.php:89
Stack trace:
#0 C:\xampp\htdocs\pancapp-backend\system\Database\BaseConnection.php(391): CodeIgniter\Database\SQLite3\Connection->connect(false)
#1 C:\xampp\htdocs\pancapp-backend\system\Database\SQLite3\Connection.php(59): CodeIgniter\Database\BaseConnection->initialize()
#2 C:\xampp\htdocs\pancapp-backend\system\Database\BaseConnection.php(573): CodeIgniter\Database\SQLite3\Connection->initialize()
#3 C:\xampp\htdocs\pancapp-backend\system\Database\BaseBuilder.php(1616): CodeIgniter\Database\BaseConnection->query('SELECT *\nFROM `...', Array, false)
#4 C:\xampp\htdocs\pancapp-backend\app\Models\ClienteModel.php(24): CodeIgniter\Database\BaseBuilder->get()
#5 C:\xampp\htdocs\pancapp-backend\app\Controllers\Login.php(13): App\Models\ClienteModel->getCliente()
#6 C:\xampp\htdocs\pancapp-backend\tests\controllers\LoginTest.php(39): App\Controllers\Login->create()
#7 C:\xampp\htdocs\pancapp-backend\vendor\phpunit\phpunit\src\Framework\TestCase.php(1414): LoginTest->testIncorrectPassword()
#8 C:\xampp\htdocs\pancapp-backend\vendor\phpunit\phpunit\src\Framework\TestCase.php(1031): PHPUnit\Framework\TestCase->runTest()
#9 C:\xampp\htdocs\pancapp-backend\vendor\phpunit\phpunit\src\Framework\TestResult.php(688): PHPUnit\Framework\TestCase->runBare()
#10 C:\xampp\htdocs\pancapp-backend\vendor\phpunit\phpunit\src\Framework\TestCase.php(772): PHPUnit\Framework\TestResult->run(Object(LoginTest))
#11 C:\xampp\htdocs\pancapp-backend\vendor\phpunit\phpunit\src\Framework\TestSuite.php(639): PHPUnit\Framework\TestCase->run(Object(PHPUnit\Framework\TestResult))
#12 C:\xampp\htdocs\pancapp-backend\vendor\phpunit\phpunit\src\Framework\TestSuite.php(639): PHPUnit\Framework\TestSuite->run(Object(PHPUnit\Framework\TestResult))
#13 C:\xampp\htdocs\pancapp-backend\vendor\phpunit\phpunit\src\Framework\TestSuite.php(639): PHPUnit\Framework\TestSuite->run(Object(PHPUnit\Framework\TestResult))
#14 C:\xampp\htdocs\pancapp-backend\vendor\phpunit\phpunit\src\TextUI\TestRunner.php(653): PHPUnit\Framework\TestSuite->run(Object(PHPUnit\Framework\TestResult))
#15 C:\xampp\htdocs\pancapp-backend\vendor\phpunit\phpunit\src\TextUI\Command.php(103): PHPUnit\TextUI\TestRunner->run(Object(PHPUnit\Framework\TestSuite), Array, true)
#16 C:\xampp\htdocs\pancapp-backend\vendor\phpunit\phpunit\src\TextUI\Command.php(63): PHPUnit\TextUI\Command->run(Array, true)
#17 phpvfscomposer://C:\xampp\htdocs\pancapp-backend\vendor\phpunit\phpunit\phpunit(60): PHPUnit\TextUI\Command::main()
#18 C:\xampp\htdocs\pancapp-backend\vendor\bin\phpunit(118): include('phpvfscomposer:...')
#19 {main}
ERROR - 2024-06-18 20:58:52 --> Error connecting to the database: Error: Class 'SQLite3' not found in C:\xampp\htdocs\pancapp-backend\system\Database\SQLite3\Connection.php:89
Stack trace:
#0 C:\xampp\htdocs\pancapp-backend\system\Database\BaseConnection.php(391): CodeIgniter\Database\SQLite3\Connection->connect(false)
#1 C:\xampp\htdocs\pancapp-backend\system\Database\SQLite3\Connection.php(59): CodeIgniter\Database\BaseConnection->initialize()
#2 C:\xampp\htdocs\pancapp-backend\system\Database\BaseConnection.php(573): CodeIgniter\Database\SQLite3\Connection->initialize()
#3 C:\xampp\htdocs\pancapp-backend\system\Database\BaseBuilder.php(1616): CodeIgniter\Database\BaseConnection->query('SELECT *\nFROM `...', Array, false)
#4 C:\xampp\htdocs\pancapp-backend\app\Models\ClienteModel.php(24): CodeIgniter\Database\BaseBuilder->get()
#5 C:\xampp\htdocs\pancapp-backend\app\Controllers\Login.php(13): App\Models\ClienteModel->getCliente()
#6 C:\xampp\htdocs\pancapp-backend\tests\controllers\LoginTest.php(49): App\Controllers\Login->create()
#7 C:\xampp\htdocs\pancapp-backend\vendor\phpunit\phpunit\src\Framework\TestCase.php(1414): LoginTest->testNoCredentialsProvided()
#8 C:\xampp\htdocs\pancapp-backend\vendor\phpunit\phpunit\src\Framework\TestCase.php(1031): PHPUnit\Framework\TestCase->runTest()
#9 C:\xampp\htdocs\pancapp-backend\vendor\phpunit\phpunit\src\Framework\TestResult.php(688): PHPUnit\Framework\TestCase->runBare()
#10 C:\xampp\htdocs\pancapp-backend\vendor\phpunit\phpunit\src\Framework\TestCase.php(772): PHPUnit\Framework\TestResult->run(Object(LoginTest))
#11 C:\xampp\htdocs\pancapp-backend\vendor\phpunit\phpunit\src\Framework\TestSuite.php(639): PHPUnit\Framework\TestCase->run(Object(PHPUnit\Framework\TestResult))
#12 C:\xampp\htdocs\pancapp-backend\vendor\phpunit\phpunit\src\Framework\TestSuite.php(639): PHPUnit\Framework\TestSuite->run(Object(PHPUnit\Framework\TestResult))
#13 C:\xampp\htdocs\pancapp-backend\vendor\phpunit\phpunit\src\Framework\TestSuite.php(639): PHPUnit\Framework\TestSuite->run(Object(PHPUnit\Framework\TestResult))
#14 C:\xampp\htdocs\pancapp-backend\vendor\phpunit\phpunit\src\TextUI\TestRunner.php(653): PHPUnit\Framework\TestSuite->run(Object(PHPUnit\Framework\TestResult))
#15 C:\xampp\htdocs\pancapp-backend\vendor\phpunit\phpunit\src\TextUI\Command.php(103): PHPUnit\TextUI\TestRunner->run(Object(PHPUnit\Framework\TestSuite), Array, true)
#16 C:\xampp\htdocs\pancapp-backend\vendor\phpunit\phpunit\src\TextUI\Command.php(63): PHPUnit\TextUI\Command->run(Array, true)
#17 phpvfscomposer://C:\xampp\htdocs\pancapp-backend\vendor\phpunit\phpunit\phpunit(60): PHPUnit\TextUI\Command::main()
#18 C:\xampp\htdocs\pancapp-backend\vendor\bin\phpunit(118): include('phpvfscomposer:...')
#19 {main}
ERROR - 2024-06-18 21:05:59 --> Error connecting to the database: Error: Class 'SQLite3' not found in C:\xampp\htdocs\pancapp-backend\system\Database\SQLite3\Connection.php:89
Stack trace:
#0 C:\xampp\htdocs\pancapp-backend\system\Database\BaseConnection.php(391): CodeIgniter\Database\SQLite3\Connection->connect(false)
#1 C:\xampp\htdocs\pancapp-backend\system\Database\SQLite3\Connection.php(59): CodeIgniter\Database\BaseConnection->initialize()
#2 C:\xampp\htdocs\pancapp-backend\system\Database\BaseConnection.php(573): CodeIgniter\Database\SQLite3\Connection->initialize()
#3 C:\xampp\htdocs\pancapp-backend\system\Database\BaseBuilder.php(1616): CodeIgniter\Database\BaseConnection->query('SELECT *\nFROM `...', Array, false)
#4 C:\xampp\htdocs\pancapp-backend\app\Models\ClienteModel.php(24): CodeIgniter\Database\BaseBuilder->get()
#5 C:\xampp\htdocs\pancapp-backend\app\Controllers\Login.php(13): App\Models\ClienteModel->getCliente()
#6 C:\xampp\htdocs\pancapp-backend\tests\controllers\LoginTest.php(38): App\Controllers\Login->create()
#7 C:\xampp\htdocs\pancapp-backend\vendor\phpunit\phpunit\src\Framework\TestCase.php(1414): LoginTest->testLoginSuccessful()
#8 C:\xampp\htdocs\pancapp-backend\vendor\phpunit\phpunit\src\Framework\TestCase.php(1031): PHPUnit\Framework\TestCase->runTest()
#9 C:\xampp\htdocs\pancapp-backend\vendor\phpunit\phpunit\src\Framework\TestResult.php(688): PHPUnit\Framework\TestCase->runBare()
#10 C:\xampp\htdocs\pancapp-backend\vendor\phpunit\phpunit\src\Framework\TestCase.php(772): PHPUnit\Framework\TestResult->run(Object(LoginTest))
#11 C:\xampp\htdocs\pancapp-backend\vendor\phpunit\phpunit\src\Framework\TestSuite.php(639): PHPUnit\Framework\TestCase->run(Object(PHPUnit\Framework\TestResult))
#12 C:\xampp\htdocs\pancapp-backend\vendor\phpunit\phpunit\src\Framework\TestSuite.php(639): PHPUnit\Framework\TestSuite->run(Object(PHPUnit\Framework\TestResult))
#13 C:\xampp\htdocs\pancapp-backend\vendor\phpunit\phpunit\src\Framework\TestSuite.php(639): PHPUnit\Framework\TestSuite->run(Object(PHPUnit\Framework\TestResult))
#14 C:\xampp\htdocs\pancapp-backend\vendor\phpunit\phpunit\src\TextUI\TestRunner.php(653): PHPUnit\Framework\TestSuite->run(Object(PHPUnit\Framework\TestResult))
#15 C:\xampp\htdocs\pancapp-backend\vendor\phpunit\phpunit\src\TextUI\Command.php(103): PHPUnit\TextUI\TestRunner->run(Object(PHPUnit\Framework\TestSuite), Array, true)
#16 C:\xampp\htdocs\pancapp-backend\vendor\phpunit\phpunit\src\TextUI\Command.php(63): PHPUnit\TextUI\Command->run(Array, true)
#17 phpvfscomposer://C:\xampp\htdocs\pancapp-backend\vendor\phpunit\phpunit\phpunit(60): PHPUnit\TextUI\Command::main()
#18 C:\xampp\htdocs\pancapp-backend\vendor\bin\phpunit(118): include('phpvfscomposer:...')
#19 {main}
ERROR - 2024-06-18 22:41:27 --> Error connecting to the database: Error: Class 'SQLite3' not found in C:\xampp\htdocs\pancapp-backend\system\Database\SQLite3\Connection.php:89
Stack trace:
#0 C:\xampp\htdocs\pancapp-backend\system\Database\BaseConnection.php(391): CodeIgniter\Database\SQLite3\Connection->connect(false)
#1 C:\xampp\htdocs\pancapp-backend\system\Database\SQLite3\Connection.php(59): CodeIgniter\Database\BaseConnection->initialize()
#2 C:\xampp\htdocs\pancapp-backend\system\Database\BaseConnection.php(573): CodeIgniter\Database\SQLite3\Connection->initialize()
#3 C:\xampp\htdocs\pancapp-backend\system\Database\BaseBuilder.php(1616): CodeIgniter\Database\BaseConnection->query('SELECT *\nFROM `...', Array, false)
#4 C:\xampp\htdocs\pancapp-backend\app\Models\ClienteModel.php(24): CodeIgniter\Database\BaseBuilder->get()
#5 C:\xampp\htdocs\pancapp-backend\app\Controllers\Login.php(11): App\Models\ClienteModel->getCliente()
#6 C:\xampp\htdocs\pancapp-backend\tests\controllers\LoginTest.php(24): App\Controllers\Login->create()
#7 C:\xampp\htdocs\pancapp-backend\vendor\phpunit\phpunit\src\Framework\TestCase.php(1414): LoginTest->testLoginSuccessful()
#8 C:\xampp\htdocs\pancapp-backend\vendor\phpunit\phpunit\src\Framework\TestCase.php(1031): PHPUnit\Framework\TestCase->runTest()
#9 C:\xampp\htdocs\pancapp-backend\vendor\phpunit\phpunit\src\Framework\TestResult.php(688): PHPUnit\Framework\TestCase->runBare()
#10 C:\xampp\htdocs\pancapp-backend\vendor\phpunit\phpunit\src\Framework\TestCase.php(772): PHPUnit\Framework\TestResult->run(Object(LoginTest))
#11 C:\xampp\htdocs\pancapp-backend\vendor\phpunit\phpunit\src\Framework\TestSuite.php(639): PHPUnit\Framework\TestCase->run(Object(PHPUnit\Framework\TestResult))
#12 C:\xampp\htdocs\pancapp-backend\vendor\phpunit\phpunit\src\Framework\TestSuite.php(639): PHPUnit\Framework\TestSuite->run(Object(PHPUnit\Framework\TestResult))
#13 C:\xampp\htdocs\pancapp-backend\vendor\phpunit\phpunit\src\Framework\TestSuite.php(639): PHPUnit\Framework\TestSuite->run(Object(PHPUnit\Framework\TestResult))
#14 C:\xampp\htdocs\pancapp-backend\vendor\phpunit\phpunit\src\TextUI\TestRunner.php(653): PHPUnit\Framework\TestSuite->run(Object(PHPUnit\Framework\TestResult))
#15 C:\xampp\htdocs\pancapp-backend\vendor\phpunit\phpunit\src\TextUI\Command.php(103): PHPUnit\TextUI\TestRunner->run(Object(PHPUnit\Framework\TestSuite), Array, true)
#16 C:\xampp\htdocs\pancapp-backend\vendor\phpunit\phpunit\src\TextUI\Command.php(63): PHPUnit\TextUI\Command->run(Array, true)
#17 phpvfscomposer://C:\xampp\htdocs\pancapp-backend\vendor\phpunit\phpunit\phpunit(60): PHPUnit\TextUI\Command::main()
#18 C:\xampp\htdocs\pancapp-backend\vendor\bin\phpunit(118): include('phpvfscomposer:...')
#19 {main}
ERROR - 2024-06-18 23:00:33 --> Error connecting to the database: Error: Class 'SQLite3' not found in C:\xampp\htdocs\pancapp-backend\system\Database\SQLite3\Connection.php:89
Stack trace:
#0 C:\xampp\htdocs\pancapp-backend\system\Database\BaseConnection.php(391): CodeIgniter\Database\SQLite3\Connection->connect(false)
#1 C:\xampp\htdocs\pancapp-backend\system\Database\SQLite3\Connection.php(59): CodeIgniter\Database\BaseConnection->initialize()
#2 C:\xampp\htdocs\pancapp-backend\system\Database\BaseConnection.php(573): CodeIgniter\Database\SQLite3\Connection->initialize()
#3 C:\xampp\htdocs\pancapp-backend\system\Database\BaseBuilder.php(1616): CodeIgniter\Database\BaseConnection->query('SELECT *\nFROM `...', Array, false)
#4 C:\xampp\htdocs\pancapp-backend\app\Models\ClienteModel.php(24): CodeIgniter\Database\BaseBuilder->get()
#5 C:\xampp\htdocs\pancapp-backend\app\Controllers\Login.php(11): App\Models\ClienteModel->getCliente()
#6 C:\xampp\htdocs\pancapp-backend\tests\controllers\LoginTest.php(29): App\Controllers\Login->create()
#7 C:\xampp\htdocs\pancapp-backend\vendor\phpunit\phpunit\src\Framework\TestCase.php(1414): LoginTest->testLoginSuccessful()
#8 C:\xampp\htdocs\pancapp-backend\vendor\phpunit\phpunit\src\Framework\TestCase.php(1031): PHPUnit\Framework\TestCase->runTest()
#9 C:\xampp\htdocs\pancapp-backend\vendor\phpunit\phpunit\src\Framework\TestResult.php(688): PHPUnit\Framework\TestCase->runBare()
#10 C:\xampp\htdocs\pancapp-backend\vendor\phpunit\phpunit\src\Framework\TestCase.php(772): PHPUnit\Framework\TestResult->run(Object(LoginTest))
#11 C:\xampp\htdocs\pancapp-backend\vendor\phpunit\phpunit\src\Framework\TestSuite.php(639): PHPUnit\Framework\TestCase->run(Object(PHPUnit\Framework\TestResult))
#12 C:\xampp\htdocs\pancapp-backend\vendor\phpunit\phpunit\src\Framework\TestSuite.php(639): PHPUnit\Framework\TestSuite->run(Object(PHPUnit\Framework\TestResult))
#13 C:\xampp\htdocs\pancapp-backend\vendor\phpunit\phpunit\src\Framework\TestSuite.php(639): PHPUnit\Framework\TestSuite->run(Object(PHPUnit\Framework\TestResult))
#14 C:\xampp\htdocs\pancapp-backend\vendor\phpunit\phpunit\src\TextUI\TestRunner.php(653): PHPUnit\Framework\TestSuite->run(Object(PHPUnit\Framework\TestResult))
#15 C:\xampp\htdocs\pancapp-backend\vendor\phpunit\phpunit\src\TextUI\Command.php(103): PHPUnit\TextUI\TestRunner->run(Object(PHPUnit\Framework\TestSuite), Array, true)
#16 C:\xampp\htdocs\pancapp-backend\vendor\phpunit\phpunit\src\TextUI\Command.php(63): PHPUnit\TextUI\Command->run(Array, true)
#17 phpvfscomposer://C:\xampp\htdocs\pancapp-backend\vendor\phpunit\phpunit\phpunit(60): PHPUnit\TextUI\Command::main()
#18 C:\xampp\htdocs\pancapp-backend\vendor\bin\phpunit(118): include('phpvfscomposer:...')
#19 {main}
ERROR - 2024-06-18 23:03:25 --> Error connecting to the database: Error: Class 'SQLite3' not found in C:\xampp\htdocs\pancapp-backend\system\Database\SQLite3\Connection.php:89
Stack trace:
#0 C:\xampp\htdocs\pancapp-backend\system\Database\BaseConnection.php(391): CodeIgniter\Database\SQLite3\Connection->connect(false)
#1 C:\xampp\htdocs\pancapp-backend\system\Database\SQLite3\Connection.php(59): CodeIgniter\Database\BaseConnection->initialize()
#2 C:\xampp\htdocs\pancapp-backend\system\Database\BaseConnection.php(573): CodeIgniter\Database\SQLite3\Connection->initialize()
#3 C:\xampp\htdocs\pancapp-backend\system\Database\BaseBuilder.php(1616): CodeIgniter\Database\BaseConnection->query('SELECT *\nFROM `...', Array, false)
#4 C:\xampp\htdocs\pancapp-backend\app\Models\ClienteModel.php(24): CodeIgniter\Database\BaseBuilder->get()
#5 C:\xampp\htdocs\pancapp-backend\app\Controllers\Login.php(11): App\Models\ClienteModel->getCliente()
#6 C:\xampp\htdocs\pancapp-backend\tests\controllers\LoginTest.php(29): App\Controllers\Login->create()
#7 C:\xampp\htdocs\pancapp-backend\vendor\phpunit\phpunit\src\Framework\TestCase.php(1414): LoginTest->testLoginSuccessful()
#8 C:\xampp\htdocs\pancapp-backend\vendor\phpunit\phpunit\src\Framework\TestCase.php(1031): PHPUnit\Framework\TestCase->runTest()
#9 C:\xampp\htdocs\pancapp-backend\vendor\phpunit\phpunit\src\Framework\TestResult.php(688): PHPUnit\Framework\TestCase->runBare()
#10 C:\xampp\htdocs\pancapp-backend\vendor\phpunit\phpunit\src\Framework\TestCase.php(772): PHPUnit\Framework\TestResult->run(Object(LoginTest))
#11 C:\xampp\htdocs\pancapp-backend\vendor\phpunit\phpunit\src\Framework\TestSuite.php(639): PHPUnit\Framework\TestCase->run(Object(PHPUnit\Framework\TestResult))
#12 C:\xampp\htdocs\pancapp-backend\vendor\phpunit\phpunit\src\Framework\TestSuite.php(639): PHPUnit\Framework\TestSuite->run(Object(PHPUnit\Framework\TestResult))
#13 C:\xampp\htdocs\pancapp-backend\vendor\phpunit\phpunit\src\Framework\TestSuite.php(639): PHPUnit\Framework\TestSuite->run(Object(PHPUnit\Framework\TestResult))
#14 C:\xampp\htdocs\pancapp-backend\vendor\phpunit\phpunit\src\TextUI\TestRunner.php(653): PHPUnit\Framework\TestSuite->run(Object(PHPUnit\Framework\TestResult))
#15 C:\xampp\htdocs\pancapp-backend\vendor\phpunit\phpunit\src\TextUI\Command.php(103): PHPUnit\TextUI\TestRunner->run(Object(PHPUnit\Framework\TestSuite), Array, true)
#16 C:\xampp\htdocs\pancapp-backend\vendor\phpunit\phpunit\src\TextUI\Command.php(63): PHPUnit\TextUI\Command->run(Array, true)
#17 phpvfscomposer://C:\xampp\htdocs\pancapp-backend\vendor\phpunit\phpunit\phpunit(60): PHPUnit\TextUI\Command::main()
#18 C:\xampp\htdocs\pancapp-backend\vendor\bin\phpunit(118): include('phpvfscomposer:...')
#19 {main}
ERROR - 2024-06-18 23:07:04 --> Error connecting to the database: Error: Class 'SQLite3' not found in C:\xampp\htdocs\pancapp-backend\system\Database\SQLite3\Connection.php:89
Stack trace:
#0 C:\xampp\htdocs\pancapp-backend\system\Database\BaseConnection.php(391): CodeIgniter\Database\SQLite3\Connection->connect(false)
#1 C:\xampp\htdocs\pancapp-backend\system\Database\SQLite3\Connection.php(59): CodeIgniter\Database\BaseConnection->initialize()
#2 C:\xampp\htdocs\pancapp-backend\system\Database\BaseConnection.php(573): CodeIgniter\Database\SQLite3\Connection->initialize()
#3 C:\xampp\htdocs\pancapp-backend\system\Database\BaseBuilder.php(1616): CodeIgniter\Database\BaseConnection->query('SELECT *\nFROM `...', Array, false)
#4 C:\xampp\htdocs\pancapp-backend\app\Models\ClienteModel.php(24): CodeIgniter\Database\BaseBuilder->get()
#5 C:\xampp\htdocs\pancapp-backend\app\Controllers\Login.php(11): App\Models\ClienteModel->getCliente()
#6 C:\xampp\htdocs\pancapp-backend\tests\controllers\LoginTest.php(30): App\Controllers\Login->create()
#7 C:\xampp\htdocs\pancapp-backend\vendor\phpunit\phpunit\src\Framework\TestCase.php(1414): LoginTest->testLoginSuccessful()
#8 C:\xampp\htdocs\pancapp-backend\vendor\phpunit\phpunit\src\Framework\TestCase.php(1031): PHPUnit\Framework\TestCase->runTest()
#9 C:\xampp\htdocs\pancapp-backend\vendor\phpunit\phpunit\src\Framework\TestResult.php(688): PHPUnit\Framework\TestCase->runBare()
#10 C:\xampp\htdocs\pancapp-backend\vendor\phpunit\phpunit\src\Framework\TestCase.php(772): PHPUnit\Framework\TestResult->run(Object(LoginTest))
#11 C:\xampp\htdocs\pancapp-backend\vendor\phpunit\phpunit\src\Framework\TestSuite.php(639): PHPUnit\Framework\TestCase->run(Object(PHPUnit\Framework\TestResult))
#12 C:\xampp\htdocs\pancapp-backend\vendor\phpunit\phpunit\src\Framework\TestSuite.php(639): PHPUnit\Framework\TestSuite->run(Object(PHPUnit\Framework\TestResult))
#13 C:\xampp\htdocs\pancapp-backend\vendor\phpunit\phpunit\src\Framework\TestSuite.php(639): PHPUnit\Framework\TestSuite->run(Object(PHPUnit\Framework\TestResult))
#14 C:\xampp\htdocs\pancapp-backend\vendor\phpunit\phpunit\src\TextUI\TestRunner.php(653): PHPUnit\Framework\TestSuite->run(Object(PHPUnit\Framework\TestResult))
#15 C:\xampp\htdocs\pancapp-backend\vendor\phpunit\phpunit\src\TextUI\Command.php(103): PHPUnit\TextUI\TestRunner->run(Object(PHPUnit\Framework\TestSuite), Array, true)
#16 C:\xampp\htdocs\pancapp-backend\vendor\phpunit\phpunit\src\TextUI\Command.php(63): PHPUnit\TextUI\Command->run(Array, true)
#17 phpvfscomposer://C:\xampp\htdocs\pancapp-backend\vendor\phpunit\phpunit\phpunit(60): PHPUnit\TextUI\Command::main()
#18 C:\xampp\htdocs\pancapp-backend\vendor\bin\phpunit(118): include('phpvfscomposer:...')
#19 {main}
ERROR - 2024-06-18 23:07:04 --> Error connecting to the database: Error: Class 'SQLite3' not found in C:\xampp\htdocs\pancapp-backend\system\Database\SQLite3\Connection.php:89
Stack trace:
#0 C:\xampp\htdocs\pancapp-backend\system\Database\BaseConnection.php(391): CodeIgniter\Database\SQLite3\Connection->connect(false)
#1 C:\xampp\htdocs\pancapp-backend\system\Database\SQLite3\Connection.php(59): CodeIgniter\Database\BaseConnection->initialize()
#2 C:\xampp\htdocs\pancapp-backend\system\Database\BaseConnection.php(573): CodeIgniter\Database\SQLite3\Connection->initialize()
#3 C:\xampp\htdocs\pancapp-backend\system\Database\BaseBuilder.php(1616): CodeIgniter\Database\BaseConnection->query('SELECT *\nFROM `...', Array, false)
#4 C:\xampp\htdocs\pancapp-backend\app\Models\ClienteModel.php(24): CodeIgniter\Database\BaseBuilder->get()
#5 C:\xampp\htdocs\pancapp-backend\app\Controllers\Login.php(11): App\Models\ClienteModel->getCliente()
#6 C:\xampp\htdocs\pancapp-backend\tests\controllers\LoginTest.php(61): App\Controllers\Login->create()
#7 C:\xampp\htdocs\pancapp-backend\vendor\phpunit\phpunit\src\Framework\TestCase.php(1414): LoginTest->testLoginIncorrectPassword()
#8 C:\xampp\htdocs\pancapp-backend\vendor\phpunit\phpunit\src\Framework\TestCase.php(1031): PHPUnit\Framework\TestCase->runTest()
#9 C:\xampp\htdocs\pancapp-backend\vendor\phpunit\phpunit\src\Framework\TestResult.php(688): PHPUnit\Framework\TestCase->runBare()
#10 C:\xampp\htdocs\pancapp-backend\vendor\phpunit\phpunit\src\Framework\TestCase.php(772): PHPUnit\Framework\TestResult->run(Object(LoginTest))
#11 C:\xampp\htdocs\pancapp-backend\vendor\phpunit\phpunit\src\Framework\TestSuite.php(639): PHPUnit\Framework\TestCase->run(Object(PHPUnit\Framework\TestResult))
#12 C:\xampp\htdocs\pancapp-backend\vendor\phpunit\phpunit\src\Framework\TestSuite.php(639): PHPUnit\Framework\TestSuite->run(Object(PHPUnit\Framework\TestResult))
#13 C:\xampp\htdocs\pancapp-backend\vendor\phpunit\phpunit\src\Framework\TestSuite.php(639): PHPUnit\Framework\TestSuite->run(Object(PHPUnit\Framework\TestResult))
#14 C:\xampp\htdocs\pancapp-backend\vendor\phpunit\phpunit\src\TextUI\TestRunner.php(653): PHPUnit\Framework\TestSuite->run(Object(PHPUnit\Framework\TestResult))
#15 C:\xampp\htdocs\pancapp-backend\vendor\phpunit\phpunit\src\TextUI\Command.php(103): PHPUnit\TextUI\TestRunner->run(Object(PHPUnit\Framework\TestSuite), Array, true)
#16 C:\xampp\htdocs\pancapp-backend\vendor\phpunit\phpunit\src\TextUI\Command.php(63): PHPUnit\TextUI\Command->run(Array, true)
#17 phpvfscomposer://C:\xampp\htdocs\pancapp-backend\vendor\phpunit\phpunit\phpunit(60): PHPUnit\TextUI\Command::main()
#18 C:\xampp\htdocs\pancapp-backend\vendor\bin\phpunit(118): include('phpvfscomposer:...')
#19 {main}
ERROR - 2024-06-18 23:07:04 --> Error connecting to the database: Error: Class 'SQLite3' not found in C:\xampp\htdocs\pancapp-backend\system\Database\SQLite3\Connection.php:89
Stack trace:
#0 C:\xampp\htdocs\pancapp-backend\system\Database\BaseConnection.php(391): CodeIgniter\Database\SQLite3\Connection->connect(false)
#1 C:\xampp\htdocs\pancapp-backend\system\Database\SQLite3\Connection.php(59): CodeIgniter\Database\BaseConnection->initialize()
#2 C:\xampp\htdocs\pancapp-backend\system\Database\BaseConnection.php(573): CodeIgniter\Database\SQLite3\Connection->initialize()
#3 C:\xampp\htdocs\pancapp-backend\system\Database\BaseBuilder.php(1616): CodeIgniter\Database\BaseConnection->query('SELECT *\nFROM `...', Array, false)
#4 C:\xampp\htdocs\pancapp-backend\app\Models\ClienteModel.php(24): CodeIgniter\Database\BaseBuilder->get()
#5 C:\xampp\htdocs\pancapp-backend\app\Controllers\Login.php(11): App\Models\ClienteModel->getCliente()
#6 C:\xampp\htdocs\pancapp-backend\tests\controllers\LoginTest.php(87): App\Controllers\Login->create()
#7 C:\xampp\htdocs\pancapp-backend\vendor\phpunit\phpunit\src\Framework\TestCase.php(1414): LoginTest->testLoginIncorrectUsername()
#8 C:\xampp\htdocs\pancapp-backend\vendor\phpunit\phpunit\src\Framework\TestCase.php(1031): PHPUnit\Framework\TestCase->runTest()
#9 C:\xampp\htdocs\pancapp-backend\vendor\phpunit\phpunit\src\Framework\TestResult.php(688): PHPUnit\Framework\TestCase->runBare()
#10 C:\xampp\htdocs\pancapp-backend\vendor\phpunit\phpunit\src\Framework\TestCase.php(772): PHPUnit\Framework\TestResult->run(Object(LoginTest))
#11 C:\xampp\htdocs\pancapp-backend\vendor\phpunit\phpunit\src\Framework\TestSuite.php(639): PHPUnit\Framework\TestCase->run(Object(PHPUnit\Framework\TestResult))
#12 C:\xampp\htdocs\pancapp-backend\vendor\phpunit\phpunit\src\Framework\TestSuite.php(639): PHPUnit\Framework\TestSuite->run(Object(PHPUnit\Framework\TestResult))
#13 C:\xampp\htdocs\pancapp-backend\vendor\phpunit\phpunit\src\Framework\TestSuite.php(639): PHPUnit\Framework\TestSuite->run(Object(PHPUnit\Framework\TestResult))
#14 C:\xampp\htdocs\pancapp-backend\vendor\phpunit\phpunit\src\TextUI\TestRunner.php(653): PHPUnit\Framework\TestSuite->run(Object(PHPUnit\Framework\TestResult))
#15 C:\xampp\htdocs\pancapp-backend\vendor\phpunit\phpunit\src\TextUI\Command.php(103): PHPUnit\TextUI\TestRunner->run(Object(PHPUnit\Framework\TestSuite), Array, true)
#16 C:\xampp\htdocs\pancapp-backend\vendor\phpunit\phpunit\src\TextUI\Command.php(63): PHPUnit\TextUI\Command->run(Array, true)
#17 phpvfscomposer://C:\xampp\htdocs\pancapp-backend\vendor\phpunit\phpunit\phpunit(60): PHPUnit\TextUI\Command::main()
#18 C:\xampp\htdocs\pancapp-backend\vendor\bin\phpunit(118): include('phpvfscomposer:...')
#19 {main}
ERROR - 2024-06-18 23:07:04 --> Error connecting to the database: Error: Class 'SQLite3' not found in C:\xampp\htdocs\pancapp-backend\system\Database\SQLite3\Connection.php:89
Stack trace:
#0 C:\xampp\htdocs\pancapp-backend\system\Database\BaseConnection.php(391): CodeIgniter\Database\SQLite3\Connection->connect(false)
#1 C:\xampp\htdocs\pancapp-backend\system\Database\SQLite3\Connection.php(59): CodeIgniter\Database\BaseConnection->initialize()
#2 C:\xampp\htdocs\pancapp-backend\system\Database\BaseConnection.php(573): CodeIgniter\Database\SQLite3\Connection->initialize()
#3 C:\xampp\htdocs\pancapp-backend\system\Database\BaseBuilder.php(1616): CodeIgniter\Database\BaseConnection->query('SELECT *\nFROM `...', Array, false)
#4 C:\xampp\htdocs\pancapp-backend\app\Models\ClienteModel.php(24): CodeIgniter\Database\BaseBuilder->get()
#5 C:\xampp\htdocs\pancapp-backend\app\Controllers\Login.php(11): App\Models\ClienteModel->getCliente()
#6 C:\xampp\htdocs\pancapp-backend\tests\controllers\LoginTest.php(113): App\Controllers\Login->create()
#7 C:\xampp\htdocs\pancapp-backend\vendor\phpunit\phpunit\src\Framework\TestCase.php(1414): LoginTest->testLoginNoData()
#8 C:\xampp\htdocs\pancapp-backend\vendor\phpunit\phpunit\src\Framework\TestCase.php(1031): PHPUnit\Framework\TestCase->runTest()
#9 C:\xampp\htdocs\pancapp-backend\vendor\phpunit\phpunit\src\Framework\TestResult.php(688): PHPUnit\Framework\TestCase->runBare()
#10 C:\xampp\htdocs\pancapp-backend\vendor\phpunit\phpunit\src\Framework\TestCase.php(772): PHPUnit\Framework\TestResult->run(Object(LoginTest))
#11 C:\xampp\htdocs\pancapp-backend\vendor\phpunit\phpunit\src\Framework\TestSuite.php(639): PHPUnit\Framework\TestCase->run(Object(PHPUnit\Framework\TestResult))
#12 C:\xampp\htdocs\pancapp-backend\vendor\phpunit\phpunit\src\Framework\TestSuite.php(639): PHPUnit\Framework\TestSuite->run(Object(PHPUnit\Framework\TestResult))
#13 C:\xampp\htdocs\pancapp-backend\vendor\phpunit\phpunit\src\Framework\TestSuite.php(639): PHPUnit\Framework\TestSuite->run(Object(PHPUnit\Framework\TestResult))
#14 C:\xampp\htdocs\pancapp-backend\vendor\phpunit\phpunit\src\TextUI\TestRunner.php(653): PHPUnit\Framework\TestSuite->run(Object(PHPUnit\Framework\TestResult))
#15 C:\xampp\htdocs\pancapp-backend\vendor\phpunit\phpunit\src\TextUI\Command.php(103): PHPUnit\TextUI\TestRunner->run(Object(PHPUnit\Framework\TestSuite), Array, true)
#16 C:\xampp\htdocs\pancapp-backend\vendor\phpunit\phpunit\src\TextUI\Command.php(63): PHPUnit\TextUI\Command->run(Array, true)
#17 phpvfscomposer://C:\xampp\htdocs\pancapp-backend\vendor\phpunit\phpunit\phpunit(60): PHPUnit\TextUI\Command::main()
#18 C:\xampp\htdocs\pancapp-backend\vendor\bin\phpunit(118): include('phpvfscomposer:...')
#19 {main}
ERROR - 2024-06-18 23:07:07 --> Error connecting to the database: Error: Class 'SQLite3' not found in C:\xampp\htdocs\pancapp-backend\system\Database\SQLite3\Connection.php:89
Stack trace:
#0 C:\xampp\htdocs\pancapp-backend\system\Database\BaseConnection.php(391): CodeIgniter\Database\SQLite3\Connection->connect(false)
#1 C:\xampp\htdocs\pancapp-backend\system\Database\SQLite3\Connection.php(59): CodeIgniter\Database\BaseConnection->initialize()
#2 C:\xampp\htdocs\pancapp-backend\system\Database\BaseConnection.php(573): CodeIgniter\Database\SQLite3\Connection->initialize()
#3 C:\xampp\htdocs\pancapp-backend\system\Database\BaseBuilder.php(1616): CodeIgniter\Database\BaseConnection->query('SELECT *\nFROM `...', Array, false)
#4 C:\xampp\htdocs\pancapp-backend\app\Models\ClienteModel.php(24): CodeIgniter\Database\BaseBuilder->get()
#5 C:\xampp\htdocs\pancapp-backend\app\Controllers\Login.php(11): App\Models\ClienteModel->getCliente()
#6 C:\xampp\htdocs\pancapp-backend\tests\controllers\LoginTest.php(30): App\Controllers\Login->create()
#7 C:\xampp\htdocs\pancapp-backend\vendor\phpunit\phpunit\src\Framework\TestCase.php(1414): LoginTest->testLoginSuccessful()
#8 C:\xampp\htdocs\pancapp-backend\vendor\phpunit\phpunit\src\Framework\TestCase.php(1031): PHPUnit\Framework\TestCase->runTest()
#9 C:\xampp\htdocs\pancapp-backend\vendor\phpunit\phpunit\src\Framework\TestResult.php(688): PHPUnit\Framework\TestCase->runBare()
#10 C:\xampp\htdocs\pancapp-backend\vendor\phpunit\phpunit\src\Framework\TestCase.php(772): PHPUnit\Framework\TestResult->run(Object(LoginTest))
#11 C:\xampp\htdocs\pancapp-backend\vendor\phpunit\phpunit\src\Framework\TestSuite.php(639): PHPUnit\Framework\TestCase->run(Object(PHPUnit\Framework\TestResult))
#12 C:\xampp\htdocs\pancapp-backend\vendor\phpunit\phpunit\src\Framework\TestSuite.php(639): PHPUnit\Framework\TestSuite->run(Object(PHPUnit\Framework\TestResult))
#13 C:\xampp\htdocs\pancapp-backend\vendor\phpunit\phpunit\src\Framework\TestSuite.php(639): PHPUnit\Framework\TestSuite->run(Object(PHPUnit\Framework\TestResult))
#14 C:\xampp\htdocs\pancapp-backend\vendor\phpunit\phpunit\src\TextUI\TestRunner.php(653): PHPUnit\Framework\TestSuite->run(Object(PHPUnit\Framework\TestResult))
#15 C:\xampp\htdocs\pancapp-backend\vendor\phpunit\phpunit\src\TextUI\Command.php(103): PHPUnit\TextUI\TestRunner->run(Object(PHPUnit\Framework\TestSuite), Array, true)
#16 C:\xampp\htdocs\pancapp-backend\vendor\phpunit\phpunit\src\TextUI\Command.php(63): PHPUnit\TextUI\Command->run(Array, true)
#17 phpvfscomposer://C:\xampp\htdocs\pancapp-backend\vendor\phpunit\phpunit\phpunit(60): PHPUnit\TextUI\Command::main()
#18 C:\xampp\htdocs\pancapp-backend\vendor\bin\phpunit(118): include('phpvfscomposer:...')
#19 {main}
ERROR - 2024-06-18 23:07:11 --> Error connecting to the database: Error: Class 'SQLite3' not found in C:\xampp\htdocs\pancapp-backend\system\Database\SQLite3\Connection.php:89
Stack trace:
#0 C:\xampp\htdocs\pancapp-backend\system\Database\BaseConnection.php(391): CodeIgniter\Database\SQLite3\Connection->connect(false)
#1 C:\xampp\htdocs\pancapp-backend\system\Database\SQLite3\Connection.php(59): CodeIgniter\Database\BaseConnection->initialize()
#2 C:\xampp\htdocs\pancapp-backend\system\Database\BaseConnection.php(573): CodeIgniter\Database\SQLite3\Connection->initialize()
#3 C:\xampp\htdocs\pancapp-backend\system\Database\BaseBuilder.php(1616): CodeIgniter\Database\BaseConnection->query('SELECT *\nFROM `...', Array, false)
#4 C:\xampp\htdocs\pancapp-backend\app\Models\ClienteModel.php(24): CodeIgniter\Database\BaseBuilder->get()
#5 C:\xampp\htdocs\pancapp-backend\app\Controllers\Login.php(11): App\Models\ClienteModel->getCliente()
#6 C:\xampp\htdocs\pancapp-backend\tests\controllers\LoginTest.php(61): App\Controllers\Login->create()
#7 C:\xampp\htdocs\pancapp-backend\vendor\phpunit\phpunit\src\Framework\TestCase.php(1414): LoginTest->testLoginIncorrectPassword()
#8 C:\xampp\htdocs\pancapp-backend\vendor\phpunit\phpunit\src\Framework\TestCase.php(1031): PHPUnit\Framework\TestCase->runTest()
#9 C:\xampp\htdocs\pancapp-backend\vendor\phpunit\phpunit\src\Framework\TestResult.php(688): PHPUnit\Framework\TestCase->runBare()
#10 C:\xampp\htdocs\pancapp-backend\vendor\phpunit\phpunit\src\Framework\TestCase.php(772): PHPUnit\Framework\TestResult->run(Object(LoginTest))
#11 C:\xampp\htdocs\pancapp-backend\vendor\phpunit\phpunit\src\Framework\TestSuite.php(639): PHPUnit\Framework\TestCase->run(Object(PHPUnit\Framework\TestResult))
#12 C:\xampp\htdocs\pancapp-backend\vendor\phpunit\phpunit\src\Framework\TestSuite.php(639): PHPUnit\Framework\TestSuite->run(Object(PHPUnit\Framework\TestResult))
#13 C:\xampp\htdocs\pancapp-backend\vendor\phpunit\phpunit\src\Framework\TestSuite.php(639): PHPUnit\Framework\TestSuite->run(Object(PHPUnit\Framework\TestResult))
#14 C:\xampp\htdocs\pancapp-backend\vendor\phpunit\phpunit\src\TextUI\TestRunner.php(653): PHPUnit\Framework\TestSuite->run(Object(PHPUnit\Framework\TestResult))
#15 C:\xampp\htdocs\pancapp-backend\vendor\phpunit\phpunit\src\TextUI\Command.php(103): PHPUnit\TextUI\TestRunner->run(Object(PHPUnit\Framework\TestSuite), Array, true)
#16 C:\xampp\htdocs\pancapp-backend\vendor\phpunit\phpunit\src\TextUI\Command.php(63): PHPUnit\TextUI\Command->run(Array, true)
#17 phpvfscomposer://C:\xampp\htdocs\pancapp-backend\vendor\phpunit\phpunit\phpunit(60): PHPUnit\TextUI\Command::main()
#18 C:\xampp\htdocs\pancapp-backend\vendor\bin\phpunit(118): include('phpvfscomposer:...')
#19 {main}
ERROR - 2024-06-18 23:07:14 --> Error connecting to the database: Error: Class 'SQLite3' not found in C:\xampp\htdocs\pancapp-backend\system\Database\SQLite3\Connection.php:89
Stack trace:
#0 C:\xampp\htdocs\pancapp-backend\system\Database\BaseConnection.php(391): CodeIgniter\Database\SQLite3\Connection->connect(false)
#1 C:\xampp\htdocs\pancapp-backend\system\Database\SQLite3\Connection.php(59): CodeIgniter\Database\BaseConnection->initialize()
#2 C:\xampp\htdocs\pancapp-backend\system\Database\BaseConnection.php(573): CodeIgniter\Database\SQLite3\Connection->initialize()
#3 C:\xampp\htdocs\pancapp-backend\system\Database\BaseBuilder.php(1616): CodeIgniter\Database\BaseConnection->query('SELECT *\nFROM `...', Array, false)
#4 C:\xampp\htdocs\pancapp-backend\app\Models\ClienteModel.php(24): CodeIgniter\Database\BaseBuilder->get()
#5 C:\xampp\htdocs\pancapp-backend\app\Controllers\Login.php(11): App\Models\ClienteModel->getCliente()
#6 C:\xampp\htdocs\pancapp-backend\tests\controllers\LoginTest.php(87): App\Controllers\Login->create()
#7 C:\xampp\htdocs\pancapp-backend\vendor\phpunit\phpunit\src\Framework\TestCase.php(1414): LoginTest->testLoginIncorrectUsername()
#8 C:\xampp\htdocs\pancapp-backend\vendor\phpunit\phpunit\src\Framework\TestCase.php(1031): PHPUnit\Framework\TestCase->runTest()
#9 C:\xampp\htdocs\pancapp-backend\vendor\phpunit\phpunit\src\Framework\TestResult.php(688): PHPUnit\Framework\TestCase->runBare()
#10 C:\xampp\htdocs\pancapp-backend\vendor\phpunit\phpunit\src\Framework\TestCase.php(772): PHPUnit\Framework\TestResult->run(Object(LoginTest))
#11 C:\xampp\htdocs\pancapp-backend\vendor\phpunit\phpunit\src\Framework\TestSuite.php(639): PHPUnit\Framework\TestCase->run(Object(PHPUnit\Framework\TestResult))
#12 C:\xampp\htdocs\pancapp-backend\vendor\phpunit\phpunit\src\Framework\TestSuite.php(639): PHPUnit\Framework\TestSuite->run(Object(PHPUnit\Framework\TestResult))
#13 C:\xampp\htdocs\pancapp-backend\vendor\phpunit\phpunit\src\Framework\TestSuite.php(639): PHPUnit\Framework\TestSuite->run(Object(PHPUnit\Framework\TestResult))
#14 C:\xampp\htdocs\pancapp-backend\vendor\phpunit\phpunit\src\TextUI\TestRunner.php(653): PHPUnit\Framework\TestSuite->run(Object(PHPUnit\Framework\TestResult))
#15 C:\xampp\htdocs\pancapp-backend\vendor\phpunit\phpunit\src\TextUI\Command.php(103): PHPUnit\TextUI\TestRunner->run(Object(PHPUnit\Framework\TestSuite), Array, true)
#16 C:\xampp\htdocs\pancapp-backend\vendor\phpunit\phpunit\src\TextUI\Command.php(63): PHPUnit\TextUI\Command->run(Array, true)
#17 phpvfscomposer://C:\xampp\htdocs\pancapp-backend\vendor\phpunit\phpunit\phpunit(60): PHPUnit\TextUI\Command::main()
#18 C:\xampp\htdocs\pancapp-backend\vendor\bin\phpunit(118): include('phpvfscomposer:...')
#19 {main}
ERROR - 2024-06-18 23:07:19 --> Error connecting to the database: Error: Class 'SQLite3' not found in C:\xampp\htdocs\pancapp-backend\system\Database\SQLite3\Connection.php:89
Stack trace:
#0 C:\xampp\htdocs\pancapp-backend\system\Database\BaseConnection.php(391): CodeIgniter\Database\SQLite3\Connection->connect(false)
#1 C:\xampp\htdocs\pancapp-backend\system\Database\SQLite3\Connection.php(59): CodeIgniter\Database\BaseConnection->initialize()
#2 C:\xampp\htdocs\pancapp-backend\system\Database\BaseConnection.php(573): CodeIgniter\Database\SQLite3\Connection->initialize()
#3 C:\xampp\htdocs\pancapp-backend\system\Database\BaseBuilder.php(1616): CodeIgniter\Database\BaseConnection->query('SELECT *\nFROM `...', Array, false)
#4 C:\xampp\htdocs\pancapp-backend\app\Models\ClienteModel.php(24): CodeIgniter\Database\BaseBuilder->get()
#5 C:\xampp\htdocs\pancapp-backend\app\Controllers\Login.php(11): App\Models\ClienteModel->getCliente()
#6 C:\xampp\htdocs\pancapp-backend\tests\controllers\LoginTest.php(113): App\Controllers\Login->create()
#7 C:\xampp\htdocs\pancapp-backend\vendor\phpunit\phpunit\src\Framework\TestCase.php(1414): LoginTest->testLoginNoData()
#8 C:\xampp\htdocs\pancapp-backend\vendor\phpunit\phpunit\src\Framework\TestCase.php(1031): PHPUnit\Framework\TestCase->runTest()
#9 C:\xampp\htdocs\pancapp-backend\vendor\phpunit\phpunit\src\Framework\TestResult.php(688): PHPUnit\Framework\TestCase->runBare()
#10 C:\xampp\htdocs\pancapp-backend\vendor\phpunit\phpunit\src\Framework\TestCase.php(772): PHPUnit\Framework\TestResult->run(Object(LoginTest))
#11 C:\xampp\htdocs\pancapp-backend\vendor\phpunit\phpunit\src\Framework\TestSuite.php(639): PHPUnit\Framework\TestCase->run(Object(PHPUnit\Framework\TestResult))
#12 C:\xampp\htdocs\pancapp-backend\vendor\phpunit\phpunit\src\Framework\TestSuite.php(639): PHPUnit\Framework\TestSuite->run(Object(PHPUnit\Framework\TestResult))
#13 C:\xampp\htdocs\pancapp-backend\vendor\phpunit\phpunit\src\Framework\TestSuite.php(639): PHPUnit\Framework\TestSuite->run(Object(PHPUnit\Framework\TestResult))
#14 C:\xampp\htdocs\pancapp-backend\vendor\phpunit\phpunit\src\TextUI\TestRunner.php(653): PHPUnit\Framework\TestSuite->run(Object(PHPUnit\Framework\TestResult))
#15 C:\xampp\htdocs\pancapp-backend\vendor\phpunit\phpunit\src\TextUI\Command.php(103): PHPUnit\TextUI\TestRunner->run(Object(PHPUnit\Framework\TestSuite), Array, true)
#16 C:\xampp\htdocs\pancapp-backend\vendor\phpunit\phpunit\src\TextUI\Command.php(63): PHPUnit\TextUI\Command->run(Array, true)
#17 phpvfscomposer://C:\xampp\htdocs\pancapp-backend\vendor\phpunit\phpunit\phpunit(60): PHPUnit\TextUI\Command::main()
#18 C:\xampp\htdocs\pancapp-backend\vendor\bin\phpunit(118): include('phpvfscomposer:...')
#19 {main}
ERROR - 2024-06-18 23:08:57 --> Error connecting to the database: Error: Class 'SQLite3' not found in C:\xampp\htdocs\pancapp-backend\system\Database\SQLite3\Connection.php:89
Stack trace:
#0 C:\xampp\htdocs\pancapp-backend\system\Database\BaseConnection.php(391): CodeIgniter\Database\SQLite3\Connection->connect(false)
#1 C:\xampp\htdocs\pancapp-backend\system\Database\SQLite3\Connection.php(59): CodeIgniter\Database\BaseConnection->initialize()
#2 C:\xampp\htdocs\pancapp-backend\system\Database\BaseConnection.php(573): CodeIgniter\Database\SQLite3\Connection->initialize()
#3 C:\xampp\htdocs\pancapp-backend\system\Database\BaseBuilder.php(1616): CodeIgniter\Database\BaseConnection->query('SELECT *\nFROM `...', Array, false)
#4 C:\xampp\htdocs\pancapp-backend\app\Models\ClienteModel.php(24): CodeIgniter\Database\BaseBuilder->get()
#5 C:\xampp\htdocs\pancapp-backend\app\Controllers\Login.php(11): App\Models\ClienteModel->getCliente()
#6 C:\xampp\htdocs\pancapp-backend\tests\controllers\LoginTest.php(30): App\Controllers\Login->create()
#7 C:\xampp\htdocs\pancapp-backend\vendor\phpunit\phpunit\src\Framework\TestCase.php(1414): LoginTest->testLoginSuccessful()
#8 C:\xampp\htdocs\pancapp-backend\vendor\phpunit\phpunit\src\Framework\TestCase.php(1031): PHPUnit\Framework\TestCase->runTest()
#9 C:\xampp\htdocs\pancapp-backend\vendor\phpunit\phpunit\src\Framework\TestResult.php(688): PHPUnit\Framework\TestCase->runBare()
#10 C:\xampp\htdocs\pancapp-backend\vendor\phpunit\phpunit\src\Framework\TestCase.php(772): PHPUnit\Framework\TestResult->run(Object(LoginTest))
#11 C:\xampp\htdocs\pancapp-backend\vendor\phpunit\phpunit\src\Framework\TestSuite.php(639): PHPUnit\Framework\TestCase->run(Object(PHPUnit\Framework\TestResult))
#12 C:\xampp\htdocs\pancapp-backend\vendor\phpunit\phpunit\src\Framework\TestSuite.php(639): PHPUnit\Framework\TestSuite->run(Object(PHPUnit\Framework\TestResult))
#13 C:\xampp\htdocs\pancapp-backend\vendor\phpunit\phpunit\src\TextUI\TestRunner.php(653): PHPUnit\Framework\TestSuite->run(Object(PHPUnit\Framework\TestResult))
#14 C:\xampp\htdocs\pancapp-backend\vendor\phpunit\phpunit\src\TextUI\Command.php(103): PHPUnit\TextUI\TestRunner->run(Object(PHPUnit\Framework\TestSuite), Array, true)
#15 C:\xampp\htdocs\pancapp-backend\vendor\phpunit\phpunit\src\TextUI\Command.php(63): PHPUnit\TextUI\Command->run(Array, true)
#16 phpvfscomposer://C:\xampp\htdocs\pancapp-backend\vendor\phpunit\phpunit\phpunit(60): PHPUnit\TextUI\Command::main()
#17 C:\xampp\htdocs\pancapp-backend\vendor\bin\phpunit(118): include('phpvfscomposer:...')
#18 {main}
ERROR - 2024-06-18 23:08:57 --> Error connecting to the database: Error: Class 'SQLite3' not found in C:\xampp\htdocs\pancapp-backend\system\Database\SQLite3\Connection.php:89
Stack trace:
#0 C:\xampp\htdocs\pancapp-backend\system\Database\BaseConnection.php(391): CodeIgniter\Database\SQLite3\Connection->connect(false)
#1 C:\xampp\htdocs\pancapp-backend\system\Database\SQLite3\Connection.php(59): CodeIgniter\Database\BaseConnection->initialize()
#2 C:\xampp\htdocs\pancapp-backend\system\Database\BaseConnection.php(573): CodeIgniter\Database\SQLite3\Connection->initialize()
#3 C:\xampp\htdocs\pancapp-backend\system\Database\BaseBuilder.php(1616): CodeIgniter\Database\BaseConnection->query('SELECT *\nFROM `...', Array, false)
#4 C:\xampp\htdocs\pancapp-backend\app\Models\ClienteModel.php(24): CodeIgniter\Database\BaseBuilder->get()
#5 C:\xampp\htdocs\pancapp-backend\app\Controllers\Login.php(11): App\Models\ClienteModel->getCliente()
#6 C:\xampp\htdocs\pancapp-backend\tests\controllers\LoginTest.php(61): App\Controllers\Login->create()
#7 C:\xampp\htdocs\pancapp-backend\vendor\phpunit\phpunit\src\Framework\TestCase.php(1414): LoginTest->testLoginIncorrectPassword()
#8 C:\xampp\htdocs\pancapp-backend\vendor\phpunit\phpunit\src\Framework\TestCase.php(1031): PHPUnit\Framework\TestCase->runTest()
#9 C:\xampp\htdocs\pancapp-backend\vendor\phpunit\phpunit\src\Framework\TestResult.php(688): PHPUnit\Framework\TestCase->runBare()
#10 C:\xampp\htdocs\pancapp-backend\vendor\phpunit\phpunit\src\Framework\TestCase.php(772): PHPUnit\Framework\TestResult->run(Object(LoginTest))
#11 C:\xampp\htdocs\pancapp-backend\vendor\phpunit\phpunit\src\Framework\TestSuite.php(639): PHPUnit\Framework\TestCase->run(Object(PHPUnit\Framework\TestResult))
#12 C:\xampp\htdocs\pancapp-backend\vendor\phpunit\phpunit\src\Framework\TestSuite.php(639): PHPUnit\Framework\TestSuite->run(Object(PHPUnit\Framework\TestResult))
#13 C:\xampp\htdocs\pancapp-backend\vendor\phpunit\phpunit\src\TextUI\TestRunner.php(653): PHPUnit\Framework\TestSuite->run(Object(PHPUnit\Framework\TestResult))
#14 C:\xampp\htdocs\pancapp-backend\vendor\phpunit\phpunit\src\TextUI\Command.php(103): PHPUnit\TextUI\TestRunner->run(Object(PHPUnit\Framework\TestSuite), Array, true)
#15 C:\xampp\htdocs\pancapp-backend\vendor\phpunit\phpunit\src\TextUI\Command.php(63): PHPUnit\TextUI\Command->run(Array, true)
#16 phpvfscomposer://C:\xampp\htdocs\pancapp-backend\vendor\phpunit\phpunit\phpunit(60): PHPUnit\TextUI\Command::main()
#17 C:\xampp\htdocs\pancapp-backend\vendor\bin\phpunit(118): include('phpvfscomposer:...')
#18 {main}
ERROR - 2024-06-18 23:08:57 --> Error connecting to the database: Error: Class 'SQLite3' not found in C:\xampp\htdocs\pancapp-backend\system\Database\SQLite3\Connection.php:89
Stack trace:
#0 C:\xampp\htdocs\pancapp-backend\system\Database\BaseConnection.php(391): CodeIgniter\Database\SQLite3\Connection->connect(false)
#1 C:\xampp\htdocs\pancapp-backend\system\Database\SQLite3\Connection.php(59): CodeIgniter\Database\BaseConnection->initialize()
#2 C:\xampp\htdocs\pancapp-backend\system\Database\BaseConnection.php(573): CodeIgniter\Database\SQLite3\Connection->initialize()
#3 C:\xampp\htdocs\pancapp-backend\system\Database\BaseBuilder.php(1616): CodeIgniter\Database\BaseConnection->query('SELECT *\nFROM `...', Array, false)
#4 C:\xampp\htdocs\pancapp-backend\app\Models\ClienteModel.php(24): CodeIgniter\Database\BaseBuilder->get()
#5 C:\xampp\htdocs\pancapp-backend\app\Controllers\Login.php(11): App\Models\ClienteModel->getCliente()
#6 C:\xampp\htdocs\pancapp-backend\tests\controllers\LoginTest.php(87): App\Controllers\Login->create()
#7 C:\xampp\htdocs\pancapp-backend\vendor\phpunit\phpunit\src\Framework\TestCase.php(1414): LoginTest->testLoginIncorrectUsername()
#8 C:\xampp\htdocs\pancapp-backend\vendor\phpunit\phpunit\src\Framework\TestCase.php(1031): PHPUnit\Framework\TestCase->runTest()
#9 C:\xampp\htdocs\pancapp-backend\vendor\phpunit\phpunit\src\Framework\TestResult.php(688): PHPUnit\Framework\TestCase->runBare()
#10 C:\xampp\htdocs\pancapp-backend\vendor\phpunit\phpunit\src\Framework\TestCase.php(772): PHPUnit\Framework\TestResult->run(Object(LoginTest))
#11 C:\xampp\htdocs\pancapp-backend\vendor\phpunit\phpunit\src\Framework\TestSuite.php(639): PHPUnit\Framework\TestCase->run(Object(PHPUnit\Framework\TestResult))
#12 C:\xampp\htdocs\pancapp-backend\vendor\phpunit\phpunit\src\Framework\TestSuite.php(639): PHPUnit\Framework\TestSuite->run(Object(PHPUnit\Framework\TestResult))
#13 C:\xampp\htdocs\pancapp-backend\vendor\phpunit\phpunit\src\TextUI\TestRunner.php(653): PHPUnit\Framework\TestSuite->run(Object(PHPUnit\Framework\TestResult))
#14 C:\xampp\htdocs\pancapp-backend\vendor\phpunit\phpunit\src\TextUI\Command.php(103): PHPUnit\TextUI\TestRunner->run(Object(PHPUnit\Framework\TestSuite), Array, true)
#15 C:\xampp\htdocs\pancapp-backend\vendor\phpunit\phpunit\src\TextUI\Command.php(63): PHPUnit\TextUI\Command->run(Array, true)
#16 phpvfscomposer://C:\xampp\htdocs\pancapp-backend\vendor\phpunit\phpunit\phpunit(60): PHPUnit\TextUI\Command::main()
#17 C:\xampp\htdocs\pancapp-backend\vendor\bin\phpunit(118): include('phpvfscomposer:...')
#18 {main}
ERROR - 2024-06-18 23:08:57 --> Error connecting to the database: Error: Class 'SQLite3' not found in C:\xampp\htdocs\pancapp-backend\system\Database\SQLite3\Connection.php:89
Stack trace:
#0 C:\xampp\htdocs\pancapp-backend\system\Database\BaseConnection.php(391): CodeIgniter\Database\SQLite3\Connection->connect(false)
#1 C:\xampp\htdocs\pancapp-backend\system\Database\SQLite3\Connection.php(59): CodeIgniter\Database\BaseConnection->initialize()
#2 C:\xampp\htdocs\pancapp-backend\system\Database\BaseConnection.php(573): CodeIgniter\Database\SQLite3\Connection->initialize()
#3 C:\xampp\htdocs\pancapp-backend\system\Database\BaseBuilder.php(1616): CodeIgniter\Database\BaseConnection->query('SELECT *\nFROM `...', Array, false)
#4 C:\xampp\htdocs\pancapp-backend\app\Models\ClienteModel.php(24): CodeIgniter\Database\BaseBuilder->get()
#5 C:\xampp\htdocs\pancapp-backend\app\Controllers\Login.php(11): App\Models\ClienteModel->getCliente()
#6 C:\xampp\htdocs\pancapp-backend\tests\controllers\LoginTest.php(113): App\Controllers\Login->create()
#7 C:\xampp\htdocs\pancapp-backend\vendor\phpunit\phpunit\src\Framework\TestCase.php(1414): LoginTest->testLoginNoData()
#8 C:\xampp\htdocs\pancapp-backend\vendor\phpunit\phpunit\src\Framework\TestCase.php(1031): PHPUnit\Framework\TestCase->runTest()
#9 C:\xampp\htdocs\pancapp-backend\vendor\phpunit\phpunit\src\Framework\TestResult.php(688): PHPUnit\Framework\TestCase->runBare()
#10 C:\xampp\htdocs\pancapp-backend\vendor\phpunit\phpunit\src\Framework\TestCase.php(772): PHPUnit\Framework\TestResult->run(Object(LoginTest))
#11 C:\xampp\htdocs\pancapp-backend\vendor\phpunit\phpunit\src\Framework\TestSuite.php(639): PHPUnit\Framework\TestCase->run(Object(PHPUnit\Framework\TestResult))
#12 C:\xampp\htdocs\pancapp-backend\vendor\phpunit\phpunit\src\Framework\TestSuite.php(639): PHPUnit\Framework\TestSuite->run(Object(PHPUnit\Framework\TestResult))
#13 C:\xampp\htdocs\pancapp-backend\vendor\phpunit\phpunit\src\TextUI\TestRunner.php(653): PHPUnit\Framework\TestSuite->run(Object(PHPUnit\Framework\TestResult))
#14 C:\xampp\htdocs\pancapp-backend\vendor\phpunit\phpunit\src\TextUI\Command.php(103): PHPUnit\TextUI\TestRunner->run(Object(PHPUnit\Framework\TestSuite), Array, true)
#15 C:\xampp\htdocs\pancapp-backend\vendor\phpunit\phpunit\src\TextUI\Command.php(63): PHPUnit\TextUI\Command->run(Array, true)
#16 phpvfscomposer://C:\xampp\htdocs\pancapp-backend\vendor\phpunit\phpunit\phpunit(60): PHPUnit\TextUI\Command::main()
#17 C:\xampp\htdocs\pancapp-backend\vendor\bin\phpunit(118): include('phpvfscomposer:...')
#18 {main}
ERROR - 2024-06-18 23:09:55 --> Error connecting to the database: Error: Class 'SQLite3' not found in C:\xampp\htdocs\pancapp-backend\system\Database\SQLite3\Connection.php:89
Stack trace:
#0 C:\xampp\htdocs\pancapp-backend\system\Database\BaseConnection.php(391): CodeIgniter\Database\SQLite3\Connection->connect(false)
#1 C:\xampp\htdocs\pancapp-backend\system\Database\SQLite3\Connection.php(59): CodeIgniter\Database\BaseConnection->initialize()
#2 C:\xampp\htdocs\pancapp-backend\system\Database\BaseConnection.php(573): CodeIgniter\Database\SQLite3\Connection->initialize()
#3 C:\xampp\htdocs\pancapp-backend\system\Database\BaseBuilder.php(1616): CodeIgniter\Database\BaseConnection->query('SELECT *\nFROM `...', Array, false)
#4 C:\xampp\htdocs\pancapp-backend\app\Models\ClienteModel.php(24): CodeIgniter\Database\BaseBuilder->get()
#5 C:\xampp\htdocs\pancapp-backend\app\Controllers\Login.php(11): App\Models\ClienteModel->getCliente()
#6 C:\xampp\htdocs\pancapp-backend\tests\controllers\LoginTest.php(30): App\Controllers\Login->create()
#7 C:\xampp\htdocs\pancapp-backend\vendor\phpunit\phpunit\src\Framework\TestCase.php(1414): LoginTest->testLoginSuccessful()
#8 C:\xampp\htdocs\pancapp-backend\vendor\phpunit\phpunit\src\Framework\TestCase.php(1031): PHPUnit\Framework\TestCase->runTest()
#9 C:\xampp\htdocs\pancapp-backend\vendor\phpunit\phpunit\src\Framework\TestResult.php(688): PHPUnit\Framework\TestCase->runBare()
#10 C:\xampp\htdocs\pancapp-backend\vendor\phpunit\phpunit\src\Framework\TestCase.php(772): PHPUnit\Framework\TestResult->run(Object(LoginTest))
#11 C:\xampp\htdocs\pancapp-backend\vendor\phpunit\phpunit\src\Framework\TestSuite.php(639): PHPUnit\Framework\TestCase->run(Object(PHPUnit\Framework\TestResult))
#12 C:\xampp\htdocs\pancapp-backend\vendor\phpunit\phpunit\src\Framework\TestSuite.php(639): PHPUnit\Framework\TestSuite->run(Object(PHPUnit\Framework\TestResult))
#13 C:\xampp\htdocs\pancapp-backend\vendor\phpunit\phpunit\src\Framework\TestSuite.php(639): PHPUnit\Framework\TestSuite->run(Object(PHPUnit\Framework\TestResult))
#14 C:\xampp\htdocs\pancapp-backend\vendor\phpunit\phpunit\src\TextUI\TestRunner.php(653): PHPUnit\Framework\TestSuite->run(Object(PHPUnit\Framework\TestResult))
#15 C:\xampp\htdocs\pancapp-backend\vendor\phpunit\phpunit\src\TextUI\Command.php(103): PHPUnit\TextUI\TestRunner->run(Object(PHPUnit\Framework\TestSuite), Array, true)
#16 C:\xampp\htdocs\pancapp-backend\vendor\phpunit\phpunit\src\TextUI\Command.php(63): PHPUnit\TextUI\Command->run(Array, true)
#17 phpvfscomposer://C:\xampp\htdocs\pancapp-backend\vendor\phpunit\phpunit\phpunit(60): PHPUnit\TextUI\Command::main()
#18 C:\xampp\htdocs\pancapp-backend\vendor\bin\phpunit(118): include('phpvfscomposer:...')
#19 {main}
ERROR - 2024-06-18 23:10:14 --> Error connecting to the database: Error: Class 'SQLite3' not found in C:\xampp\htdocs\pancapp-backend\system\Database\SQLite3\Connection.php:89
Stack trace:
#0 C:\xampp\htdocs\pancapp-backend\system\Database\BaseConnection.php(391): CodeIgniter\Database\SQLite3\Connection->connect(false)
#1 C:\xampp\htdocs\pancapp-backend\system\Database\SQLite3\Connection.php(59): CodeIgniter\Database\BaseConnection->initialize()
#2 C:\xampp\htdocs\pancapp-backend\system\Database\BaseConnection.php(573): CodeIgniter\Database\SQLite3\Connection->initialize()
#3 C:\xampp\htdocs\pancapp-backend\system\Database\BaseBuilder.php(1616): CodeIgniter\Database\BaseConnection->query('SELECT *\nFROM `...', Array, false)
#4 C:\xampp\htdocs\pancapp-backend\app\Models\ClienteModel.php(24): CodeIgniter\Database\BaseBuilder->get()
#5 C:\xampp\htdocs\pancapp-backend\app\Controllers\Login.php(11): App\Models\ClienteModel->getCliente()
#6 C:\xampp\htdocs\pancapp-backend\tests\controllers\LoginTest.php(30): App\Controllers\Login->create()
#7 C:\xampp\htdocs\pancapp-backend\vendor\phpunit\phpunit\src\Framework\TestCase.php(1414): LoginTest->testLoginSuccessful()
#8 C:\xampp\htdocs\pancapp-backend\vendor\phpunit\phpunit\src\Framework\TestCase.php(1031): PHPUnit\Framework\TestCase->runTest()
#9 C:\xampp\htdocs\pancapp-backend\vendor\phpunit\phpunit\src\Framework\TestResult.php(688): PHPUnit\Framework\TestCase->runBare()
#10 C:\xampp\htdocs\pancapp-backend\vendor\phpunit\phpunit\src\Framework\TestCase.php(772): PHPUnit\Framework\TestResult->run(Object(LoginTest))
#11 C:\xampp\htdocs\pancapp-backend\vendor\phpunit\phpunit\src\Framework\TestSuite.php(639): PHPUnit\Framework\TestCase->run(Object(PHPUnit\Framework\TestResult))
#12 C:\xampp\htdocs\pancapp-backend\vendor\phpunit\phpunit\src\Framework\TestSuite.php(639): PHPUnit\Framework\TestSuite->run(Object(PHPUnit\Framework\TestResult))
#13 C:\xampp\htdocs\pancapp-backend\vendor\phpunit\phpunit\src\TextUI\TestRunner.php(653): PHPUnit\Framework\TestSuite->run(Object(PHPUnit\Framework\TestResult))
#14 C:\xampp\htdocs\pancapp-backend\vendor\phpunit\phpunit\src\TextUI\Command.php(103): PHPUnit\TextUI\TestRunner->run(Object(PHPUnit\Framework\TestSuite), Array, true)
#15 C:\xampp\htdocs\pancapp-backend\vendor\phpunit\phpunit\src\TextUI\Command.php(63): PHPUnit\TextUI\Command->run(Array, true)
#16 phpvfscomposer://C:\xampp\htdocs\pancapp-backend\vendor\phpunit\phpunit\phpunit(60): PHPUnit\TextUI\Command::main()
#17 C:\xampp\htdocs\pancapp-backend\vendor\bin\phpunit(118): include('phpvfscomposer:...')
#18 {main}
ERROR - 2024-06-18 23:10:14 --> Error connecting to the database: Error: Class 'SQLite3' not found in C:\xampp\htdocs\pancapp-backend\system\Database\SQLite3\Connection.php:89
Stack trace:
#0 C:\xampp\htdocs\pancapp-backend\system\Database\BaseConnection.php(391): CodeIgniter\Database\SQLite3\Connection->connect(false)
#1 C:\xampp\htdocs\pancapp-backend\system\Database\SQLite3\Connection.php(59): CodeIgniter\Database\BaseConnection->initialize()
#2 C:\xampp\htdocs\pancapp-backend\system\Database\BaseConnection.php(573): CodeIgniter\Database\SQLite3\Connection->initialize()
#3 C:\xampp\htdocs\pancapp-backend\system\Database\BaseBuilder.php(1616): CodeIgniter\Database\BaseConnection->query('SELECT *\nFROM `...', Array, false)
#4 C:\xampp\htdocs\pancapp-backend\app\Models\ClienteModel.php(24): CodeIgniter\Database\BaseBuilder->get()
#5 C:\xampp\htdocs\pancapp-backend\app\Controllers\Login.php(11): App\Models\ClienteModel->getCliente()
#6 C:\xampp\htdocs\pancapp-backend\tests\controllers\LoginTest.php(61): App\Controllers\Login->create()
#7 C:\xampp\htdocs\pancapp-backend\vendor\phpunit\phpunit\src\Framework\TestCase.php(1414): LoginTest->testLoginIncorrectPassword()
#8 C:\xampp\htdocs\pancapp-backend\vendor\phpunit\phpunit\src\Framework\TestCase.php(1031): PHPUnit\Framework\TestCase->runTest()
#9 C:\xampp\htdocs\pancapp-backend\vendor\phpunit\phpunit\src\Framework\TestResult.php(688): PHPUnit\Framework\TestCase->runBare()
#10 C:\xampp\htdocs\pancapp-backend\vendor\phpunit\phpunit\src\Framework\TestCase.php(772): PHPUnit\Framework\TestResult->run(Object(LoginTest))
#11 C:\xampp\htdocs\pancapp-backend\vendor\phpunit\phpunit\src\Framework\TestSuite.php(639): PHPUnit\Framework\TestCase->run(Object(PHPUnit\Framework\TestResult))
#12 C:\xampp\htdocs\pancapp-backend\vendor\phpunit\phpunit\src\Framework\TestSuite.php(639): PHPUnit\Framework\TestSuite->run(Object(PHPUnit\Framework\TestResult))
#13 C:\xampp\htdocs\pancapp-backend\vendor\phpunit\phpunit\src\TextUI\TestRunner.php(653): PHPUnit\Framework\TestSuite->run(Object(PHPUnit\Framework\TestResult))
#14 C:\xampp\htdocs\pancapp-backend\vendor\phpunit\phpunit\src\TextUI\Command.php(103): PHPUnit\TextUI\TestRunner->run(Object(PHPUnit\Framework\TestSuite), Array, true)
#15 C:\xampp\htdocs\pancapp-backend\vendor\phpunit\phpunit\src\TextUI\Command.php(63): PHPUnit\TextUI\Command->run(Array, true)
#16 phpvfscomposer://C:\xampp\htdocs\pancapp-backend\vendor\phpunit\phpunit\phpunit(60): PHPUnit\TextUI\Command::main()
#17 C:\xampp\htdocs\pancapp-backend\vendor\bin\phpunit(118): include('phpvfscomposer:...')
#18 {main}
ERROR - 2024-06-18 23:10:14 --> Error connecting to the database: Error: Class 'SQLite3' not found in C:\xampp\htdocs\pancapp-backend\system\Database\SQLite3\Connection.php:89
Stack trace:
#0 C:\xampp\htdocs\pancapp-backend\system\Database\BaseConnection.php(391): CodeIgniter\Database\SQLite3\Connection->connect(false)
#1 C:\xampp\htdocs\pancapp-backend\system\Database\SQLite3\Connection.php(59): CodeIgniter\Database\BaseConnection->initialize()
#2 C:\xampp\htdocs\pancapp-backend\system\Database\BaseConnection.php(573): CodeIgniter\Database\SQLite3\Connection->initialize()
#3 C:\xampp\htdocs\pancapp-backend\system\Database\BaseBuilder.php(1616): CodeIgniter\Database\BaseConnection->query('SELECT *\nFROM `...', Array, false)
#4 C:\xampp\htdocs\pancapp-backend\app\Models\ClienteModel.php(24): CodeIgniter\Database\BaseBuilder->get()
#5 C:\xampp\htdocs\pancapp-backend\app\Controllers\Login.php(11): App\Models\ClienteModel->getCliente()
#6 C:\xampp\htdocs\pancapp-backend\tests\controllers\LoginTest.php(87): App\Controllers\Login->create()
#7 C:\xampp\htdocs\pancapp-backend\vendor\phpunit\phpunit\src\Framework\TestCase.php(1414): LoginTest->testLoginIncorrectUsername()
#8 C:\xampp\htdocs\pancapp-backend\vendor\phpunit\phpunit\src\Framework\TestCase.php(1031): PHPUnit\Framework\TestCase->runTest()
#9 C:\xampp\htdocs\pancapp-backend\vendor\phpunit\phpunit\src\Framework\TestResult.php(688): PHPUnit\Framework\TestCase->runBare()
#10 C:\xampp\htdocs\pancapp-backend\vendor\phpunit\phpunit\src\Framework\TestCase.php(772): PHPUnit\Framework\TestResult->run(Object(LoginTest))
#11 C:\xampp\htdocs\pancapp-backend\vendor\phpunit\phpunit\src\Framework\TestSuite.php(639): PHPUnit\Framework\TestCase->run(Object(PHPUnit\Framework\TestResult))
#12 C:\xampp\htdocs\pancapp-backend\vendor\phpunit\phpunit\src\Framework\TestSuite.php(639): PHPUnit\Framework\TestSuite->run(Object(PHPUnit\Framework\TestResult))
#13 C:\xampp\htdocs\pancapp-backend\vendor\phpunit\phpunit\src\TextUI\TestRunner.php(653): PHPUnit\Framework\TestSuite->run(Object(PHPUnit\Framework\TestResult))
#14 C:\xampp\htdocs\pancapp-backend\vendor\phpunit\phpunit\src\TextUI\Command.php(103): PHPUnit\TextUI\TestRunner->run(Object(PHPUnit\Framework\TestSuite), Array, true)
#15 C:\xampp\htdocs\pancapp-backend\vendor\phpunit\phpunit\src\TextUI\Command.php(63): PHPUnit\TextUI\Command->run(Array, true)
#16 phpvfscomposer://C:\xampp\htdocs\pancapp-backend\vendor\phpunit\phpunit\phpunit(60): PHPUnit\TextUI\Command::main()
#17 C:\xampp\htdocs\pancapp-backend\vendor\bin\phpunit(118): include('phpvfscomposer:...')
#18 {main}
ERROR - 2024-06-18 23:10:14 --> Error connecting to the database: Error: Class 'SQLite3' not found in C:\xampp\htdocs\pancapp-backend\system\Database\SQLite3\Connection.php:89
Stack trace:
#0 C:\xampp\htdocs\pancapp-backend\system\Database\BaseConnection.php(391): CodeIgniter\Database\SQLite3\Connection->connect(false)
#1 C:\xampp\htdocs\pancapp-backend\system\Database\SQLite3\Connection.php(59): CodeIgniter\Database\BaseConnection->initialize()
#2 C:\xampp\htdocs\pancapp-backend\system\Database\BaseConnection.php(573): CodeIgniter\Database\SQLite3\Connection->initialize()
#3 C:\xampp\htdocs\pancapp-backend\system\Database\BaseBuilder.php(1616): CodeIgniter\Database\BaseConnection->query('SELECT *\nFROM `...', Array, false)
#4 C:\xampp\htdocs\pancapp-backend\app\Models\ClienteModel.php(24): CodeIgniter\Database\BaseBuilder->get()
#5 C:\xampp\htdocs\pancapp-backend\app\Controllers\Login.php(11): App\Models\ClienteModel->getCliente()
#6 C:\xampp\htdocs\pancapp-backend\tests\controllers\LoginTest.php(113): App\Controllers\Login->create()
#7 C:\xampp\htdocs\pancapp-backend\vendor\phpunit\phpunit\src\Framework\TestCase.php(1414): LoginTest->testLoginNoData()
#8 C:\xampp\htdocs\pancapp-backend\vendor\phpunit\phpunit\src\Framework\TestCase.php(1031): PHPUnit\Framework\TestCase->runTest()
#9 C:\xampp\htdocs\pancapp-backend\vendor\phpunit\phpunit\src\Framework\TestResult.php(688): PHPUnit\Framework\TestCase->runBare()
#10 C:\xampp\htdocs\pancapp-backend\vendor\phpunit\phpunit\src\Framework\TestCase.php(772): PHPUnit\Framework\TestResult->run(Object(LoginTest))
#11 C:\xampp\htdocs\pancapp-backend\vendor\phpunit\phpunit\src\Framework\TestSuite.php(639): PHPUnit\Framework\TestCase->run(Object(PHPUnit\Framework\TestResult))
#12 C:\xampp\htdocs\pancapp-backend\vendor\phpunit\phpunit\src\Framework\TestSuite.php(639): PHPUnit\Framework\TestSuite->run(Object(PHPUnit\Framework\TestResult))
#13 C:\xampp\htdocs\pancapp-backend\vendor\phpunit\phpunit\src\TextUI\TestRunner.php(653): PHPUnit\Framework\TestSuite->run(Object(PHPUnit\Framework\TestResult))
#14 C:\xampp\htdocs\pancapp-backend\vendor\phpunit\phpunit\src\TextUI\Command.php(103): PHPUnit\TextUI\TestRunner->run(Object(PHPUnit\Framework\TestSuite), Array, true)
#15 C:\xampp\htdocs\pancapp-backend\vendor\phpunit\phpunit\src\TextUI\Command.php(63): PHPUnit\TextUI\Command->run(Array, true)
#16 phpvfscomposer://C:\xampp\htdocs\pancapp-backend\vendor\phpunit\phpunit\phpunit(60): PHPUnit\TextUI\Command::main()
#17 C:\xampp\htdocs\pancapp-backend\vendor\bin\phpunit(118): include('phpvfscomposer:...')
#18 {main}
ERROR - 2024-06-18 23:10:33 --> Error connecting to the database: Error: Class 'SQLite3' not found in C:\xampp\htdocs\pancapp-backend\system\Database\SQLite3\Connection.php:89
Stack trace:
#0 C:\xampp\htdocs\pancapp-backend\system\Database\BaseConnection.php(391): CodeIgniter\Database\SQLite3\Connection->connect(false)
#1 C:\xampp\htdocs\pancapp-backend\system\Database\SQLite3\Connection.php(59): CodeIgniter\Database\BaseConnection->initialize()
#2 C:\xampp\htdocs\pancapp-backend\system\Database\BaseConnection.php(573): CodeIgniter\Database\SQLite3\Connection->initialize()
#3 C:\xampp\htdocs\pancapp-backend\system\Database\BaseBuilder.php(1616): CodeIgniter\Database\BaseConnection->query('SELECT *\nFROM `...', Array, false)
#4 C:\xampp\htdocs\pancapp-backend\app\Models\ClienteModel.php(24): CodeIgniter\Database\BaseBuilder->get()
#5 C:\xampp\htdocs\pancapp-backend\app\Controllers\Login.php(11): App\Models\ClienteModel->getCliente()
#6 C:\xampp\htdocs\pancapp-backend\tests\controllers\LoginTest.php(30): App\Controllers\Login->create()
#7 C:\xampp\htdocs\pancapp-backend\vendor\phpunit\phpunit\src\Framework\TestCase.php(1414): LoginTest->testLoginSuccessful()
#8 C:\xampp\htdocs\pancapp-backend\vendor\phpunit\phpunit\src\Framework\TestCase.php(1031): PHPUnit\Framework\TestCase->runTest()
#9 C:\xampp\htdocs\pancapp-backend\vendor\phpunit\phpunit\src\Framework\TestResult.php(688): PHPUnit\Framework\TestCase->runBare()
#10 C:\xampp\htdocs\pancapp-backend\vendor\phpunit\phpunit\src\Framework\TestCase.php(772): PHPUnit\Framework\TestResult->run(Object(LoginTest))
#11 C:\xampp\htdocs\pancapp-backend\vendor\phpunit\phpunit\src\Framework\TestSuite.php(639): PHPUnit\Framework\TestCase->run(Object(PHPUnit\Framework\TestResult))
#12 C:\xampp\htdocs\pancapp-backend\vendor\phpunit\phpunit\src\Framework\TestSuite.php(639): PHPUnit\Framework\TestSuite->run(Object(PHPUnit\Framework\TestResult))
#13 C:\xampp\htdocs\pancapp-backend\vendor\phpunit\phpunit\src\TextUI\TestRunner.php(653): PHPUnit\Framework\TestSuite->run(Object(PHPUnit\Framework\TestResult))
#14 C:\xampp\htdocs\pancapp-backend\vendor\phpunit\phpunit\src\TextUI\Command.php(103): PHPUnit\TextUI\TestRunner->run(Object(PHPUnit\Framework\TestSuite), Array, true)
#15 C:\xampp\htdocs\pancapp-backend\vendor\phpunit\phpunit\src\TextUI\Command.php(63): PHPUnit\TextUI\Command->run(Array, true)
#16 phpvfscomposer://C:\xampp\htdocs\pancapp-backend\vendor\phpunit\phpunit\phpunit(60): PHPUnit\TextUI\Command::main()
#17 C:\xampp\htdocs\pancapp-backend\vendor\bin\phpunit(118): include('phpvfscomposer:...')
#18 {main}
ERROR - 2024-06-18 23:31:41 --> Error connecting to the database: Error: Class 'SQLite3' not found in C:\xampp\htdocs\pancapp-backend\system\Database\SQLite3\Connection.php:89
Stack trace:
#0 C:\xampp\htdocs\pancapp-backend\system\Database\BaseConnection.php(391): CodeIgniter\Database\SQLite3\Connection->connect(false)
#1 C:\xampp\htdocs\pancapp-backend\system\Database\SQLite3\Connection.php(59): CodeIgniter\Database\BaseConnection->initialize()
#2 C:\xampp\htdocs\pancapp-backend\system\Database\BaseConnection.php(573): CodeIgniter\Database\SQLite3\Connection->initialize()
#3 C:\xampp\htdocs\pancapp-backend\system\Database\BaseBuilder.php(1616): CodeIgniter\Database\BaseConnection->query('SELECT *\nFROM `...', Array, false)
#4 C:\xampp\htdocs\pancapp-backend\system\Model.php(241): CodeIgniter\Database\BaseBuilder->get()
#5 C:\xampp\htdocs\pancapp-backend\system\BaseModel.php(618): CodeIgniter\Model->doFindAll(0, 0)
#6 C:\xampp\htdocs\pancapp-backend\tests\controllers\LoginTest.php(17): CodeIgniter\BaseModel->findAll()
#7 C:\xampp\htdocs\pancapp-backend\tests\controllers\LoginTest.php(61): class@anonymous->index()
#8 C:\xampp\htdocs\pancapp-backend\vendor\phpunit\phpunit\src\Framework\TestCase.php(1414): LoginTest->testIndexWithoutAuthorization()
#9 C:\xampp\htdocs\pancapp-backend\vendor\phpunit\phpunit\src\Framework\TestCase.php(1031): PHPUnit\Framework\TestCase->runTest()
#10 C:\xampp\htdocs\pancapp-backend\vendor\phpunit\phpunit\src\Framework\TestResult.php(688): PHPUnit\Framework\TestCase->runBare()
#11 C:\xampp\htdocs\pancapp-backend\vendor\phpunit\phpunit\src\Framework\TestCase.php(772): PHPUnit\Framework\TestResult->run(Object(LoginTest))
#12 C:\xampp\htdocs\pancapp-backend\vendor\phpunit\phpunit\src\Framework\TestSuite.php(639): PHPUnit\Framework\TestCase->run(Object(PHPUnit\Framework\TestResult))
#13 C:\xampp\htdocs\pancapp-backend\vendor\phpunit\phpunit\src\Framework\TestSuite.php(639): PHPUnit\Framework\TestSuite->run(Object(PHPUnit\Framework\TestResult))
#14 C:\xampp\htdocs\pancapp-backend\vendor\phpunit\phpunit\src\Framework\TestSuite.php(639): PHPUnit\Framework\TestSuite->run(Object(PHPUnit\Framework\TestResult))
#15 C:\xampp\htdocs\pancapp-backend\vendor\phpunit\phpunit\src\TextUI\TestRunner.php(653): PHPUnit\Framework\TestSuite->run(Object(PHPUnit\Framework\TestResult))
#16 C:\xampp\htdocs\pancapp-backend\vendor\phpunit\phpunit\src\TextUI\Command.php(108): PHPUnit\TextUI\TestRunner->run(Object(PHPUnit\Framework\TestSuite), Array, Array, true)
#17 C:\xampp\htdocs\pancapp-backend\vendor\phpunit\phpunit\src\TextUI\Command.php(68): PHPUnit\TextUI\Command->run(Array, true)
#18 phpvfscomposer://C:\xampp\htdocs\pancapp-backend\vendor\phpunit\phpunit\phpunit(60): PHPUnit\TextUI\Command::main()
#19 C:\xampp\htdocs\pancapp-backend\vendor\bin\phpunit(118): include('phpvfscomposer:...')
#20 {main}
