ERROR - 2023-11-18 15:31:16 --> mysqli_sql_exception: Cannot add or update a child row: a foreign key constraint fails (`app_panca`.`pedido`, CONSTRAINT `fk_pedido_mesa` FOREIGN KEY (`pedi_mesa_id`) REFERENCES `mesa` (`mesa_id`) ON DELETE NO ACTION ON UPDATE NO ACTION) in /home/app/public_html/panca/system/Database/MySQLi/Connection.php:295
Stack trace:
#0 /home/app/public_html/panca/system/Database/MySQLi/Connection.php(295): mysqli->query('INSERT INTO `pe...', 0)
#1 /home/app/public_html/panca/system/Database/BaseConnection.php(691): CodeIgniter\Database\MySQLi\Connection->execute('INSERT INTO `pe...')
#2 /home/app/public_html/panca/system/Database/BaseConnection.php(605): CodeIgniter\Database\BaseConnection->simpleQuery('INSERT INTO `pe...')
#3 /home/app/public_html/panca/system/Database/BaseBuilder.php(2309): CodeIgniter\Database\BaseConnection->query('INSERT INTO `pe...', Array, false)
#4 /home/app/public_html/panca/system/Model.php(330): CodeIgniter\Database\BaseBuilder->insert()
#5 /home/app/public_html/panca/system/BaseModel.php(782): CodeIgniter\Model->doInsert(Array)
#6 /home/app/public_html/panca/system/Model.php(730): CodeIgniter\BaseModel->insert(Array, true)
#7 /home/app/public_html/panca/app/Controllers/Pedido.php(137): CodeIgniter\Model->insert(Array)
#8 /home/app/public_html/panca/system/CodeIgniter.php(934): App\Controllers\Pedido->create()
#9 /home/app/public_html/panca/system/CodeIgniter.php(499): CodeIgniter\CodeIgniter->runController(Object(App\Controllers\Pedido))
#10 /home/app/public_html/panca/system/CodeIgniter.php(368): CodeIgniter\CodeIgniter->handleRequest(NULL, Object(Config\Cache), false)
#11 /home/app/public_html/panca/index.php(67): CodeIgniter\CodeIgniter->run()
#12 {main}
CRITICAL - 2023-11-18 15:31:16 --> Cannot add or update a child row: a foreign key constraint fails (`app_panca`.`pedido`, CONSTRAINT `fk_pedido_mesa` FOREIGN KEY (`pedi_mesa_id`) REFERENCES `mesa` (`mesa_id`) ON DELETE NO ACTION ON UPDATE NO ACTION)
in SYSTEMPATH/Database/MySQLi/Connection.php on line 295.
 1 SYSTEMPATH/Database/MySQLi/Connection.php(295): mysqli->query('INSERT INTO `pedido` (`pedi_mesa_id`, `pedi_clie_id`, `pedi_tipo_pedido`, `pedi_fecha`, `pedi_total`) VALUES (\'null\', \'1\', \'Delivery\', \'2023-10-10 20:30:40\', \'10.00\')', 0)
 2 SYSTEMPATH/Database/BaseConnection.php(691): CodeIgniter\Database\MySQLi\Connection->execute('INSERT INTO `pedido` (`pedi_mesa_id`, `pedi_clie_id`, `pedi_tipo_pedido`, `pedi_fecha`, `pedi_total`) VALUES (\'null\', \'1\', \'Delivery\', \'2023-10-10 20:30:40\', \'10.00\')')
 3 SYSTEMPATH/Database/BaseConnection.php(605): CodeIgniter\Database\BaseConnection->simpleQuery('INSERT INTO `pedido` (`pedi_mesa_id`, `pedi_clie_id`, `pedi_tipo_pedido`, `pedi_fecha`, `pedi_total`) VALUES (\'null\', \'1\', \'Delivery\', \'2023-10-10 20:30:40\', \'10.00\')')
 4 SYSTEMPATH/Database/BaseBuilder.php(2309): CodeIgniter\Database\BaseConnection->query('INSERT INTO `pedido` (`pedi_mesa_id`, `pedi_clie_id`, `pedi_tipo_pedido`, `pedi_fecha`, `pedi_total`) VALUES (:pedi_mesa_id:, :pedi_clie_id:, :pedi_tipo_pedido:, :pedi_fecha:, :pedi_total:)', [...], false)
 5 SYSTEMPATH/Model.php(330): CodeIgniter\Database\BaseBuilder->insert()
 6 SYSTEMPATH/BaseModel.php(782): CodeIgniter\Model->doInsert([...])
 7 SYSTEMPATH/Model.php(730): CodeIgniter\BaseModel->insert([...], true)
 8 APPPATH/Controllers/Pedido.php(137): CodeIgniter\Model->insert([...])
 9 SYSTEMPATH/CodeIgniter.php(934): App\Controllers\Pedido->create()
10 SYSTEMPATH/CodeIgniter.php(499): CodeIgniter\CodeIgniter->runController(Object(App\Controllers\Pedido))
11 SYSTEMPATH/CodeIgniter.php(368): CodeIgniter\CodeIgniter->handleRequest(null, Object(Config\Cache), false)
12 FCPATH/index.php(67): CodeIgniter\CodeIgniter->run()
ERROR - 2023-11-18 15:31:19 --> mysqli_sql_exception: Cannot add or update a child row: a foreign key constraint fails (`app_panca`.`pedido`, CONSTRAINT `fk_pedido_mesa` FOREIGN KEY (`pedi_mesa_id`) REFERENCES `mesa` (`mesa_id`) ON DELETE NO ACTION ON UPDATE NO ACTION) in /home/app/public_html/panca/system/Database/MySQLi/Connection.php:295
Stack trace:
#0 /home/app/public_html/panca/system/Database/MySQLi/Connection.php(295): mysqli->query('INSERT INTO `pe...', 0)
#1 /home/app/public_html/panca/system/Database/BaseConnection.php(691): CodeIgniter\Database\MySQLi\Connection->execute('INSERT INTO `pe...')
#2 /home/app/public_html/panca/system/Database/BaseConnection.php(605): CodeIgniter\Database\BaseConnection->simpleQuery('INSERT INTO `pe...')
#3 /home/app/public_html/panca/system/Database/BaseBuilder.php(2309): CodeIgniter\Database\BaseConnection->query('INSERT INTO `pe...', Array, false)
#4 /home/app/public_html/panca/system/Model.php(330): CodeIgniter\Database\BaseBuilder->insert()
#5 /home/app/public_html/panca/system/BaseModel.php(782): CodeIgniter\Model->doInsert(Array)
#6 /home/app/public_html/panca/system/Model.php(730): CodeIgniter\BaseModel->insert(Array, true)
#7 /home/app/public_html/panca/app/Controllers/Pedido.php(137): CodeIgniter\Model->insert(Array)
#8 /home/app/public_html/panca/system/CodeIgniter.php(934): App\Controllers\Pedido->create()
#9 /home/app/public_html/panca/system/CodeIgniter.php(499): CodeIgniter\CodeIgniter->runController(Object(App\Controllers\Pedido))
#10 /home/app/public_html/panca/system/CodeIgniter.php(368): CodeIgniter\CodeIgniter->handleRequest(NULL, Object(Config\Cache), false)
#11 /home/app/public_html/panca/index.php(67): CodeIgniter\CodeIgniter->run()
#12 {main}
CRITICAL - 2023-11-18 15:31:19 --> Cannot add or update a child row: a foreign key constraint fails (`app_panca`.`pedido`, CONSTRAINT `fk_pedido_mesa` FOREIGN KEY (`pedi_mesa_id`) REFERENCES `mesa` (`mesa_id`) ON DELETE NO ACTION ON UPDATE NO ACTION)
in SYSTEMPATH/Database/MySQLi/Connection.php on line 295.
 1 SYSTEMPATH/Database/MySQLi/Connection.php(295): mysqli->query('INSERT INTO `pedido` (`pedi_mesa_id`, `pedi_clie_id`, `pedi_tipo_pedido`, `pedi_fecha`, `pedi_total`) VALUES (\'null\', \'1\', \'Delivery\', \'2023-10-10 20:30:40\', \'10.00\')', 0)
 2 SYSTEMPATH/Database/BaseConnection.php(691): CodeIgniter\Database\MySQLi\Connection->execute('INSERT INTO `pedido` (`pedi_mesa_id`, `pedi_clie_id`, `pedi_tipo_pedido`, `pedi_fecha`, `pedi_total`) VALUES (\'null\', \'1\', \'Delivery\', \'2023-10-10 20:30:40\', \'10.00\')')
 3 SYSTEMPATH/Database/BaseConnection.php(605): CodeIgniter\Database\BaseConnection->simpleQuery('INSERT INTO `pedido` (`pedi_mesa_id`, `pedi_clie_id`, `pedi_tipo_pedido`, `pedi_fecha`, `pedi_total`) VALUES (\'null\', \'1\', \'Delivery\', \'2023-10-10 20:30:40\', \'10.00\')')
 4 SYSTEMPATH/Database/BaseBuilder.php(2309): CodeIgniter\Database\BaseConnection->query('INSERT INTO `pedido` (`pedi_mesa_id`, `pedi_clie_id`, `pedi_tipo_pedido`, `pedi_fecha`, `pedi_total`) VALUES (:pedi_mesa_id:, :pedi_clie_id:, :pedi_tipo_pedido:, :pedi_fecha:, :pedi_total:)', [...], false)
 5 SYSTEMPATH/Model.php(330): CodeIgniter\Database\BaseBuilder->insert()
 6 SYSTEMPATH/BaseModel.php(782): CodeIgniter\Model->doInsert([...])
 7 SYSTEMPATH/Model.php(730): CodeIgniter\BaseModel->insert([...], true)
 8 APPPATH/Controllers/Pedido.php(137): CodeIgniter\Model->insert([...])
 9 SYSTEMPATH/CodeIgniter.php(934): App\Controllers\Pedido->create()
10 SYSTEMPATH/CodeIgniter.php(499): CodeIgniter\CodeIgniter->runController(Object(App\Controllers\Pedido))
11 SYSTEMPATH/CodeIgniter.php(368): CodeIgniter\CodeIgniter->handleRequest(null, Object(Config\Cache), false)
12 FCPATH/index.php(67): CodeIgniter\CodeIgniter->run()
ERROR - 2023-11-18 15:31:26 --> mysqli_sql_exception: Cannot add or update a child row: a foreign key constraint fails (`app_panca`.`pedido`, CONSTRAINT `fk_pedido_mesa` FOREIGN KEY (`pedi_mesa_id`) REFERENCES `mesa` (`mesa_id`) ON DELETE NO ACTION ON UPDATE NO ACTION) in /home/app/public_html/panca/system/Database/MySQLi/Connection.php:295
Stack trace:
#0 /home/app/public_html/panca/system/Database/MySQLi/Connection.php(295): mysqli->query('INSERT INTO `pe...', 0)
#1 /home/app/public_html/panca/system/Database/BaseConnection.php(691): CodeIgniter\Database\MySQLi\Connection->execute('INSERT INTO `pe...')
#2 /home/app/public_html/panca/system/Database/BaseConnection.php(605): CodeIgniter\Database\BaseConnection->simpleQuery('INSERT INTO `pe...')
#3 /home/app/public_html/panca/system/Database/BaseBuilder.php(2309): CodeIgniter\Database\BaseConnection->query('INSERT INTO `pe...', Array, false)
#4 /home/app/public_html/panca/system/Model.php(330): CodeIgniter\Database\BaseBuilder->insert()
#5 /home/app/public_html/panca/system/BaseModel.php(782): CodeIgniter\Model->doInsert(Array)
#6 /home/app/public_html/panca/system/Model.php(730): CodeIgniter\BaseModel->insert(Array, true)
#7 /home/app/public_html/panca/app/Controllers/Pedido.php(137): CodeIgniter\Model->insert(Array)
#8 /home/app/public_html/panca/system/CodeIgniter.php(934): App\Controllers\Pedido->create()
#9 /home/app/public_html/panca/system/CodeIgniter.php(499): CodeIgniter\CodeIgniter->runController(Object(App\Controllers\Pedido))
#10 /home/app/public_html/panca/system/CodeIgniter.php(368): CodeIgniter\CodeIgniter->handleRequest(NULL, Object(Config\Cache), false)
#11 /home/app/public_html/panca/index.php(67): CodeIgniter\CodeIgniter->run()
#12 {main}
CRITICAL - 2023-11-18 15:31:26 --> Cannot add or update a child row: a foreign key constraint fails (`app_panca`.`pedido`, CONSTRAINT `fk_pedido_mesa` FOREIGN KEY (`pedi_mesa_id`) REFERENCES `mesa` (`mesa_id`) ON DELETE NO ACTION ON UPDATE NO ACTION)
in SYSTEMPATH/Database/MySQLi/Connection.php on line 295.
 1 SYSTEMPATH/Database/MySQLi/Connection.php(295): mysqli->query('INSERT INTO `pedido` (`pedi_mesa_id`, `pedi_clie_id`, `pedi_tipo_pedido`, `pedi_fecha`, `pedi_total`) VALUES (\'null\', \'1\', \'Delivery\', \'2023-10-10 20:30:40\', \'10.00\')', 0)
 2 SYSTEMPATH/Database/BaseConnection.php(691): CodeIgniter\Database\MySQLi\Connection->execute('INSERT INTO `pedido` (`pedi_mesa_id`, `pedi_clie_id`, `pedi_tipo_pedido`, `pedi_fecha`, `pedi_total`) VALUES (\'null\', \'1\', \'Delivery\', \'2023-10-10 20:30:40\', \'10.00\')')
 3 SYSTEMPATH/Database/BaseConnection.php(605): CodeIgniter\Database\BaseConnection->simpleQuery('INSERT INTO `pedido` (`pedi_mesa_id`, `pedi_clie_id`, `pedi_tipo_pedido`, `pedi_fecha`, `pedi_total`) VALUES (\'null\', \'1\', \'Delivery\', \'2023-10-10 20:30:40\', \'10.00\')')
 4 SYSTEMPATH/Database/BaseBuilder.php(2309): CodeIgniter\Database\BaseConnection->query('INSERT INTO `pedido` (`pedi_mesa_id`, `pedi_clie_id`, `pedi_tipo_pedido`, `pedi_fecha`, `pedi_total`) VALUES (:pedi_mesa_id:, :pedi_clie_id:, :pedi_tipo_pedido:, :pedi_fecha:, :pedi_total:)', [...], false)
 5 SYSTEMPATH/Model.php(330): CodeIgniter\Database\BaseBuilder->insert()
 6 SYSTEMPATH/BaseModel.php(782): CodeIgniter\Model->doInsert([...])
 7 SYSTEMPATH/Model.php(730): CodeIgniter\BaseModel->insert([...], true)
 8 APPPATH/Controllers/Pedido.php(137): CodeIgniter\Model->insert([...])
 9 SYSTEMPATH/CodeIgniter.php(934): App\Controllers\Pedido->create()
10 SYSTEMPATH/CodeIgniter.php(499): CodeIgniter\CodeIgniter->runController(Object(App\Controllers\Pedido))
11 SYSTEMPATH/CodeIgniter.php(368): CodeIgniter\CodeIgniter->handleRequest(null, Object(Config\Cache), false)
12 FCPATH/index.php(67): CodeIgniter\CodeIgniter->run()
ERROR - 2023-11-18 15:31:43 --> mysqli_sql_exception: Cannot add or update a child row: a foreign key constraint fails (`app_panca`.`pedido`, CONSTRAINT `fk_pedido_mesa` FOREIGN KEY (`pedi_mesa_id`) REFERENCES `mesa` (`mesa_id`) ON DELETE NO ACTION ON UPDATE NO ACTION) in /home/app/public_html/panca/system/Database/MySQLi/Connection.php:295
Stack trace:
#0 /home/app/public_html/panca/system/Database/MySQLi/Connection.php(295): mysqli->query('INSERT INTO `pe...', 0)
#1 /home/app/public_html/panca/system/Database/BaseConnection.php(691): CodeIgniter\Database\MySQLi\Connection->execute('INSERT INTO `pe...')
#2 /home/app/public_html/panca/system/Database/BaseConnection.php(605): CodeIgniter\Database\BaseConnection->simpleQuery('INSERT INTO `pe...')
#3 /home/app/public_html/panca/system/Database/BaseBuilder.php(2309): CodeIgniter\Database\BaseConnection->query('INSERT INTO `pe...', Array, false)
#4 /home/app/public_html/panca/system/Model.php(330): CodeIgniter\Database\BaseBuilder->insert()
#5 /home/app/public_html/panca/system/BaseModel.php(782): CodeIgniter\Model->doInsert(Array)
#6 /home/app/public_html/panca/system/Model.php(730): CodeIgniter\BaseModel->insert(Array, true)
#7 /home/app/public_html/panca/app/Controllers/Pedido.php(137): CodeIgniter\Model->insert(Array)
#8 /home/app/public_html/panca/system/CodeIgniter.php(934): App\Controllers\Pedido->create()
#9 /home/app/public_html/panca/system/CodeIgniter.php(499): CodeIgniter\CodeIgniter->runController(Object(App\Controllers\Pedido))
#10 /home/app/public_html/panca/system/CodeIgniter.php(368): CodeIgniter\CodeIgniter->handleRequest(NULL, Object(Config\Cache), false)
#11 /home/app/public_html/panca/index.php(67): CodeIgniter\CodeIgniter->run()
#12 {main}
CRITICAL - 2023-11-18 15:31:43 --> Cannot add or update a child row: a foreign key constraint fails (`app_panca`.`pedido`, CONSTRAINT `fk_pedido_mesa` FOREIGN KEY (`pedi_mesa_id`) REFERENCES `mesa` (`mesa_id`) ON DELETE NO ACTION ON UPDATE NO ACTION)
in SYSTEMPATH/Database/MySQLi/Connection.php on line 295.
 1 SYSTEMPATH/Database/MySQLi/Connection.php(295): mysqli->query('INSERT INTO `pedido` (`pedi_mesa_id`, `pedi_clie_id`, `pedi_tipo_pedido`, `pedi_fecha`, `pedi_total`) VALUES (\'null\', \'1\', \'Delivery\', \'2023-10-10 20:30:40\', \'10.00\')', 0)
 2 SYSTEMPATH/Database/BaseConnection.php(691): CodeIgniter\Database\MySQLi\Connection->execute('INSERT INTO `pedido` (`pedi_mesa_id`, `pedi_clie_id`, `pedi_tipo_pedido`, `pedi_fecha`, `pedi_total`) VALUES (\'null\', \'1\', \'Delivery\', \'2023-10-10 20:30:40\', \'10.00\')')
 3 SYSTEMPATH/Database/BaseConnection.php(605): CodeIgniter\Database\BaseConnection->simpleQuery('INSERT INTO `pedido` (`pedi_mesa_id`, `pedi_clie_id`, `pedi_tipo_pedido`, `pedi_fecha`, `pedi_total`) VALUES (\'null\', \'1\', \'Delivery\', \'2023-10-10 20:30:40\', \'10.00\')')
 4 SYSTEMPATH/Database/BaseBuilder.php(2309): CodeIgniter\Database\BaseConnection->query('INSERT INTO `pedido` (`pedi_mesa_id`, `pedi_clie_id`, `pedi_tipo_pedido`, `pedi_fecha`, `pedi_total`) VALUES (:pedi_mesa_id:, :pedi_clie_id:, :pedi_tipo_pedido:, :pedi_fecha:, :pedi_total:)', [...], false)
 5 SYSTEMPATH/Model.php(330): CodeIgniter\Database\BaseBuilder->insert()
 6 SYSTEMPATH/BaseModel.php(782): CodeIgniter\Model->doInsert([...])
 7 SYSTEMPATH/Model.php(730): CodeIgniter\BaseModel->insert([...], true)
 8 APPPATH/Controllers/Pedido.php(137): CodeIgniter\Model->insert([...])
 9 SYSTEMPATH/CodeIgniter.php(934): App\Controllers\Pedido->create()
10 SYSTEMPATH/CodeIgniter.php(499): CodeIgniter\CodeIgniter->runController(Object(App\Controllers\Pedido))
11 SYSTEMPATH/CodeIgniter.php(368): CodeIgniter\CodeIgniter->handleRequest(null, Object(Config\Cache), false)
12 FCPATH/index.php(67): CodeIgniter\CodeIgniter->run()
ERROR - 2023-11-18 15:32:25 --> mysqli_sql_exception: Cannot add or update a child row: a foreign key constraint fails (`app_panca`.`pedido`, CONSTRAINT `fk_pedido_mesa` FOREIGN KEY (`pedi_mesa_id`) REFERENCES `mesa` (`mesa_id`) ON DELETE NO ACTION ON UPDATE NO ACTION) in /home/app/public_html/panca/system/Database/MySQLi/Connection.php:295
Stack trace:
#0 /home/app/public_html/panca/system/Database/MySQLi/Connection.php(295): mysqli->query('INSERT INTO `pe...', 0)
#1 /home/app/public_html/panca/system/Database/BaseConnection.php(691): CodeIgniter\Database\MySQLi\Connection->execute('INSERT INTO `pe...')
#2 /home/app/public_html/panca/system/Database/BaseConnection.php(605): CodeIgniter\Database\BaseConnection->simpleQuery('INSERT INTO `pe...')
#3 /home/app/public_html/panca/system/Database/BaseBuilder.php(2309): CodeIgniter\Database\BaseConnection->query('INSERT INTO `pe...', Array, false)
#4 /home/app/public_html/panca/system/Model.php(330): CodeIgniter\Database\BaseBuilder->insert()
#5 /home/app/public_html/panca/system/BaseModel.php(782): CodeIgniter\Model->doInsert(Array)
#6 /home/app/public_html/panca/system/Model.php(730): CodeIgniter\BaseModel->insert(Array, true)
#7 /home/app/public_html/panca/app/Controllers/Pedido.php(137): CodeIgniter\Model->insert(Array)
#8 /home/app/public_html/panca/system/CodeIgniter.php(934): App\Controllers\Pedido->create()
#9 /home/app/public_html/panca/system/CodeIgniter.php(499): CodeIgniter\CodeIgniter->runController(Object(App\Controllers\Pedido))
#10 /home/app/public_html/panca/system/CodeIgniter.php(368): CodeIgniter\CodeIgniter->handleRequest(NULL, Object(Config\Cache), false)
#11 /home/app/public_html/panca/index.php(67): CodeIgniter\CodeIgniter->run()
#12 {main}
CRITICAL - 2023-11-18 15:32:25 --> Cannot add or update a child row: a foreign key constraint fails (`app_panca`.`pedido`, CONSTRAINT `fk_pedido_mesa` FOREIGN KEY (`pedi_mesa_id`) REFERENCES `mesa` (`mesa_id`) ON DELETE NO ACTION ON UPDATE NO ACTION)
in SYSTEMPATH/Database/MySQLi/Connection.php on line 295.
 1 SYSTEMPATH/Database/MySQLi/Connection.php(295): mysqli->query('INSERT INTO `pedido` (`pedi_mesa_id`, `pedi_clie_id`, `pedi_tipo_pedido`, `pedi_fecha`, `pedi_total`) VALUES (\'null\', \'1\', \'Delivery\', \'2023-10-10 20:30:40\', \'10.00\')', 0)
 2 SYSTEMPATH/Database/BaseConnection.php(691): CodeIgniter\Database\MySQLi\Connection->execute('INSERT INTO `pedido` (`pedi_mesa_id`, `pedi_clie_id`, `pedi_tipo_pedido`, `pedi_fecha`, `pedi_total`) VALUES (\'null\', \'1\', \'Delivery\', \'2023-10-10 20:30:40\', \'10.00\')')
 3 SYSTEMPATH/Database/BaseConnection.php(605): CodeIgniter\Database\BaseConnection->simpleQuery('INSERT INTO `pedido` (`pedi_mesa_id`, `pedi_clie_id`, `pedi_tipo_pedido`, `pedi_fecha`, `pedi_total`) VALUES (\'null\', \'1\', \'Delivery\', \'2023-10-10 20:30:40\', \'10.00\')')
 4 SYSTEMPATH/Database/BaseBuilder.php(2309): CodeIgniter\Database\BaseConnection->query('INSERT INTO `pedido` (`pedi_mesa_id`, `pedi_clie_id`, `pedi_tipo_pedido`, `pedi_fecha`, `pedi_total`) VALUES (:pedi_mesa_id:, :pedi_clie_id:, :pedi_tipo_pedido:, :pedi_fecha:, :pedi_total:)', [...], false)
 5 SYSTEMPATH/Model.php(330): CodeIgniter\Database\BaseBuilder->insert()
 6 SYSTEMPATH/BaseModel.php(782): CodeIgniter\Model->doInsert([...])
 7 SYSTEMPATH/Model.php(730): CodeIgniter\BaseModel->insert([...], true)
 8 APPPATH/Controllers/Pedido.php(137): CodeIgniter\Model->insert([...])
 9 SYSTEMPATH/CodeIgniter.php(934): App\Controllers\Pedido->create()
10 SYSTEMPATH/CodeIgniter.php(499): CodeIgniter\CodeIgniter->runController(Object(App\Controllers\Pedido))
11 SYSTEMPATH/CodeIgniter.php(368): CodeIgniter\CodeIgniter->handleRequest(null, Object(Config\Cache), false)
12 FCPATH/index.php(67): CodeIgniter\CodeIgniter->run()
