ERROR - 2024-05-27 02:17:29 --> mysqli_sql_exception: Duplicate entry '112' for key 'unq_cliente_clie_usua_id' in /home/app/public_html/panca/system/Database/MySQLi/Connection.php:295
Stack trace:
#0 /home/app/public_html/panca/system/Database/MySQLi/Connection.php(295): mysqli->query('INSERT INTO `cl...', 0)
#1 /home/app/public_html/panca/system/Database/BaseConnection.php(691): CodeIgniter\Database\MySQLi\Connection->execute('INSERT INTO `cl...')
#2 /home/app/public_html/panca/system/Database/BaseConnection.php(605): CodeIgniter\Database\BaseConnection->simpleQuery('INSERT INTO `cl...')
#3 /home/app/public_html/panca/system/Database/BaseBuilder.php(2309): CodeIgniter\Database\BaseConnection->query('INSERT INTO `cl...', Array, false)
#4 /home/app/public_html/panca/system/Model.php(330): CodeIgniter\Database\BaseBuilder->insert()
#5 /home/app/public_html/panca/system/BaseModel.php(782): CodeIgniter\Model->doInsert(Array)
#6 /home/app/public_html/panca/system/Model.php(730): CodeIgniter\BaseModel->insert(Array, true)
#7 /home/app/public_html/panca/app/Controllers/Cliente.php(146): CodeIgniter\Model->insert(Array)
#8 /home/app/public_html/panca/system/CodeIgniter.php(934): App\Controllers\Cliente->create()
#9 /home/app/public_html/panca/system/CodeIgniter.php(499): CodeIgniter\CodeIgniter->runController(Object(App\Controllers\Cliente))
#10 /home/app/public_html/panca/system/CodeIgniter.php(368): CodeIgniter\CodeIgniter->handleRequest(NULL, Object(Config\Cache), false)
#11 /home/app/public_html/panca/index.php(67): CodeIgniter\CodeIgniter->run()
#12 {main}
CRITICAL - 2024-05-27 02:17:29 --> Duplicate entry '112' for key 'unq_cliente_clie_usua_id'
in SYSTEMPATH/Database/MySQLi/Connection.php on line 295.
 1 SYSTEMPATH/Database/MySQLi/Connection.php(295): mysqli->query('INSERT INTO `cliente` (`clie_usua_id`, `clie_nombres`, `clie_apellidos`, `clie_dni`, `clie_celular`, `clie_correo`, `clie_foto`, `clie_direccion`) VALUES (\'112\', \'Edgar Okuneva\', \'Pagac\', \'671\', \'962822212\', \'Gerson_Olson29@yahoo.com\', \'https://cdn.fakercloud.com/avatars/buryaknick_128.jpg\', \'1683 Welch Course\')', 0)
 2 SYSTEMPATH/Database/BaseConnection.php(691): CodeIgniter\Database\MySQLi\Connection->execute('INSERT INTO `cliente` (`clie_usua_id`, `clie_nombres`, `clie_apellidos`, `clie_dni`, `clie_celular`, `clie_correo`, `clie_foto`, `clie_direccion`) VALUES (\'112\', \'Edgar Okuneva\', \'Pagac\', \'671\', \'962822212\', \'Gerson_Olson29@yahoo.com\', \'https://cdn.fakercloud.com/avatars/buryaknick_128.jpg\', \'1683 Welch Course\')')
 3 SYSTEMPATH/Database/BaseConnection.php(605): CodeIgniter\Database\BaseConnection->simpleQuery('INSERT INTO `cliente` (`clie_usua_id`, `clie_nombres`, `clie_apellidos`, `clie_dni`, `clie_celular`, `clie_correo`, `clie_foto`, `clie_direccion`) VALUES (\'112\', \'Edgar Okuneva\', \'Pagac\', \'671\', \'962822212\', \'Gerson_Olson29@yahoo.com\', \'https://cdn.fakercloud.com/avatars/buryaknick_128.jpg\', \'1683 Welch Course\')')
 4 SYSTEMPATH/Database/BaseBuilder.php(2309): CodeIgniter\Database\BaseConnection->query('INSERT INTO `cliente` (`clie_usua_id`, `clie_nombres`, `clie_apellidos`, `clie_dni`, `clie_celular`, `clie_correo`, `clie_foto`, `clie_direccion`) VALUES (:clie_usua_id:, :clie_nombres:, :clie_apellidos:, :clie_dni:, :clie_celular:, :clie_correo:, :clie_foto:, :clie_direccion:)', [...], false)
 5 SYSTEMPATH/Model.php(330): CodeIgniter\Database\BaseBuilder->insert()
 6 SYSTEMPATH/BaseModel.php(782): CodeIgniter\Model->doInsert([...])
 7 SYSTEMPATH/Model.php(730): CodeIgniter\BaseModel->insert([...], true)
 8 APPPATH/Controllers/Cliente.php(146): CodeIgniter\Model->insert([...])
 9 SYSTEMPATH/CodeIgniter.php(934): App\Controllers\Cliente->create()
10 SYSTEMPATH/CodeIgniter.php(499): CodeIgniter\CodeIgniter->runController(Object(App\Controllers\Cliente))
11 SYSTEMPATH/CodeIgniter.php(368): CodeIgniter\CodeIgniter->handleRequest(null, Object(Config\Cache), false)
12 FCPATH/index.php(67): CodeIgniter\CodeIgniter->run()
ERROR - 2024-05-27 02:19:34 --> mysqli_sql_exception: Duplicate entry '112' for key 'unq_cliente_clie_usua_id' in /home/app/public_html/panca/system/Database/MySQLi/Connection.php:295
Stack trace:
#0 /home/app/public_html/panca/system/Database/MySQLi/Connection.php(295): mysqli->query('INSERT INTO `cl...', 0)
#1 /home/app/public_html/panca/system/Database/BaseConnection.php(691): CodeIgniter\Database\MySQLi\Connection->execute('INSERT INTO `cl...')
#2 /home/app/public_html/panca/system/Database/BaseConnection.php(605): CodeIgniter\Database\BaseConnection->simpleQuery('INSERT INTO `cl...')
#3 /home/app/public_html/panca/system/Database/BaseBuilder.php(2309): CodeIgniter\Database\BaseConnection->query('INSERT INTO `cl...', Array, false)
#4 /home/app/public_html/panca/system/Model.php(330): CodeIgniter\Database\BaseBuilder->insert()
#5 /home/app/public_html/panca/system/BaseModel.php(782): CodeIgniter\Model->doInsert(Array)
#6 /home/app/public_html/panca/system/Model.php(730): CodeIgniter\BaseModel->insert(Array, true)
#7 /home/app/public_html/panca/app/Controllers/Cliente.php(146): CodeIgniter\Model->insert(Array)
#8 /home/app/public_html/panca/system/CodeIgniter.php(934): App\Controllers\Cliente->create()
#9 /home/app/public_html/panca/system/CodeIgniter.php(499): CodeIgniter\CodeIgniter->runController(Object(App\Controllers\Cliente))
#10 /home/app/public_html/panca/system/CodeIgniter.php(368): CodeIgniter\CodeIgniter->handleRequest(NULL, Object(Config\Cache), false)
#11 /home/app/public_html/panca/index.php(67): CodeIgniter\CodeIgniter->run()
#12 {main}
CRITICAL - 2024-05-27 02:19:34 --> Duplicate entry '112' for key 'unq_cliente_clie_usua_id'
in SYSTEMPATH/Database/MySQLi/Connection.php on line 295.
 1 SYSTEMPATH/Database/MySQLi/Connection.php(295): mysqli->query('INSERT INTO `cliente` (`clie_usua_id`, `clie_nombres`, `clie_apellidos`, `clie_dni`, `clie_celular`, `clie_correo`, `clie_foto`, `clie_direccion`) VALUES (\'112\', \'Felicia Morissette\', \'Reichel\', \'637\', \'962822212\', \'Dorian_Kunze92@yahoo.com\', \'https://cdn.fakercloud.com/avatars/wake_gs_128.jpg\', \'7891 Monahan Canyon\')', 0)
 2 SYSTEMPATH/Database/BaseConnection.php(691): CodeIgniter\Database\MySQLi\Connection->execute('INSERT INTO `cliente` (`clie_usua_id`, `clie_nombres`, `clie_apellidos`, `clie_dni`, `clie_celular`, `clie_correo`, `clie_foto`, `clie_direccion`) VALUES (\'112\', \'Felicia Morissette\', \'Reichel\', \'637\', \'962822212\', \'Dorian_Kunze92@yahoo.com\', \'https://cdn.fakercloud.com/avatars/wake_gs_128.jpg\', \'7891 Monahan Canyon\')')
 3 SYSTEMPATH/Database/BaseConnection.php(605): CodeIgniter\Database\BaseConnection->simpleQuery('INSERT INTO `cliente` (`clie_usua_id`, `clie_nombres`, `clie_apellidos`, `clie_dni`, `clie_celular`, `clie_correo`, `clie_foto`, `clie_direccion`) VALUES (\'112\', \'Felicia Morissette\', \'Reichel\', \'637\', \'962822212\', \'Dorian_Kunze92@yahoo.com\', \'https://cdn.fakercloud.com/avatars/wake_gs_128.jpg\', \'7891 Monahan Canyon\')')
 4 SYSTEMPATH/Database/BaseBuilder.php(2309): CodeIgniter\Database\BaseConnection->query('INSERT INTO `cliente` (`clie_usua_id`, `clie_nombres`, `clie_apellidos`, `clie_dni`, `clie_celular`, `clie_correo`, `clie_foto`, `clie_direccion`) VALUES (:clie_usua_id:, :clie_nombres:, :clie_apellidos:, :clie_dni:, :clie_celular:, :clie_correo:, :clie_foto:, :clie_direccion:)', [...], false)
 5 SYSTEMPATH/Model.php(330): CodeIgniter\Database\BaseBuilder->insert()
 6 SYSTEMPATH/BaseModel.php(782): CodeIgniter\Model->doInsert([...])
 7 SYSTEMPATH/Model.php(730): CodeIgniter\BaseModel->insert([...], true)
 8 APPPATH/Controllers/Cliente.php(146): CodeIgniter\Model->insert([...])
 9 SYSTEMPATH/CodeIgniter.php(934): App\Controllers\Cliente->create()
10 SYSTEMPATH/CodeIgniter.php(499): CodeIgniter\CodeIgniter->runController(Object(App\Controllers\Cliente))
11 SYSTEMPATH/CodeIgniter.php(368): CodeIgniter\CodeIgniter->handleRequest(null, Object(Config\Cache), false)
12 FCPATH/index.php(67): CodeIgniter\CodeIgniter->run()
ERROR - 2024-05-27 02:30:55 --> mysqli_sql_exception: Duplicate entry '114' for key 'unq_cliente_clie_usua_id' in /home/app/public_html/panca/system/Database/MySQLi/Connection.php:295
Stack trace:
#0 /home/app/public_html/panca/system/Database/MySQLi/Connection.php(295): mysqli->query('INSERT INTO `cl...', 0)
#1 /home/app/public_html/panca/system/Database/BaseConnection.php(691): CodeIgniter\Database\MySQLi\Connection->execute('INSERT INTO `cl...')
#2 /home/app/public_html/panca/system/Database/BaseConnection.php(605): CodeIgniter\Database\BaseConnection->simpleQuery('INSERT INTO `cl...')
#3 /home/app/public_html/panca/system/Database/BaseBuilder.php(2309): CodeIgniter\Database\BaseConnection->query('INSERT INTO `cl...', Array, false)
#4 /home/app/public_html/panca/system/Model.php(330): CodeIgniter\Database\BaseBuilder->insert()
#5 /home/app/public_html/panca/system/BaseModel.php(782): CodeIgniter\Model->doInsert(Array)
#6 /home/app/public_html/panca/system/Model.php(730): CodeIgniter\BaseModel->insert(Array, true)
#7 /home/app/public_html/panca/app/Controllers/Cliente.php(146): CodeIgniter\Model->insert(Array)
#8 /home/app/public_html/panca/system/CodeIgniter.php(934): App\Controllers\Cliente->create()
#9 /home/app/public_html/panca/system/CodeIgniter.php(499): CodeIgniter\CodeIgniter->runController(Object(App\Controllers\Cliente))
#10 /home/app/public_html/panca/system/CodeIgniter.php(368): CodeIgniter\CodeIgniter->handleRequest(NULL, Object(Config\Cache), false)
#11 /home/app/public_html/panca/index.php(67): CodeIgniter\CodeIgniter->run()
#12 {main}
CRITICAL - 2024-05-27 02:30:55 --> Duplicate entry '114' for key 'unq_cliente_clie_usua_id'
in SYSTEMPATH/Database/MySQLi/Connection.php on line 295.
 1 SYSTEMPATH/Database/MySQLi/Connection.php(295): mysqli->query('INSERT INTO `cliente` (`clie_usua_id`, `clie_nombres`, `clie_apellidos`, `clie_dni`, `clie_celular`, `clie_correo`, `clie_foto`, `clie_direccion`) VALUES (\'114\', \'Sherri Wilderman\', \'Sauer\', \'344\', \'962822212\', \'Hobart.Frami3@yahoo.com\', \'https://cdn.fakercloud.com/avatars/allagringaus_128.jpg\', \'9275 Kautzer Manor\')', 0)
 2 SYSTEMPATH/Database/BaseConnection.php(691): CodeIgniter\Database\MySQLi\Connection->execute('INSERT INTO `cliente` (`clie_usua_id`, `clie_nombres`, `clie_apellidos`, `clie_dni`, `clie_celular`, `clie_correo`, `clie_foto`, `clie_direccion`) VALUES (\'114\', \'Sherri Wilderman\', \'Sauer\', \'344\', \'962822212\', \'Hobart.Frami3@yahoo.com\', \'https://cdn.fakercloud.com/avatars/allagringaus_128.jpg\', \'9275 Kautzer Manor\')')
 3 SYSTEMPATH/Database/BaseConnection.php(605): CodeIgniter\Database\BaseConnection->simpleQuery('INSERT INTO `cliente` (`clie_usua_id`, `clie_nombres`, `clie_apellidos`, `clie_dni`, `clie_celular`, `clie_correo`, `clie_foto`, `clie_direccion`) VALUES (\'114\', \'Sherri Wilderman\', \'Sauer\', \'344\', \'962822212\', \'Hobart.Frami3@yahoo.com\', \'https://cdn.fakercloud.com/avatars/allagringaus_128.jpg\', \'9275 Kautzer Manor\')')
 4 SYSTEMPATH/Database/BaseBuilder.php(2309): CodeIgniter\Database\BaseConnection->query('INSERT INTO `cliente` (`clie_usua_id`, `clie_nombres`, `clie_apellidos`, `clie_dni`, `clie_celular`, `clie_correo`, `clie_foto`, `clie_direccion`) VALUES (:clie_usua_id:, :clie_nombres:, :clie_apellidos:, :clie_dni:, :clie_celular:, :clie_correo:, :clie_foto:, :clie_direccion:)', [...], false)
 5 SYSTEMPATH/Model.php(330): CodeIgniter\Database\BaseBuilder->insert()
 6 SYSTEMPATH/BaseModel.php(782): CodeIgniter\Model->doInsert([...])
 7 SYSTEMPATH/Model.php(730): CodeIgniter\BaseModel->insert([...], true)
 8 APPPATH/Controllers/Cliente.php(146): CodeIgniter\Model->insert([...])
 9 SYSTEMPATH/CodeIgniter.php(934): App\Controllers\Cliente->create()
10 SYSTEMPATH/CodeIgniter.php(499): CodeIgniter\CodeIgniter->runController(Object(App\Controllers\Cliente))
11 SYSTEMPATH/CodeIgniter.php(368): CodeIgniter\CodeIgniter->handleRequest(null, Object(Config\Cache), false)
12 FCPATH/index.php(67): CodeIgniter\CodeIgniter->run()
ERROR - 2024-05-27 02:31:34 --> mysqli_sql_exception: Duplicate entry '114' for key 'unq_cliente_clie_usua_id' in /home/app/public_html/panca/system/Database/MySQLi/Connection.php:295
Stack trace:
#0 /home/app/public_html/panca/system/Database/MySQLi/Connection.php(295): mysqli->query('INSERT INTO `cl...', 0)
#1 /home/app/public_html/panca/system/Database/BaseConnection.php(691): CodeIgniter\Database\MySQLi\Connection->execute('INSERT INTO `cl...')
#2 /home/app/public_html/panca/system/Database/BaseConnection.php(605): CodeIgniter\Database\BaseConnection->simpleQuery('INSERT INTO `cl...')
#3 /home/app/public_html/panca/system/Database/BaseBuilder.php(2309): CodeIgniter\Database\BaseConnection->query('INSERT INTO `cl...', Array, false)
#4 /home/app/public_html/panca/system/Model.php(330): CodeIgniter\Database\BaseBuilder->insert()
#5 /home/app/public_html/panca/system/BaseModel.php(782): CodeIgniter\Model->doInsert(Array)
#6 /home/app/public_html/panca/system/Model.php(730): CodeIgniter\BaseModel->insert(Array, true)
#7 /home/app/public_html/panca/app/Controllers/Cliente.php(146): CodeIgniter\Model->insert(Array)
#8 /home/app/public_html/panca/system/CodeIgniter.php(934): App\Controllers\Cliente->create()
#9 /home/app/public_html/panca/system/CodeIgniter.php(499): CodeIgniter\CodeIgniter->runController(Object(App\Controllers\Cliente))
#10 /home/app/public_html/panca/system/CodeIgniter.php(368): CodeIgniter\CodeIgniter->handleRequest(NULL, Object(Config\Cache), false)
#11 /home/app/public_html/panca/index.php(67): CodeIgniter\CodeIgniter->run()
#12 {main}
CRITICAL - 2024-05-27 02:31:34 --> Duplicate entry '114' for key 'unq_cliente_clie_usua_id'
in SYSTEMPATH/Database/MySQLi/Connection.php on line 295.
 1 SYSTEMPATH/Database/MySQLi/Connection.php(295): mysqli->query('INSERT INTO `cliente` (`clie_usua_id`, `clie_nombres`, `clie_apellidos`, `clie_dni`, `clie_celular`, `clie_correo`, `clie_foto`, `clie_direccion`) VALUES (\'114\', \'Yvette Rogahn\', \'McLaughlin\', \'537\', \'962822212\', \'Jammie.Halvorson@gmail.com\', \'https://cdn.fakercloud.com/avatars/serefka_128.jpg\', \'410 Kovacek Circles\')', 0)
 2 SYSTEMPATH/Database/BaseConnection.php(691): CodeIgniter\Database\MySQLi\Connection->execute('INSERT INTO `cliente` (`clie_usua_id`, `clie_nombres`, `clie_apellidos`, `clie_dni`, `clie_celular`, `clie_correo`, `clie_foto`, `clie_direccion`) VALUES (\'114\', \'Yvette Rogahn\', \'McLaughlin\', \'537\', \'962822212\', \'Jammie.Halvorson@gmail.com\', \'https://cdn.fakercloud.com/avatars/serefka_128.jpg\', \'410 Kovacek Circles\')')
 3 SYSTEMPATH/Database/BaseConnection.php(605): CodeIgniter\Database\BaseConnection->simpleQuery('INSERT INTO `cliente` (`clie_usua_id`, `clie_nombres`, `clie_apellidos`, `clie_dni`, `clie_celular`, `clie_correo`, `clie_foto`, `clie_direccion`) VALUES (\'114\', \'Yvette Rogahn\', \'McLaughlin\', \'537\', \'962822212\', \'Jammie.Halvorson@gmail.com\', \'https://cdn.fakercloud.com/avatars/serefka_128.jpg\', \'410 Kovacek Circles\')')
 4 SYSTEMPATH/Database/BaseBuilder.php(2309): CodeIgniter\Database\BaseConnection->query('INSERT INTO `cliente` (`clie_usua_id`, `clie_nombres`, `clie_apellidos`, `clie_dni`, `clie_celular`, `clie_correo`, `clie_foto`, `clie_direccion`) VALUES (:clie_usua_id:, :clie_nombres:, :clie_apellidos:, :clie_dni:, :clie_celular:, :clie_correo:, :clie_foto:, :clie_direccion:)', [...], false)
 5 SYSTEMPATH/Model.php(330): CodeIgniter\Database\BaseBuilder->insert()
 6 SYSTEMPATH/BaseModel.php(782): CodeIgniter\Model->doInsert([...])
 7 SYSTEMPATH/Model.php(730): CodeIgniter\BaseModel->insert([...], true)
 8 APPPATH/Controllers/Cliente.php(146): CodeIgniter\Model->insert([...])
 9 SYSTEMPATH/CodeIgniter.php(934): App\Controllers\Cliente->create()
10 SYSTEMPATH/CodeIgniter.php(499): CodeIgniter\CodeIgniter->runController(Object(App\Controllers\Cliente))
11 SYSTEMPATH/CodeIgniter.php(368): CodeIgniter\CodeIgniter->handleRequest(null, Object(Config\Cache), false)
12 FCPATH/index.php(67): CodeIgniter\CodeIgniter->run()
ERROR - 2024-05-27 02:32:10 --> mysqli_sql_exception: Duplicate entry '114' for key 'unq_cliente_clie_usua_id' in /home/app/public_html/panca/system/Database/MySQLi/Connection.php:295
Stack trace:
#0 /home/app/public_html/panca/system/Database/MySQLi/Connection.php(295): mysqli->query('INSERT INTO `cl...', 0)
#1 /home/app/public_html/panca/system/Database/BaseConnection.php(691): CodeIgniter\Database\MySQLi\Connection->execute('INSERT INTO `cl...')
#2 /home/app/public_html/panca/system/Database/BaseConnection.php(605): CodeIgniter\Database\BaseConnection->simpleQuery('INSERT INTO `cl...')
#3 /home/app/public_html/panca/system/Database/BaseBuilder.php(2309): CodeIgniter\Database\BaseConnection->query('INSERT INTO `cl...', Array, false)
#4 /home/app/public_html/panca/system/Model.php(330): CodeIgniter\Database\BaseBuilder->insert()
#5 /home/app/public_html/panca/system/BaseModel.php(782): CodeIgniter\Model->doInsert(Array)
#6 /home/app/public_html/panca/system/Model.php(730): CodeIgniter\BaseModel->insert(Array, true)
#7 /home/app/public_html/panca/app/Controllers/Cliente.php(146): CodeIgniter\Model->insert(Array)
#8 /home/app/public_html/panca/system/CodeIgniter.php(934): App\Controllers\Cliente->create()
#9 /home/app/public_html/panca/system/CodeIgniter.php(499): CodeIgniter\CodeIgniter->runController(Object(App\Controllers\Cliente))
#10 /home/app/public_html/panca/system/CodeIgniter.php(368): CodeIgniter\CodeIgniter->handleRequest(NULL, Object(Config\Cache), false)
#11 /home/app/public_html/panca/index.php(67): CodeIgniter\CodeIgniter->run()
#12 {main}
CRITICAL - 2024-05-27 02:32:10 --> Duplicate entry '114' for key 'unq_cliente_clie_usua_id'
in SYSTEMPATH/Database/MySQLi/Connection.php on line 295.
 1 SYSTEMPATH/Database/MySQLi/Connection.php(295): mysqli->query('INSERT INTO `cliente` (`clie_usua_id`, `clie_nombres`, `clie_apellidos`, `clie_dni`, `clie_celular`, `clie_correo`, `clie_foto`, `clie_direccion`) VALUES (\'114\', \'Larry Koepp\', \'Simonis\', \'725\', \'962822212\', \'Angelo24@gmail.com\', \'https://cdn.fakercloud.com/avatars/ashernatali_128.jpg\', \'028 Leuschke Garden\')', 0)
 2 SYSTEMPATH/Database/BaseConnection.php(691): CodeIgniter\Database\MySQLi\Connection->execute('INSERT INTO `cliente` (`clie_usua_id`, `clie_nombres`, `clie_apellidos`, `clie_dni`, `clie_celular`, `clie_correo`, `clie_foto`, `clie_direccion`) VALUES (\'114\', \'Larry Koepp\', \'Simonis\', \'725\', \'962822212\', \'Angelo24@gmail.com\', \'https://cdn.fakercloud.com/avatars/ashernatali_128.jpg\', \'028 Leuschke Garden\')')
 3 SYSTEMPATH/Database/BaseConnection.php(605): CodeIgniter\Database\BaseConnection->simpleQuery('INSERT INTO `cliente` (`clie_usua_id`, `clie_nombres`, `clie_apellidos`, `clie_dni`, `clie_celular`, `clie_correo`, `clie_foto`, `clie_direccion`) VALUES (\'114\', \'Larry Koepp\', \'Simonis\', \'725\', \'962822212\', \'Angelo24@gmail.com\', \'https://cdn.fakercloud.com/avatars/ashernatali_128.jpg\', \'028 Leuschke Garden\')')
 4 SYSTEMPATH/Database/BaseBuilder.php(2309): CodeIgniter\Database\BaseConnection->query('INSERT INTO `cliente` (`clie_usua_id`, `clie_nombres`, `clie_apellidos`, `clie_dni`, `clie_celular`, `clie_correo`, `clie_foto`, `clie_direccion`) VALUES (:clie_usua_id:, :clie_nombres:, :clie_apellidos:, :clie_dni:, :clie_celular:, :clie_correo:, :clie_foto:, :clie_direccion:)', [...], false)
 5 SYSTEMPATH/Model.php(330): CodeIgniter\Database\BaseBuilder->insert()
 6 SYSTEMPATH/BaseModel.php(782): CodeIgniter\Model->doInsert([...])
 7 SYSTEMPATH/Model.php(730): CodeIgniter\BaseModel->insert([...], true)
 8 APPPATH/Controllers/Cliente.php(146): CodeIgniter\Model->insert([...])
 9 SYSTEMPATH/CodeIgniter.php(934): App\Controllers\Cliente->create()
10 SYSTEMPATH/CodeIgniter.php(499): CodeIgniter\CodeIgniter->runController(Object(App\Controllers\Cliente))
11 SYSTEMPATH/CodeIgniter.php(368): CodeIgniter\CodeIgniter->handleRequest(null, Object(Config\Cache), false)
12 FCPATH/index.php(67): CodeIgniter\CodeIgniter->run()
ERROR - 2024-05-27 02:56:02 --> mysqli_sql_exception: Duplicate entry '123' for key 'unq_cliente_clie_usua_id' in /home/app/public_html/panca/system/Database/MySQLi/Connection.php:295
Stack trace:
#0 /home/app/public_html/panca/system/Database/MySQLi/Connection.php(295): mysqli->query('INSERT INTO `cl...', 0)
#1 /home/app/public_html/panca/system/Database/BaseConnection.php(691): CodeIgniter\Database\MySQLi\Connection->execute('INSERT INTO `cl...')
#2 /home/app/public_html/panca/system/Database/BaseConnection.php(605): CodeIgniter\Database\BaseConnection->simpleQuery('INSERT INTO `cl...')
#3 /home/app/public_html/panca/system/Database/BaseBuilder.php(2309): CodeIgniter\Database\BaseConnection->query('INSERT INTO `cl...', Array, false)
#4 /home/app/public_html/panca/system/Model.php(330): CodeIgniter\Database\BaseBuilder->insert()
#5 /home/app/public_html/panca/system/BaseModel.php(782): CodeIgniter\Model->doInsert(Array)
#6 /home/app/public_html/panca/system/Model.php(730): CodeIgniter\BaseModel->insert(Array, true)
#7 /home/app/public_html/panca/app/Controllers/Cliente.php(146): CodeIgniter\Model->insert(Array)
#8 /home/app/public_html/panca/system/CodeIgniter.php(934): App\Controllers\Cliente->create()
#9 /home/app/public_html/panca/system/CodeIgniter.php(499): CodeIgniter\CodeIgniter->runController(Object(App\Controllers\Cliente))
#10 /home/app/public_html/panca/system/CodeIgniter.php(368): CodeIgniter\CodeIgniter->handleRequest(NULL, Object(Config\Cache), false)
#11 /home/app/public_html/panca/index.php(67): CodeIgniter\CodeIgniter->run()
#12 {main}
CRITICAL - 2024-05-27 02:56:02 --> Duplicate entry '123' for key 'unq_cliente_clie_usua_id'
in SYSTEMPATH/Database/MySQLi/Connection.php on line 295.
 1 SYSTEMPATH/Database/MySQLi/Connection.php(295): mysqli->query('INSERT INTO `cliente` (`clie_usua_id`, `clie_nombres`, `clie_apellidos`, `clie_dni`, `clie_celular`, `clie_correo`, `clie_foto`, `clie_direccion`) VALUES (\'123\', \'Bernadette Fritsch\', \'Bradtke\', \'59\', \'962822212\', \'Winfield_Homenick44@gmail.com\', \'https://cdn.fakercloud.com/avatars/charliecwaite_128.jpg\', \'9453 Kendra Mountain\')', 0)
 2 SYSTEMPATH/Database/BaseConnection.php(691): CodeIgniter\Database\MySQLi\Connection->execute('INSERT INTO `cliente` (`clie_usua_id`, `clie_nombres`, `clie_apellidos`, `clie_dni`, `clie_celular`, `clie_correo`, `clie_foto`, `clie_direccion`) VALUES (\'123\', \'Bernadette Fritsch\', \'Bradtke\', \'59\', \'962822212\', \'Winfield_Homenick44@gmail.com\', \'https://cdn.fakercloud.com/avatars/charliecwaite_128.jpg\', \'9453 Kendra Mountain\')')
 3 SYSTEMPATH/Database/BaseConnection.php(605): CodeIgniter\Database\BaseConnection->simpleQuery('INSERT INTO `cliente` (`clie_usua_id`, `clie_nombres`, `clie_apellidos`, `clie_dni`, `clie_celular`, `clie_correo`, `clie_foto`, `clie_direccion`) VALUES (\'123\', \'Bernadette Fritsch\', \'Bradtke\', \'59\', \'962822212\', \'Winfield_Homenick44@gmail.com\', \'https://cdn.fakercloud.com/avatars/charliecwaite_128.jpg\', \'9453 Kendra Mountain\')')
 4 SYSTEMPATH/Database/BaseBuilder.php(2309): CodeIgniter\Database\BaseConnection->query('INSERT INTO `cliente` (`clie_usua_id`, `clie_nombres`, `clie_apellidos`, `clie_dni`, `clie_celular`, `clie_correo`, `clie_foto`, `clie_direccion`) VALUES (:clie_usua_id:, :clie_nombres:, :clie_apellidos:, :clie_dni:, :clie_celular:, :clie_correo:, :clie_foto:, :clie_direccion:)', [...], false)
 5 SYSTEMPATH/Model.php(330): CodeIgniter\Database\BaseBuilder->insert()
 6 SYSTEMPATH/BaseModel.php(782): CodeIgniter\Model->doInsert([...])
 7 SYSTEMPATH/Model.php(730): CodeIgniter\BaseModel->insert([...], true)
 8 APPPATH/Controllers/Cliente.php(146): CodeIgniter\Model->insert([...])
 9 SYSTEMPATH/CodeIgniter.php(934): App\Controllers\Cliente->create()
10 SYSTEMPATH/CodeIgniter.php(499): CodeIgniter\CodeIgniter->runController(Object(App\Controllers\Cliente))
11 SYSTEMPATH/CodeIgniter.php(368): CodeIgniter\CodeIgniter->handleRequest(null, Object(Config\Cache), false)
12 FCPATH/index.php(67): CodeIgniter\CodeIgniter->run()
