CRITICAL - 2023-11-15 01:02:54 --> Use of undefined constant usua_pass_encrip - assumed 'usua_pass_encrip' (this will throw an Error in a future version of PHP)
in APPPATH/Controllers/Login.php on line 23.
 1 APPPATH/Controllers/Login.php(23): CodeIgniter\Debug\Exceptions->errorHandler(2, 'Use of undefined constant usua_pass_encrip - assumed \'usua_pass_encrip\' (this will throw an Error in a future version of PHP)', '/home/app/public_html/panca/app/Controllers/Login.php', 23, [...])
 2 SYSTEMPATH/CodeIgniter.php(934): App\Controllers\Login->create()
 3 SYSTEMPATH/CodeIgniter.php(499): CodeIgniter\CodeIgniter->runController(Object(App\Controllers\Login))
 4 SYSTEMPATH/CodeIgniter.php(368): CodeIgniter\CodeIgniter->handleRequest(null, Object(Config\Cache), false)
 5 FCPATH/index.php(67): CodeIgniter\CodeIgniter->run()
CRITICAL - 2023-11-15 01:02:58 --> Use of undefined constant usua_pass_encrip - assumed 'usua_pass_encrip' (this will throw an Error in a future version of PHP)
in APPPATH/Controllers/Login.php on line 23.
 1 APPPATH/Controllers/Login.php(23): CodeIgniter\Debug\Exceptions->errorHandler(2, 'Use of undefined constant usua_pass_encrip - assumed \'usua_pass_encrip\' (this will throw an Error in a future version of PHP)', '/home/app/public_html/panca/app/Controllers/Login.php', 23, [...])
 2 SYSTEMPATH/CodeIgniter.php(934): App\Controllers\Login->create()
 3 SYSTEMPATH/CodeIgniter.php(499): CodeIgniter\CodeIgniter->runController(Object(App\Controllers\Login))
 4 SYSTEMPATH/CodeIgniter.php(368): CodeIgniter\CodeIgniter->handleRequest(null, Object(Config\Cache), false)
 5 FCPATH/index.php(67): CodeIgniter\CodeIgniter->run()
CRITICAL - 2023-11-15 01:03:13 --> Use of undefined constant usua_pass_encrip - assumed 'usua_pass_encrip' (this will throw an Error in a future version of PHP)
in APPPATH/Controllers/Login.php on line 23.
 1 APPPATH/Controllers/Login.php(23): CodeIgniter\Debug\Exceptions->errorHandler(2, 'Use of undefined constant usua_pass_encrip - assumed \'usua_pass_encrip\' (this will throw an Error in a future version of PHP)', '/home/app/public_html/panca/app/Controllers/Login.php', 23, [...])
 2 SYSTEMPATH/CodeIgniter.php(934): App\Controllers\Login->create()
 3 SYSTEMPATH/CodeIgniter.php(499): CodeIgniter\CodeIgniter->runController(Object(App\Controllers\Login))
 4 SYSTEMPATH/CodeIgniter.php(368): CodeIgniter\CodeIgniter->handleRequest(null, Object(Config\Cache), false)
 5 FCPATH/index.php(67): CodeIgniter\CodeIgniter->run()
CRITICAL - 2023-11-15 01:07:11 --> Undefined property: App\Controllers\Login::$input
in APPPATH/Controllers/Login.php on line 23.
 1 APPPATH/Controllers/Login.php(23): CodeIgniter\Debug\Exceptions->errorHandler(8, 'Undefined property: App\\Controllers\\Login::$input', '/home/app/public_html/panca/app/Controllers/Login.php', 23, [...])
 2 SYSTEMPATH/CodeIgniter.php(934): App\Controllers\Login->create()
 3 SYSTEMPATH/CodeIgniter.php(499): CodeIgniter\CodeIgniter->runController(Object(App\Controllers\Login))
 4 SYSTEMPATH/CodeIgniter.php(368): CodeIgniter\CodeIgniter->handleRequest(null, Object(Config\Cache), false)
 5 FCPATH/index.php(67): CodeIgniter\CodeIgniter->run()
CRITICAL - 2023-11-15 01:07:21 --> Undefined property: App\Controllers\Login::$input
in APPPATH/Controllers/Login.php on line 23.
 1 APPPATH/Controllers/Login.php(23): CodeIgniter\Debug\Exceptions->errorHandler(8, 'Undefined property: App\\Controllers\\Login::$input', '/home/app/public_html/panca/app/Controllers/Login.php', 23, [...])
 2 SYSTEMPATH/CodeIgniter.php(934): App\Controllers\Login->create()
 3 SYSTEMPATH/CodeIgniter.php(499): CodeIgniter\CodeIgniter->runController(Object(App\Controllers\Login))
 4 SYSTEMPATH/CodeIgniter.php(368): CodeIgniter\CodeIgniter->handleRequest(null, Object(Config\Cache), false)
 5 FCPATH/index.php(67): CodeIgniter\CodeIgniter->run()
CRITICAL - 2023-11-15 01:08:06 --> Undefined property: App\Controllers\Login::$input
in APPPATH/Controllers/Login.php on line 23.
 1 APPPATH/Controllers/Login.php(23): CodeIgniter\Debug\Exceptions->errorHandler(8, 'Undefined property: App\\Controllers\\Login::$input', '/home/app/public_html/panca/app/Controllers/Login.php', 23, [...])
 2 SYSTEMPATH/CodeIgniter.php(934): App\Controllers\Login->create()
 3 SYSTEMPATH/CodeIgniter.php(499): CodeIgniter\CodeIgniter->runController(Object(App\Controllers\Login))
 4 SYSTEMPATH/CodeIgniter.php(368): CodeIgniter\CodeIgniter->handleRequest(null, Object(Config\Cache), false)
 5 FCPATH/index.php(67): CodeIgniter\CodeIgniter->run()
CRITICAL - 2023-11-15 01:08:09 --> Undefined property: App\Controllers\Login::$input
in APPPATH/Controllers/Login.php on line 23.
 1 APPPATH/Controllers/Login.php(23): CodeIgniter\Debug\Exceptions->errorHandler(8, 'Undefined property: App\\Controllers\\Login::$input', '/home/app/public_html/panca/app/Controllers/Login.php', 23, [...])
 2 SYSTEMPATH/CodeIgniter.php(934): App\Controllers\Login->create()
 3 SYSTEMPATH/CodeIgniter.php(499): CodeIgniter\CodeIgniter->runController(Object(App\Controllers\Login))
 4 SYSTEMPATH/CodeIgniter.php(368): CodeIgniter\CodeIgniter->handleRequest(null, Object(Config\Cache), false)
 5 FCPATH/index.php(67): CodeIgniter\CodeIgniter->run()
CRITICAL - 2023-11-15 01:12:39 --> Undefined property: App\Controllers\Login::$input
in APPPATH/Controllers/Login.php on line 23.
 1 APPPATH/Controllers/Login.php(23): CodeIgniter\Debug\Exceptions->errorHandler(8, 'Undefined property: App\\Controllers\\Login::$input', '/home/app/public_html/panca/app/Controllers/Login.php', 23, [...])
 2 SYSTEMPATH/CodeIgniter.php(934): App\Controllers\Login->create()
 3 SYSTEMPATH/CodeIgniter.php(499): CodeIgniter\CodeIgniter->runController(Object(App\Controllers\Login))
 4 SYSTEMPATH/CodeIgniter.php(368): CodeIgniter\CodeIgniter->handleRequest(null, Object(Config\Cache), false)
 5 FCPATH/index.php(67): CodeIgniter\CodeIgniter->run()
CRITICAL - 2023-11-15 01:12:44 --> Undefined property: App\Controllers\Login::$input
in APPPATH/Controllers/Login.php on line 23.
 1 APPPATH/Controllers/Login.php(23): CodeIgniter\Debug\Exceptions->errorHandler(8, 'Undefined property: App\\Controllers\\Login::$input', '/home/app/public_html/panca/app/Controllers/Login.php', 23, [...])
 2 SYSTEMPATH/CodeIgniter.php(934): App\Controllers\Login->create()
 3 SYSTEMPATH/CodeIgniter.php(499): CodeIgniter\CodeIgniter->runController(Object(App\Controllers\Login))
 4 SYSTEMPATH/CodeIgniter.php(368): CodeIgniter\CodeIgniter->handleRequest(null, Object(Config\Cache), false)
 5 FCPATH/index.php(67): CodeIgniter\CodeIgniter->run()
