CRITICAL - 2023-11-08 20:20:36 --> "" is not a valid rule.
in SYSTEMPATH/Validation/Validation.php on line 320.
 1 SYSTEMPATH/Validation/Validation.php(320): CodeIgniter\Validation\Exceptions\ValidationException::forRuleNotFound('')
 2 SYSTEMPATH/Validation/Validation.php(170): CodeIgniter\Validation\Validation->processRules('prod_precio', 'prod_precio', '25.00', [...], [...])
 3 APPPATH/Controllers/Producto.php(120): CodeIgniter\Validation\Validation->run()
 4 SYSTEMPATH/CodeIgniter.php(934): App\Controllers\Producto->create()
 5 SYSTEMPATH/CodeIgniter.php(499): CodeIgniter\CodeIgniter->runController(Object(App\Controllers\Producto))
 6 SYSTEMPATH/CodeIgniter.php(368): CodeIgniter\CodeIgniter->handleRequest(null, Object(Config\Cache), false)
 7 FCPATH/index.php(67): CodeIgniter\CodeIgniter->run()
CRITICAL - 2023-11-08 20:20:49 --> "" is not a valid rule.
in SYSTEMPATH/Validation/Validation.php on line 320.
 1 SYSTEMPATH/Validation/Validation.php(320): CodeIgniter\Validation\Exceptions\ValidationException::forRuleNotFound('')
 2 SYSTEMPATH/Validation/Validation.php(170): CodeIgniter\Validation\Validation->processRules('prod_precio', 'prod_precio', '25.00', [...], [...])
 3 APPPATH/Controllers/Producto.php(120): CodeIgniter\Validation\Validation->run()
 4 SYSTEMPATH/CodeIgniter.php(934): App\Controllers\Producto->create()
 5 SYSTEMPATH/CodeIgniter.php(499): CodeIgniter\CodeIgniter->runController(Object(App\Controllers\Producto))
 6 SYSTEMPATH/CodeIgniter.php(368): CodeIgniter\CodeIgniter->handleRequest(null, Object(Config\Cache), false)
 7 FCPATH/index.php(67): CodeIgniter\CodeIgniter->run()
CRITICAL - 2023-11-08 20:21:06 --> "" is not a valid rule.
in SYSTEMPATH/Validation/Validation.php on line 320.
 1 SYSTEMPATH/Validation/Validation.php(320): CodeIgniter\Validation\Exceptions\ValidationException::forRuleNotFound('')
 2 SYSTEMPATH/Validation/Validation.php(170): CodeIgniter\Validation\Validation->processRules('prod_precio', 'prod_precio', '25.00', [...], [...])
 3 APPPATH/Controllers/Producto.php(120): CodeIgniter\Validation\Validation->run()
 4 SYSTEMPATH/CodeIgniter.php(934): App\Controllers\Producto->create()
 5 SYSTEMPATH/CodeIgniter.php(499): CodeIgniter\CodeIgniter->runController(Object(App\Controllers\Producto))
 6 SYSTEMPATH/CodeIgniter.php(368): CodeIgniter\CodeIgniter->handleRequest(null, Object(Config\Cache), false)
 7 FCPATH/index.php(67): CodeIgniter\CodeIgniter->run()
CRITICAL - 2023-11-08 20:21:24 --> "between:0,9999999.99" is not a valid rule.
in SYSTEMPATH/Validation/Validation.php on line 320.
 1 SYSTEMPATH/Validation/Validation.php(320): CodeIgniter\Validation\Exceptions\ValidationException::forRuleNotFound('between:0,9999999.99')
 2 SYSTEMPATH/Validation/Validation.php(170): CodeIgniter\Validation\Validation->processRules('prod_precio', 'prod_precio', '25.00', [...], [...])
 3 APPPATH/Controllers/Producto.php(120): CodeIgniter\Validation\Validation->run()
 4 SYSTEMPATH/CodeIgniter.php(934): App\Controllers\Producto->create()
 5 SYSTEMPATH/CodeIgniter.php(499): CodeIgniter\CodeIgniter->runController(Object(App\Controllers\Producto))
 6 SYSTEMPATH/CodeIgniter.php(368): CodeIgniter\CodeIgniter->handleRequest(null, Object(Config\Cache), false)
 7 FCPATH/index.php(67): CodeIgniter\CodeIgniter->run()
CRITICAL - 2023-11-08 22:21:16 --> Undefined index: Detalle
in APPPATH/Views/welcome_message.php on line 57.
 1 APPPATH/Views/welcome_message.php(57): CodeIgniter\Debug\Exceptions->errorHandler(8, 'Undefined index: Detalle', '/home/app/public_html/panca/app/Views/welcome_message.php', 57, [...])
 2 SYSTEMPATH/View/View.php(213): include('/home/app/public_html/panca/app/Views/welcome_message.php')
 3 SYSTEMPATH/View/View.php(216): CodeIgniter\View\View->CodeIgniter\View\{closure}()
 4 SYSTEMPATH/Common.php(1184): CodeIgniter\View\View->render('welcome_message', [], true)
 5 APPPATH/Controllers/Home.php(9): view('welcome_message')
 6 SYSTEMPATH/CodeIgniter.php(934): App\Controllers\Home->index()
 7 SYSTEMPATH/CodeIgniter.php(499): CodeIgniter\CodeIgniter->runController(Object(App\Controllers\Home))
 8 SYSTEMPATH/CodeIgniter.php(368): CodeIgniter\CodeIgniter->handleRequest(null, Object(Config\Cache), false)
 9 FCPATH/index.php(67): CodeIgniter\CodeIgniter->run()
CRITICAL - 2023-11-08 22:21:53 --> Undefined index: Detalle
in APPPATH/Views/welcome_message.php on line 57.
 1 APPPATH/Views/welcome_message.php(57): CodeIgniter\Debug\Exceptions->errorHandler(8, 'Undefined index: Detalle', '/home/app/public_html/panca/app/Views/welcome_message.php', 57, [...])
 2 SYSTEMPATH/View/View.php(213): include('/home/app/public_html/panca/app/Views/welcome_message.php')
 3 SYSTEMPATH/View/View.php(216): CodeIgniter\View\View->CodeIgniter\View\{closure}()
 4 SYSTEMPATH/Common.php(1184): CodeIgniter\View\View->render('welcome_message', [], true)
 5 APPPATH/Controllers/Home.php(9): view('welcome_message')
 6 SYSTEMPATH/CodeIgniter.php(934): App\Controllers\Home->index()
 7 SYSTEMPATH/CodeIgniter.php(499): CodeIgniter\CodeIgniter->runController(Object(App\Controllers\Home))
 8 SYSTEMPATH/CodeIgniter.php(368): CodeIgniter\CodeIgniter->handleRequest(null, Object(Config\Cache), false)
 9 FCPATH/index.php(67): CodeIgniter\CodeIgniter->run()
CRITICAL - 2023-11-08 22:23:05 --> Undefined index: Detalle
in APPPATH/Views/welcome_message.php on line 57.
 1 APPPATH/Views/welcome_message.php(57): CodeIgniter\Debug\Exceptions->errorHandler(8, 'Undefined index: Detalle', '/home/app/public_html/panca/app/Views/welcome_message.php', 57, [...])
 2 SYSTEMPATH/View/View.php(213): include('/home/app/public_html/panca/app/Views/welcome_message.php')
 3 SYSTEMPATH/View/View.php(216): CodeIgniter\View\View->CodeIgniter\View\{closure}()
 4 SYSTEMPATH/Common.php(1184): CodeIgniter\View\View->render('welcome_message', [], true)
 5 APPPATH/Controllers/Home.php(9): view('welcome_message')
 6 SYSTEMPATH/CodeIgniter.php(934): App\Controllers\Home->index()
 7 SYSTEMPATH/CodeIgniter.php(499): CodeIgniter\CodeIgniter->runController(Object(App\Controllers\Home))
 8 SYSTEMPATH/CodeIgniter.php(368): CodeIgniter\CodeIgniter->handleRequest(null, Object(Config\Cache), false)
 9 FCPATH/index.php(67): CodeIgniter\CodeIgniter->run()
CRITICAL - 2023-11-08 23:14:16 --> Undefined index: Detalle
in APPPATH/Views/welcome_message.php on line 57.
 1 APPPATH/Views/welcome_message.php(57): CodeIgniter\Debug\Exceptions->errorHandler(8, 'Undefined index: Detalle', '/home/app/public_html/panca/app/Views/welcome_message.php', 57, [...])
 2 SYSTEMPATH/View/View.php(213): include('/home/app/public_html/panca/app/Views/welcome_message.php')
 3 SYSTEMPATH/View/View.php(216): CodeIgniter\View\View->CodeIgniter\View\{closure}()
 4 SYSTEMPATH/Common.php(1184): CodeIgniter\View\View->render('welcome_message', [], true)
 5 APPPATH/Controllers/Home.php(9): view('welcome_message')
 6 SYSTEMPATH/CodeIgniter.php(934): App\Controllers\Home->index()
 7 SYSTEMPATH/CodeIgniter.php(499): CodeIgniter\CodeIgniter->runController(Object(App\Controllers\Home))
 8 SYSTEMPATH/CodeIgniter.php(368): CodeIgniter\CodeIgniter->handleRequest(null, Object(Config\Cache), false)
 9 FCPATH/index.php(67): CodeIgniter\CodeIgniter->run()
