CRITICAL - 2024-05-02 12:12:15 --> Undefined index: reg_nombres
in APPPATH/Views/welcome_message.php on line 15.
 1 APPPATH/Views/welcome_message.php(15): CodeIgniter\Debug\Exceptions->errorHandler(8, 'Undefined index: reg_nombres', '/home/app/public_html/panca/app/Views/welcome_message.php', 15, [...])
 2 SYSTEMPATH/View/View.php(213): include('/home/app/public_html/panca/app/Views/welcome_message.php')
 3 SYSTEMPATH/View/View.php(216): CodeIgniter\View\View->CodeIgniter\View\{closure}()
 4 SYSTEMPATH/Common.php(1184): CodeIgniter\View\View->render('welcome_message', [], true)
 5 APPPATH/Controllers/Home.php(9): view('welcome_message')
 6 SYSTEMPATH/CodeIgniter.php(934): App\Controllers\Home->index()
 7 SYSTEMPATH/CodeIgniter.php(499): CodeIgniter\CodeIgniter->runController(Object(App\Controllers\Home))
 8 SYSTEMPATH/CodeIgniter.php(368): CodeIgniter\CodeIgniter->handleRequest(null, Object(Config\Cache), false)
 9 FCPATH/index.php(67): CodeIgniter\CodeIgniter->run()
ERROR - 2024-05-02 16:42:22 --> mysqli_sql_exception: Duplicate entry '105' for key 'unq_cliente_clie_usua_id' in /home/app/public_html/panca/system/Database/MySQLi/Connection.php:295
Stack trace:
#0 /home/app/public_html/panca/system/Database/MySQLi/Connection.php(295): mysqli->query('INSERT INTO `cl...', 0)
#1 /home/app/public_html/panca/system/Database/BaseConnection.php(691): CodeIgniter\Database\MySQLi\Connection->execute('INSERT INTO `cl...')
#2 /home/app/public_html/panca/system/Database/BaseConnection.php(605): CodeIgniter\Database\BaseConnection->simpleQuery('INSERT INTO `cl...')
#3 /home/app/public_html/panca/system/Database/BaseBuilder.php(2309): CodeIgniter\Database\BaseConnection->query('INSERT INTO `cl...', Array, false)
#4 /home/app/public_html/panca/system/Model.php(330): CodeIgniter\Database\BaseBuilder->insert()
#5 /home/app/public_html/panca/system/BaseModel.php(782): CodeIgniter\Model->doInsert(Array)
#6 /home/app/public_html/panca/system/Model.php(730): CodeIgniter\BaseModel->insert(Array, true)
#7 /home/app/public_html/panca/app/Controllers/Cliente.php(146): CodeIgniter\Model->insert(Array)
#8 /home/app/public_html/panca/system/CodeIgniter.php(934): App\Controllers\Cliente->create()
#9 /home/app/public_html/panca/system/CodeIgniter.php(499): CodeIgniter\CodeIgniter->runController(Object(App\Controllers\Cliente))
#10 /home/app/public_html/panca/system/CodeIgniter.php(368): CodeIgniter\CodeIgniter->handleRequest(NULL, Object(Config\Cache), false)
#11 /home/app/public_html/panca/index.php(67): CodeIgniter\CodeIgniter->run()
#12 {main}
CRITICAL - 2024-05-02 16:42:22 --> Duplicate entry '105' for key 'unq_cliente_clie_usua_id'
in SYSTEMPATH/Database/MySQLi/Connection.php on line 295.
 1 SYSTEMPATH/Database/MySQLi/Connection.php(295): mysqli->query('INSERT INTO `cliente` (`clie_usua_id`, `clie_nombres`, `clie_apellidos`, `clie_dni`, `clie_celular`, `clie_correo`, `clie_foto`, `clie_direccion`) VALUES (\'105\', \'gadiel \', \'rios\', \'71221222\', \'958546476\', \'gadiel@outlook.com\', \'gadiel .jpg\', \'joron \')', 0)
 2 SYSTEMPATH/Database/BaseConnection.php(691): CodeIgniter\Database\MySQLi\Connection->execute('INSERT INTO `cliente` (`clie_usua_id`, `clie_nombres`, `clie_apellidos`, `clie_dni`, `clie_celular`, `clie_correo`, `clie_foto`, `clie_direccion`) VALUES (\'105\', \'gadiel \', \'rios\', \'71221222\', \'958546476\', \'gadiel@outlook.com\', \'gadiel .jpg\', \'joron \')')
 3 SYSTEMPATH/Database/BaseConnection.php(605): CodeIgniter\Database\BaseConnection->simpleQuery('INSERT INTO `cliente` (`clie_usua_id`, `clie_nombres`, `clie_apellidos`, `clie_dni`, `clie_celular`, `clie_correo`, `clie_foto`, `clie_direccion`) VALUES (\'105\', \'gadiel \', \'rios\', \'71221222\', \'958546476\', \'gadiel@outlook.com\', \'gadiel .jpg\', \'joron \')')
 4 SYSTEMPATH/Database/BaseBuilder.php(2309): CodeIgniter\Database\BaseConnection->query('INSERT INTO `cliente` (`clie_usua_id`, `clie_nombres`, `clie_apellidos`, `clie_dni`, `clie_celular`, `clie_correo`, `clie_foto`, `clie_direccion`) VALUES (:clie_usua_id:, :clie_nombres:, :clie_apellidos:, :clie_dni:, :clie_celular:, :clie_correo:, :clie_foto:, :clie_direccion:)', [...], false)
 5 SYSTEMPATH/Model.php(330): CodeIgniter\Database\BaseBuilder->insert()
 6 SYSTEMPATH/BaseModel.php(782): CodeIgniter\Model->doInsert([...])
 7 SYSTEMPATH/Model.php(730): CodeIgniter\BaseModel->insert([...], true)
 8 APPPATH/Controllers/Cliente.php(146): CodeIgniter\Model->insert([...])
 9 SYSTEMPATH/CodeIgniter.php(934): App\Controllers\Cliente->create()
10 SYSTEMPATH/CodeIgniter.php(499): CodeIgniter\CodeIgniter->runController(Object(App\Controllers\Cliente))
11 SYSTEMPATH/CodeIgniter.php(368): CodeIgniter\CodeIgniter->handleRequest(null, Object(Config\Cache), false)
12 FCPATH/index.php(67): CodeIgniter\CodeIgniter->run()
ERROR - 2024-05-02 16:42:23 --> mysqli_sql_exception: Duplicate entry '105' for key 'unq_cliente_clie_usua_id' in /home/app/public_html/panca/system/Database/MySQLi/Connection.php:295
Stack trace:
#0 /home/app/public_html/panca/system/Database/MySQLi/Connection.php(295): mysqli->query('INSERT INTO `cl...', 0)
#1 /home/app/public_html/panca/system/Database/BaseConnection.php(691): CodeIgniter\Database\MySQLi\Connection->execute('INSERT INTO `cl...')
#2 /home/app/public_html/panca/system/Database/BaseConnection.php(605): CodeIgniter\Database\BaseConnection->simpleQuery('INSERT INTO `cl...')
#3 /home/app/public_html/panca/system/Database/BaseBuilder.php(2309): CodeIgniter\Database\BaseConnection->query('INSERT INTO `cl...', Array, false)
#4 /home/app/public_html/panca/system/Model.php(330): CodeIgniter\Database\BaseBuilder->insert()
#5 /home/app/public_html/panca/system/BaseModel.php(782): CodeIgniter\Model->doInsert(Array)
#6 /home/app/public_html/panca/system/Model.php(730): CodeIgniter\BaseModel->insert(Array, true)
#7 /home/app/public_html/panca/app/Controllers/Cliente.php(146): CodeIgniter\Model->insert(Array)
#8 /home/app/public_html/panca/system/CodeIgniter.php(934): App\Controllers\Cliente->create()
#9 /home/app/public_html/panca/system/CodeIgniter.php(499): CodeIgniter\CodeIgniter->runController(Object(App\Controllers\Cliente))
#10 /home/app/public_html/panca/system/CodeIgniter.php(368): CodeIgniter\CodeIgniter->handleRequest(NULL, Object(Config\Cache), false)
#11 /home/app/public_html/panca/index.php(67): CodeIgniter\CodeIgniter->run()
#12 {main}
CRITICAL - 2024-05-02 16:42:23 --> Duplicate entry '105' for key 'unq_cliente_clie_usua_id'
in SYSTEMPATH/Database/MySQLi/Connection.php on line 295.
 1 SYSTEMPATH/Database/MySQLi/Connection.php(295): mysqli->query('INSERT INTO `cliente` (`clie_usua_id`, `clie_nombres`, `clie_apellidos`, `clie_dni`, `clie_celular`, `clie_correo`, `clie_foto`, `clie_direccion`) VALUES (\'105\', \'gadiel \', \'rios\', \'71221222\', \'958546476\', \'gadiel@outlook.com\', \'gadiel .jpg\', \'joron \')', 0)
 2 SYSTEMPATH/Database/BaseConnection.php(691): CodeIgniter\Database\MySQLi\Connection->execute('INSERT INTO `cliente` (`clie_usua_id`, `clie_nombres`, `clie_apellidos`, `clie_dni`, `clie_celular`, `clie_correo`, `clie_foto`, `clie_direccion`) VALUES (\'105\', \'gadiel \', \'rios\', \'71221222\', \'958546476\', \'gadiel@outlook.com\', \'gadiel .jpg\', \'joron \')')
 3 SYSTEMPATH/Database/BaseConnection.php(605): CodeIgniter\Database\BaseConnection->simpleQuery('INSERT INTO `cliente` (`clie_usua_id`, `clie_nombres`, `clie_apellidos`, `clie_dni`, `clie_celular`, `clie_correo`, `clie_foto`, `clie_direccion`) VALUES (\'105\', \'gadiel \', \'rios\', \'71221222\', \'958546476\', \'gadiel@outlook.com\', \'gadiel .jpg\', \'joron \')')
 4 SYSTEMPATH/Database/BaseBuilder.php(2309): CodeIgniter\Database\BaseConnection->query('INSERT INTO `cliente` (`clie_usua_id`, `clie_nombres`, `clie_apellidos`, `clie_dni`, `clie_celular`, `clie_correo`, `clie_foto`, `clie_direccion`) VALUES (:clie_usua_id:, :clie_nombres:, :clie_apellidos:, :clie_dni:, :clie_celular:, :clie_correo:, :clie_foto:, :clie_direccion:)', [...], false)
 5 SYSTEMPATH/Model.php(330): CodeIgniter\Database\BaseBuilder->insert()
 6 SYSTEMPATH/BaseModel.php(782): CodeIgniter\Model->doInsert([...])
 7 SYSTEMPATH/Model.php(730): CodeIgniter\BaseModel->insert([...], true)
 8 APPPATH/Controllers/Cliente.php(146): CodeIgniter\Model->insert([...])
 9 SYSTEMPATH/CodeIgniter.php(934): App\Controllers\Cliente->create()
10 SYSTEMPATH/CodeIgniter.php(499): CodeIgniter\CodeIgniter->runController(Object(App\Controllers\Cliente))
11 SYSTEMPATH/CodeIgniter.php(368): CodeIgniter\CodeIgniter->handleRequest(null, Object(Config\Cache), false)
12 FCPATH/index.php(67): CodeIgniter\CodeIgniter->run()
ERROR - 2024-05-02 16:42:43 --> mysqli_sql_exception: Duplicate entry '105' for key 'unq_cliente_clie_usua_id' in /home/app/public_html/panca/system/Database/MySQLi/Connection.php:295
Stack trace:
#0 /home/app/public_html/panca/system/Database/MySQLi/Connection.php(295): mysqli->query('INSERT INTO `cl...', 0)
#1 /home/app/public_html/panca/system/Database/BaseConnection.php(691): CodeIgniter\Database\MySQLi\Connection->execute('INSERT INTO `cl...')
#2 /home/app/public_html/panca/system/Database/BaseConnection.php(605): CodeIgniter\Database\BaseConnection->simpleQuery('INSERT INTO `cl...')
#3 /home/app/public_html/panca/system/Database/BaseBuilder.php(2309): CodeIgniter\Database\BaseConnection->query('INSERT INTO `cl...', Array, false)
#4 /home/app/public_html/panca/system/Model.php(330): CodeIgniter\Database\BaseBuilder->insert()
#5 /home/app/public_html/panca/system/BaseModel.php(782): CodeIgniter\Model->doInsert(Array)
#6 /home/app/public_html/panca/system/Model.php(730): CodeIgniter\BaseModel->insert(Array, true)
#7 /home/app/public_html/panca/app/Controllers/Cliente.php(146): CodeIgniter\Model->insert(Array)
#8 /home/app/public_html/panca/system/CodeIgniter.php(934): App\Controllers\Cliente->create()
#9 /home/app/public_html/panca/system/CodeIgniter.php(499): CodeIgniter\CodeIgniter->runController(Object(App\Controllers\Cliente))
#10 /home/app/public_html/panca/system/CodeIgniter.php(368): CodeIgniter\CodeIgniter->handleRequest(NULL, Object(Config\Cache), false)
#11 /home/app/public_html/panca/index.php(67): CodeIgniter\CodeIgniter->run()
#12 {main}
CRITICAL - 2024-05-02 16:42:43 --> Duplicate entry '105' for key 'unq_cliente_clie_usua_id'
in SYSTEMPATH/Database/MySQLi/Connection.php on line 295.
 1 SYSTEMPATH/Database/MySQLi/Connection.php(295): mysqli->query('INSERT INTO `cliente` (`clie_usua_id`, `clie_nombres`, `clie_apellidos`, `clie_dni`, `clie_celular`, `clie_correo`, `clie_foto`, `clie_direccion`) VALUES (\'105\', \'gadiel \', \'rios\', \'71221222\', \'958546476\', \'gadiel@outlook.com\', \'gadiel .jpg\', \'jion 3 de noviembre \')', 0)
 2 SYSTEMPATH/Database/BaseConnection.php(691): CodeIgniter\Database\MySQLi\Connection->execute('INSERT INTO `cliente` (`clie_usua_id`, `clie_nombres`, `clie_apellidos`, `clie_dni`, `clie_celular`, `clie_correo`, `clie_foto`, `clie_direccion`) VALUES (\'105\', \'gadiel \', \'rios\', \'71221222\', \'958546476\', \'gadiel@outlook.com\', \'gadiel .jpg\', \'jion 3 de noviembre \')')
 3 SYSTEMPATH/Database/BaseConnection.php(605): CodeIgniter\Database\BaseConnection->simpleQuery('INSERT INTO `cliente` (`clie_usua_id`, `clie_nombres`, `clie_apellidos`, `clie_dni`, `clie_celular`, `clie_correo`, `clie_foto`, `clie_direccion`) VALUES (\'105\', \'gadiel \', \'rios\', \'71221222\', \'958546476\', \'gadiel@outlook.com\', \'gadiel .jpg\', \'jion 3 de noviembre \')')
 4 SYSTEMPATH/Database/BaseBuilder.php(2309): CodeIgniter\Database\BaseConnection->query('INSERT INTO `cliente` (`clie_usua_id`, `clie_nombres`, `clie_apellidos`, `clie_dni`, `clie_celular`, `clie_correo`, `clie_foto`, `clie_direccion`) VALUES (:clie_usua_id:, :clie_nombres:, :clie_apellidos:, :clie_dni:, :clie_celular:, :clie_correo:, :clie_foto:, :clie_direccion:)', [...], false)
 5 SYSTEMPATH/Model.php(330): CodeIgniter\Database\BaseBuilder->insert()
 6 SYSTEMPATH/BaseModel.php(782): CodeIgniter\Model->doInsert([...])
 7 SYSTEMPATH/Model.php(730): CodeIgniter\BaseModel->insert([...], true)
 8 APPPATH/Controllers/Cliente.php(146): CodeIgniter\Model->insert([...])
 9 SYSTEMPATH/CodeIgniter.php(934): App\Controllers\Cliente->create()
10 SYSTEMPATH/CodeIgniter.php(499): CodeIgniter\CodeIgniter->runController(Object(App\Controllers\Cliente))
11 SYSTEMPATH/CodeIgniter.php(368): CodeIgniter\CodeIgniter->handleRequest(null, Object(Config\Cache), false)
12 FCPATH/index.php(67): CodeIgniter\CodeIgniter->run()
ERROR - 2024-05-02 16:43:04 --> mysqli_sql_exception: Duplicate entry '105' for key 'unq_cliente_clie_usua_id' in /home/app/public_html/panca/system/Database/MySQLi/Connection.php:295
Stack trace:
#0 /home/app/public_html/panca/system/Database/MySQLi/Connection.php(295): mysqli->query('INSERT INTO `cl...', 0)
#1 /home/app/public_html/panca/system/Database/BaseConnection.php(691): CodeIgniter\Database\MySQLi\Connection->execute('INSERT INTO `cl...')
#2 /home/app/public_html/panca/system/Database/BaseConnection.php(605): CodeIgniter\Database\BaseConnection->simpleQuery('INSERT INTO `cl...')
#3 /home/app/public_html/panca/system/Database/BaseBuilder.php(2309): CodeIgniter\Database\BaseConnection->query('INSERT INTO `cl...', Array, false)
#4 /home/app/public_html/panca/system/Model.php(330): CodeIgniter\Database\BaseBuilder->insert()
#5 /home/app/public_html/panca/system/BaseModel.php(782): CodeIgniter\Model->doInsert(Array)
#6 /home/app/public_html/panca/system/Model.php(730): CodeIgniter\BaseModel->insert(Array, true)
#7 /home/app/public_html/panca/app/Controllers/Cliente.php(146): CodeIgniter\Model->insert(Array)
#8 /home/app/public_html/panca/system/CodeIgniter.php(934): App\Controllers\Cliente->create()
#9 /home/app/public_html/panca/system/CodeIgniter.php(499): CodeIgniter\CodeIgniter->runController(Object(App\Controllers\Cliente))
#10 /home/app/public_html/panca/system/CodeIgniter.php(368): CodeIgniter\CodeIgniter->handleRequest(NULL, Object(Config\Cache), false)
#11 /home/app/public_html/panca/index.php(67): CodeIgniter\CodeIgniter->run()
#12 {main}
CRITICAL - 2024-05-02 16:43:04 --> Duplicate entry '105' for key 'unq_cliente_clie_usua_id'
in SYSTEMPATH/Database/MySQLi/Connection.php on line 295.
 1 SYSTEMPATH/Database/MySQLi/Connection.php(295): mysqli->query('INSERT INTO `cliente` (`clie_usua_id`, `clie_nombres`, `clie_apellidos`, `clie_dni`, `clie_celular`, `clie_correo`, `clie_foto`, `clie_direccion`) VALUES (\'105\', \'gadiel \', \'rios cuadros \', \'71221222\', \'958546476\', \'gadiel@outlook.com\', \'gadiel .jpg\', \'jion 3 de noviembre \')', 0)
 2 SYSTEMPATH/Database/BaseConnection.php(691): CodeIgniter\Database\MySQLi\Connection->execute('INSERT INTO `cliente` (`clie_usua_id`, `clie_nombres`, `clie_apellidos`, `clie_dni`, `clie_celular`, `clie_correo`, `clie_foto`, `clie_direccion`) VALUES (\'105\', \'gadiel \', \'rios cuadros \', \'71221222\', \'958546476\', \'gadiel@outlook.com\', \'gadiel .jpg\', \'jion 3 de noviembre \')')
 3 SYSTEMPATH/Database/BaseConnection.php(605): CodeIgniter\Database\BaseConnection->simpleQuery('INSERT INTO `cliente` (`clie_usua_id`, `clie_nombres`, `clie_apellidos`, `clie_dni`, `clie_celular`, `clie_correo`, `clie_foto`, `clie_direccion`) VALUES (\'105\', \'gadiel \', \'rios cuadros \', \'71221222\', \'958546476\', \'gadiel@outlook.com\', \'gadiel .jpg\', \'jion 3 de noviembre \')')
 4 SYSTEMPATH/Database/BaseBuilder.php(2309): CodeIgniter\Database\BaseConnection->query('INSERT INTO `cliente` (`clie_usua_id`, `clie_nombres`, `clie_apellidos`, `clie_dni`, `clie_celular`, `clie_correo`, `clie_foto`, `clie_direccion`) VALUES (:clie_usua_id:, :clie_nombres:, :clie_apellidos:, :clie_dni:, :clie_celular:, :clie_correo:, :clie_foto:, :clie_direccion:)', [...], false)
 5 SYSTEMPATH/Model.php(330): CodeIgniter\Database\BaseBuilder->insert()
 6 SYSTEMPATH/BaseModel.php(782): CodeIgniter\Model->doInsert([...])
 7 SYSTEMPATH/Model.php(730): CodeIgniter\BaseModel->insert([...], true)
 8 APPPATH/Controllers/Cliente.php(146): CodeIgniter\Model->insert([...])
 9 SYSTEMPATH/CodeIgniter.php(934): App\Controllers\Cliente->create()
10 SYSTEMPATH/CodeIgniter.php(499): CodeIgniter\CodeIgniter->runController(Object(App\Controllers\Cliente))
11 SYSTEMPATH/CodeIgniter.php(368): CodeIgniter\CodeIgniter->handleRequest(null, Object(Config\Cache), false)
12 FCPATH/index.php(67): CodeIgniter\CodeIgniter->run()
ERROR - 2024-05-02 16:43:05 --> mysqli_sql_exception: Duplicate entry '105' for key 'unq_cliente_clie_usua_id' in /home/app/public_html/panca/system/Database/MySQLi/Connection.php:295
Stack trace:
#0 /home/app/public_html/panca/system/Database/MySQLi/Connection.php(295): mysqli->query('INSERT INTO `cl...', 0)
#1 /home/app/public_html/panca/system/Database/BaseConnection.php(691): CodeIgniter\Database\MySQLi\Connection->execute('INSERT INTO `cl...')
#2 /home/app/public_html/panca/system/Database/BaseConnection.php(605): CodeIgniter\Database\BaseConnection->simpleQuery('INSERT INTO `cl...')
#3 /home/app/public_html/panca/system/Database/BaseBuilder.php(2309): CodeIgniter\Database\BaseConnection->query('INSERT INTO `cl...', Array, false)
#4 /home/app/public_html/panca/system/Model.php(330): CodeIgniter\Database\BaseBuilder->insert()
#5 /home/app/public_html/panca/system/BaseModel.php(782): CodeIgniter\Model->doInsert(Array)
#6 /home/app/public_html/panca/system/Model.php(730): CodeIgniter\BaseModel->insert(Array, true)
#7 /home/app/public_html/panca/app/Controllers/Cliente.php(146): CodeIgniter\Model->insert(Array)
#8 /home/app/public_html/panca/system/CodeIgniter.php(934): App\Controllers\Cliente->create()
#9 /home/app/public_html/panca/system/CodeIgniter.php(499): CodeIgniter\CodeIgniter->runController(Object(App\Controllers\Cliente))
#10 /home/app/public_html/panca/system/CodeIgniter.php(368): CodeIgniter\CodeIgniter->handleRequest(NULL, Object(Config\Cache), false)
#11 /home/app/public_html/panca/index.php(67): CodeIgniter\CodeIgniter->run()
#12 {main}
CRITICAL - 2024-05-02 16:43:05 --> Duplicate entry '105' for key 'unq_cliente_clie_usua_id'
in SYSTEMPATH/Database/MySQLi/Connection.php on line 295.
 1 SYSTEMPATH/Database/MySQLi/Connection.php(295): mysqli->query('INSERT INTO `cliente` (`clie_usua_id`, `clie_nombres`, `clie_apellidos`, `clie_dni`, `clie_celular`, `clie_correo`, `clie_foto`, `clie_direccion`) VALUES (\'105\', \'gadiel \', \'rios cuadros \', \'71221222\', \'958546476\', \'gadiel@outlook.com\', \'gadiel .jpg\', \'jion 3 de noviembre \')', 0)
 2 SYSTEMPATH/Database/BaseConnection.php(691): CodeIgniter\Database\MySQLi\Connection->execute('INSERT INTO `cliente` (`clie_usua_id`, `clie_nombres`, `clie_apellidos`, `clie_dni`, `clie_celular`, `clie_correo`, `clie_foto`, `clie_direccion`) VALUES (\'105\', \'gadiel \', \'rios cuadros \', \'71221222\', \'958546476\', \'gadiel@outlook.com\', \'gadiel .jpg\', \'jion 3 de noviembre \')')
 3 SYSTEMPATH/Database/BaseConnection.php(605): CodeIgniter\Database\BaseConnection->simpleQuery('INSERT INTO `cliente` (`clie_usua_id`, `clie_nombres`, `clie_apellidos`, `clie_dni`, `clie_celular`, `clie_correo`, `clie_foto`, `clie_direccion`) VALUES (\'105\', \'gadiel \', \'rios cuadros \', \'71221222\', \'958546476\', \'gadiel@outlook.com\', \'gadiel .jpg\', \'jion 3 de noviembre \')')
 4 SYSTEMPATH/Database/BaseBuilder.php(2309): CodeIgniter\Database\BaseConnection->query('INSERT INTO `cliente` (`clie_usua_id`, `clie_nombres`, `clie_apellidos`, `clie_dni`, `clie_celular`, `clie_correo`, `clie_foto`, `clie_direccion`) VALUES (:clie_usua_id:, :clie_nombres:, :clie_apellidos:, :clie_dni:, :clie_celular:, :clie_correo:, :clie_foto:, :clie_direccion:)', [...], false)
 5 SYSTEMPATH/Model.php(330): CodeIgniter\Database\BaseBuilder->insert()
 6 SYSTEMPATH/BaseModel.php(782): CodeIgniter\Model->doInsert([...])
 7 SYSTEMPATH/Model.php(730): CodeIgniter\BaseModel->insert([...], true)
 8 APPPATH/Controllers/Cliente.php(146): CodeIgniter\Model->insert([...])
 9 SYSTEMPATH/CodeIgniter.php(934): App\Controllers\Cliente->create()
10 SYSTEMPATH/CodeIgniter.php(499): CodeIgniter\CodeIgniter->runController(Object(App\Controllers\Cliente))
11 SYSTEMPATH/CodeIgniter.php(368): CodeIgniter\CodeIgniter->handleRequest(null, Object(Config\Cache), false)
12 FCPATH/index.php(67): CodeIgniter\CodeIgniter->run()
ERROR - 2024-05-02 16:43:06 --> mysqli_sql_exception: Duplicate entry '105' for key 'unq_cliente_clie_usua_id' in /home/app/public_html/panca/system/Database/MySQLi/Connection.php:295
Stack trace:
#0 /home/app/public_html/panca/system/Database/MySQLi/Connection.php(295): mysqli->query('INSERT INTO `cl...', 0)
#1 /home/app/public_html/panca/system/Database/BaseConnection.php(691): CodeIgniter\Database\MySQLi\Connection->execute('INSERT INTO `cl...')
#2 /home/app/public_html/panca/system/Database/BaseConnection.php(605): CodeIgniter\Database\BaseConnection->simpleQuery('INSERT INTO `cl...')
#3 /home/app/public_html/panca/system/Database/BaseBuilder.php(2309): CodeIgniter\Database\BaseConnection->query('INSERT INTO `cl...', Array, false)
#4 /home/app/public_html/panca/system/Model.php(330): CodeIgniter\Database\BaseBuilder->insert()
#5 /home/app/public_html/panca/system/BaseModel.php(782): CodeIgniter\Model->doInsert(Array)
#6 /home/app/public_html/panca/system/Model.php(730): CodeIgniter\BaseModel->insert(Array, true)
#7 /home/app/public_html/panca/app/Controllers/Cliente.php(146): CodeIgniter\Model->insert(Array)
#8 /home/app/public_html/panca/system/CodeIgniter.php(934): App\Controllers\Cliente->create()
#9 /home/app/public_html/panca/system/CodeIgniter.php(499): CodeIgniter\CodeIgniter->runController(Object(App\Controllers\Cliente))
#10 /home/app/public_html/panca/system/CodeIgniter.php(368): CodeIgniter\CodeIgniter->handleRequest(NULL, Object(Config\Cache), false)
#11 /home/app/public_html/panca/index.php(67): CodeIgniter\CodeIgniter->run()
#12 {main}
CRITICAL - 2024-05-02 16:43:06 --> Duplicate entry '105' for key 'unq_cliente_clie_usua_id'
in SYSTEMPATH/Database/MySQLi/Connection.php on line 295.
 1 SYSTEMPATH/Database/MySQLi/Connection.php(295): mysqli->query('INSERT INTO `cliente` (`clie_usua_id`, `clie_nombres`, `clie_apellidos`, `clie_dni`, `clie_celular`, `clie_correo`, `clie_foto`, `clie_direccion`) VALUES (\'105\', \'gadiel \', \'rios cuadros \', \'71221222\', \'958546476\', \'gadiel@outlook.com\', \'gadiel .jpg\', \'jion 3 de noviembre \')', 0)
 2 SYSTEMPATH/Database/BaseConnection.php(691): CodeIgniter\Database\MySQLi\Connection->execute('INSERT INTO `cliente` (`clie_usua_id`, `clie_nombres`, `clie_apellidos`, `clie_dni`, `clie_celular`, `clie_correo`, `clie_foto`, `clie_direccion`) VALUES (\'105\', \'gadiel \', \'rios cuadros \', \'71221222\', \'958546476\', \'gadiel@outlook.com\', \'gadiel .jpg\', \'jion 3 de noviembre \')')
 3 SYSTEMPATH/Database/BaseConnection.php(605): CodeIgniter\Database\BaseConnection->simpleQuery('INSERT INTO `cliente` (`clie_usua_id`, `clie_nombres`, `clie_apellidos`, `clie_dni`, `clie_celular`, `clie_correo`, `clie_foto`, `clie_direccion`) VALUES (\'105\', \'gadiel \', \'rios cuadros \', \'71221222\', \'958546476\', \'gadiel@outlook.com\', \'gadiel .jpg\', \'jion 3 de noviembre \')')
 4 SYSTEMPATH/Database/BaseBuilder.php(2309): CodeIgniter\Database\BaseConnection->query('INSERT INTO `cliente` (`clie_usua_id`, `clie_nombres`, `clie_apellidos`, `clie_dni`, `clie_celular`, `clie_correo`, `clie_foto`, `clie_direccion`) VALUES (:clie_usua_id:, :clie_nombres:, :clie_apellidos:, :clie_dni:, :clie_celular:, :clie_correo:, :clie_foto:, :clie_direccion:)', [...], false)
 5 SYSTEMPATH/Model.php(330): CodeIgniter\Database\BaseBuilder->insert()
 6 SYSTEMPATH/BaseModel.php(782): CodeIgniter\Model->doInsert([...])
 7 SYSTEMPATH/Model.php(730): CodeIgniter\BaseModel->insert([...], true)
 8 APPPATH/Controllers/Cliente.php(146): CodeIgniter\Model->insert([...])
 9 SYSTEMPATH/CodeIgniter.php(934): App\Controllers\Cliente->create()
10 SYSTEMPATH/CodeIgniter.php(499): CodeIgniter\CodeIgniter->runController(Object(App\Controllers\Cliente))
11 SYSTEMPATH/CodeIgniter.php(368): CodeIgniter\CodeIgniter->handleRequest(null, Object(Config\Cache), false)
12 FCPATH/index.php(67): CodeIgniter\CodeIgniter->run()
ERROR - 2024-05-02 16:43:07 --> mysqli_sql_exception: Duplicate entry '105' for key 'unq_cliente_clie_usua_id' in /home/app/public_html/panca/system/Database/MySQLi/Connection.php:295
Stack trace:
#0 /home/app/public_html/panca/system/Database/MySQLi/Connection.php(295): mysqli->query('INSERT INTO `cl...', 0)
#1 /home/app/public_html/panca/system/Database/BaseConnection.php(691): CodeIgniter\Database\MySQLi\Connection->execute('INSERT INTO `cl...')
#2 /home/app/public_html/panca/system/Database/BaseConnection.php(605): CodeIgniter\Database\BaseConnection->simpleQuery('INSERT INTO `cl...')
#3 /home/app/public_html/panca/system/Database/BaseBuilder.php(2309): CodeIgniter\Database\BaseConnection->query('INSERT INTO `cl...', Array, false)
#4 /home/app/public_html/panca/system/Model.php(330): CodeIgniter\Database\BaseBuilder->insert()
#5 /home/app/public_html/panca/system/BaseModel.php(782): CodeIgniter\Model->doInsert(Array)
#6 /home/app/public_html/panca/system/Model.php(730): CodeIgniter\BaseModel->insert(Array, true)
#7 /home/app/public_html/panca/app/Controllers/Cliente.php(146): CodeIgniter\Model->insert(Array)
#8 /home/app/public_html/panca/system/CodeIgniter.php(934): App\Controllers\Cliente->create()
#9 /home/app/public_html/panca/system/CodeIgniter.php(499): CodeIgniter\CodeIgniter->runController(Object(App\Controllers\Cliente))
#10 /home/app/public_html/panca/system/CodeIgniter.php(368): CodeIgniter\CodeIgniter->handleRequest(NULL, Object(Config\Cache), false)
#11 /home/app/public_html/panca/index.php(67): CodeIgniter\CodeIgniter->run()
#12 {main}
CRITICAL - 2024-05-02 16:43:07 --> Duplicate entry '105' for key 'unq_cliente_clie_usua_id'
in SYSTEMPATH/Database/MySQLi/Connection.php on line 295.
 1 SYSTEMPATH/Database/MySQLi/Connection.php(295): mysqli->query('INSERT INTO `cliente` (`clie_usua_id`, `clie_nombres`, `clie_apellidos`, `clie_dni`, `clie_celular`, `clie_correo`, `clie_foto`, `clie_direccion`) VALUES (\'105\', \'gadiel \', \'rios cuadros \', \'71221222\', \'958546476\', \'gadiel@outlook.com\', \'gadiel .jpg\', \'jion 3 de noviembre \')', 0)
 2 SYSTEMPATH/Database/BaseConnection.php(691): CodeIgniter\Database\MySQLi\Connection->execute('INSERT INTO `cliente` (`clie_usua_id`, `clie_nombres`, `clie_apellidos`, `clie_dni`, `clie_celular`, `clie_correo`, `clie_foto`, `clie_direccion`) VALUES (\'105\', \'gadiel \', \'rios cuadros \', \'71221222\', \'958546476\', \'gadiel@outlook.com\', \'gadiel .jpg\', \'jion 3 de noviembre \')')
 3 SYSTEMPATH/Database/BaseConnection.php(605): CodeIgniter\Database\BaseConnection->simpleQuery('INSERT INTO `cliente` (`clie_usua_id`, `clie_nombres`, `clie_apellidos`, `clie_dni`, `clie_celular`, `clie_correo`, `clie_foto`, `clie_direccion`) VALUES (\'105\', \'gadiel \', \'rios cuadros \', \'71221222\', \'958546476\', \'gadiel@outlook.com\', \'gadiel .jpg\', \'jion 3 de noviembre \')')
 4 SYSTEMPATH/Database/BaseBuilder.php(2309): CodeIgniter\Database\BaseConnection->query('INSERT INTO `cliente` (`clie_usua_id`, `clie_nombres`, `clie_apellidos`, `clie_dni`, `clie_celular`, `clie_correo`, `clie_foto`, `clie_direccion`) VALUES (:clie_usua_id:, :clie_nombres:, :clie_apellidos:, :clie_dni:, :clie_celular:, :clie_correo:, :clie_foto:, :clie_direccion:)', [...], false)
 5 SYSTEMPATH/Model.php(330): CodeIgniter\Database\BaseBuilder->insert()
 6 SYSTEMPATH/BaseModel.php(782): CodeIgniter\Model->doInsert([...])
 7 SYSTEMPATH/Model.php(730): CodeIgniter\BaseModel->insert([...], true)
 8 APPPATH/Controllers/Cliente.php(146): CodeIgniter\Model->insert([...])
 9 SYSTEMPATH/CodeIgniter.php(934): App\Controllers\Cliente->create()
10 SYSTEMPATH/CodeIgniter.php(499): CodeIgniter\CodeIgniter->runController(Object(App\Controllers\Cliente))
11 SYSTEMPATH/CodeIgniter.php(368): CodeIgniter\CodeIgniter->handleRequest(null, Object(Config\Cache), false)
12 FCPATH/index.php(67): CodeIgniter\CodeIgniter->run()
ERROR - 2024-05-02 16:43:07 --> mysqli_sql_exception: Duplicate entry '105' for key 'unq_cliente_clie_usua_id' in /home/app/public_html/panca/system/Database/MySQLi/Connection.php:295
Stack trace:
#0 /home/app/public_html/panca/system/Database/MySQLi/Connection.php(295): mysqli->query('INSERT INTO `cl...', 0)
#1 /home/app/public_html/panca/system/Database/BaseConnection.php(691): CodeIgniter\Database\MySQLi\Connection->execute('INSERT INTO `cl...')
#2 /home/app/public_html/panca/system/Database/BaseConnection.php(605): CodeIgniter\Database\BaseConnection->simpleQuery('INSERT INTO `cl...')
#3 /home/app/public_html/panca/system/Database/BaseBuilder.php(2309): CodeIgniter\Database\BaseConnection->query('INSERT INTO `cl...', Array, false)
#4 /home/app/public_html/panca/system/Model.php(330): CodeIgniter\Database\BaseBuilder->insert()
#5 /home/app/public_html/panca/system/BaseModel.php(782): CodeIgniter\Model->doInsert(Array)
#6 /home/app/public_html/panca/system/Model.php(730): CodeIgniter\BaseModel->insert(Array, true)
#7 /home/app/public_html/panca/app/Controllers/Cliente.php(146): CodeIgniter\Model->insert(Array)
#8 /home/app/public_html/panca/system/CodeIgniter.php(934): App\Controllers\Cliente->create()
#9 /home/app/public_html/panca/system/CodeIgniter.php(499): CodeIgniter\CodeIgniter->runController(Object(App\Controllers\Cliente))
#10 /home/app/public_html/panca/system/CodeIgniter.php(368): CodeIgniter\CodeIgniter->handleRequest(NULL, Object(Config\Cache), false)
#11 /home/app/public_html/panca/index.php(67): CodeIgniter\CodeIgniter->run()
#12 {main}
CRITICAL - 2024-05-02 16:43:07 --> Duplicate entry '105' for key 'unq_cliente_clie_usua_id'
in SYSTEMPATH/Database/MySQLi/Connection.php on line 295.
 1 SYSTEMPATH/Database/MySQLi/Connection.php(295): mysqli->query('INSERT INTO `cliente` (`clie_usua_id`, `clie_nombres`, `clie_apellidos`, `clie_dni`, `clie_celular`, `clie_correo`, `clie_foto`, `clie_direccion`) VALUES (\'105\', \'gadiel \', \'rios cuadros \', \'71221222\', \'958546476\', \'gadiel@outlook.com\', \'gadiel .jpg\', \'jion 3 de noviembre \')', 0)
 2 SYSTEMPATH/Database/BaseConnection.php(691): CodeIgniter\Database\MySQLi\Connection->execute('INSERT INTO `cliente` (`clie_usua_id`, `clie_nombres`, `clie_apellidos`, `clie_dni`, `clie_celular`, `clie_correo`, `clie_foto`, `clie_direccion`) VALUES (\'105\', \'gadiel \', \'rios cuadros \', \'71221222\', \'958546476\', \'gadiel@outlook.com\', \'gadiel .jpg\', \'jion 3 de noviembre \')')
 3 SYSTEMPATH/Database/BaseConnection.php(605): CodeIgniter\Database\BaseConnection->simpleQuery('INSERT INTO `cliente` (`clie_usua_id`, `clie_nombres`, `clie_apellidos`, `clie_dni`, `clie_celular`, `clie_correo`, `clie_foto`, `clie_direccion`) VALUES (\'105\', \'gadiel \', \'rios cuadros \', \'71221222\', \'958546476\', \'gadiel@outlook.com\', \'gadiel .jpg\', \'jion 3 de noviembre \')')
 4 SYSTEMPATH/Database/BaseBuilder.php(2309): CodeIgniter\Database\BaseConnection->query('INSERT INTO `cliente` (`clie_usua_id`, `clie_nombres`, `clie_apellidos`, `clie_dni`, `clie_celular`, `clie_correo`, `clie_foto`, `clie_direccion`) VALUES (:clie_usua_id:, :clie_nombres:, :clie_apellidos:, :clie_dni:, :clie_celular:, :clie_correo:, :clie_foto:, :clie_direccion:)', [...], false)
 5 SYSTEMPATH/Model.php(330): CodeIgniter\Database\BaseBuilder->insert()
 6 SYSTEMPATH/BaseModel.php(782): CodeIgniter\Model->doInsert([...])
 7 SYSTEMPATH/Model.php(730): CodeIgniter\BaseModel->insert([...], true)
 8 APPPATH/Controllers/Cliente.php(146): CodeIgniter\Model->insert([...])
 9 SYSTEMPATH/CodeIgniter.php(934): App\Controllers\Cliente->create()
10 SYSTEMPATH/CodeIgniter.php(499): CodeIgniter\CodeIgniter->runController(Object(App\Controllers\Cliente))
11 SYSTEMPATH/CodeIgniter.php(368): CodeIgniter\CodeIgniter->handleRequest(null, Object(Config\Cache), false)
12 FCPATH/index.php(67): CodeIgniter\CodeIgniter->run()
ERROR - 2024-05-02 16:43:07 --> mysqli_sql_exception: Duplicate entry '105' for key 'unq_cliente_clie_usua_id' in /home/app/public_html/panca/system/Database/MySQLi/Connection.php:295
Stack trace:
#0 /home/app/public_html/panca/system/Database/MySQLi/Connection.php(295): mysqli->query('INSERT INTO `cl...', 0)
#1 /home/app/public_html/panca/system/Database/BaseConnection.php(691): CodeIgniter\Database\MySQLi\Connection->execute('INSERT INTO `cl...')
#2 /home/app/public_html/panca/system/Database/BaseConnection.php(605): CodeIgniter\Database\BaseConnection->simpleQuery('INSERT INTO `cl...')
#3 /home/app/public_html/panca/system/Database/BaseBuilder.php(2309): CodeIgniter\Database\BaseConnection->query('INSERT INTO `cl...', Array, false)
#4 /home/app/public_html/panca/system/Model.php(330): CodeIgniter\Database\BaseBuilder->insert()
#5 /home/app/public_html/panca/system/BaseModel.php(782): CodeIgniter\Model->doInsert(Array)
#6 /home/app/public_html/panca/system/Model.php(730): CodeIgniter\BaseModel->insert(Array, true)
#7 /home/app/public_html/panca/app/Controllers/Cliente.php(146): CodeIgniter\Model->insert(Array)
#8 /home/app/public_html/panca/system/CodeIgniter.php(934): App\Controllers\Cliente->create()
#9 /home/app/public_html/panca/system/CodeIgniter.php(499): CodeIgniter\CodeIgniter->runController(Object(App\Controllers\Cliente))
#10 /home/app/public_html/panca/system/CodeIgniter.php(368): CodeIgniter\CodeIgniter->handleRequest(NULL, Object(Config\Cache), false)
#11 /home/app/public_html/panca/index.php(67): CodeIgniter\CodeIgniter->run()
#12 {main}
CRITICAL - 2024-05-02 16:43:07 --> Duplicate entry '105' for key 'unq_cliente_clie_usua_id'
in SYSTEMPATH/Database/MySQLi/Connection.php on line 295.
 1 SYSTEMPATH/Database/MySQLi/Connection.php(295): mysqli->query('INSERT INTO `cliente` (`clie_usua_id`, `clie_nombres`, `clie_apellidos`, `clie_dni`, `clie_celular`, `clie_correo`, `clie_foto`, `clie_direccion`) VALUES (\'105\', \'gadiel \', \'rios cuadros \', \'71221222\', \'958546476\', \'gadiel@outlook.com\', \'gadiel .jpg\', \'jion 3 de noviembre \')', 0)
 2 SYSTEMPATH/Database/BaseConnection.php(691): CodeIgniter\Database\MySQLi\Connection->execute('INSERT INTO `cliente` (`clie_usua_id`, `clie_nombres`, `clie_apellidos`, `clie_dni`, `clie_celular`, `clie_correo`, `clie_foto`, `clie_direccion`) VALUES (\'105\', \'gadiel \', \'rios cuadros \', \'71221222\', \'958546476\', \'gadiel@outlook.com\', \'gadiel .jpg\', \'jion 3 de noviembre \')')
 3 SYSTEMPATH/Database/BaseConnection.php(605): CodeIgniter\Database\BaseConnection->simpleQuery('INSERT INTO `cliente` (`clie_usua_id`, `clie_nombres`, `clie_apellidos`, `clie_dni`, `clie_celular`, `clie_correo`, `clie_foto`, `clie_direccion`) VALUES (\'105\', \'gadiel \', \'rios cuadros \', \'71221222\', \'958546476\', \'gadiel@outlook.com\', \'gadiel .jpg\', \'jion 3 de noviembre \')')
 4 SYSTEMPATH/Database/BaseBuilder.php(2309): CodeIgniter\Database\BaseConnection->query('INSERT INTO `cliente` (`clie_usua_id`, `clie_nombres`, `clie_apellidos`, `clie_dni`, `clie_celular`, `clie_correo`, `clie_foto`, `clie_direccion`) VALUES (:clie_usua_id:, :clie_nombres:, :clie_apellidos:, :clie_dni:, :clie_celular:, :clie_correo:, :clie_foto:, :clie_direccion:)', [...], false)
 5 SYSTEMPATH/Model.php(330): CodeIgniter\Database\BaseBuilder->insert()
 6 SYSTEMPATH/BaseModel.php(782): CodeIgniter\Model->doInsert([...])
 7 SYSTEMPATH/Model.php(730): CodeIgniter\BaseModel->insert([...], true)
 8 APPPATH/Controllers/Cliente.php(146): CodeIgniter\Model->insert([...])
 9 SYSTEMPATH/CodeIgniter.php(934): App\Controllers\Cliente->create()
10 SYSTEMPATH/CodeIgniter.php(499): CodeIgniter\CodeIgniter->runController(Object(App\Controllers\Cliente))
11 SYSTEMPATH/CodeIgniter.php(368): CodeIgniter\CodeIgniter->handleRequest(null, Object(Config\Cache), false)
12 FCPATH/index.php(67): CodeIgniter\CodeIgniter->run()
ERROR - 2024-05-02 16:43:08 --> mysqli_sql_exception: Duplicate entry '105' for key 'unq_cliente_clie_usua_id' in /home/app/public_html/panca/system/Database/MySQLi/Connection.php:295
Stack trace:
#0 /home/app/public_html/panca/system/Database/MySQLi/Connection.php(295): mysqli->query('INSERT INTO `cl...', 0)
#1 /home/app/public_html/panca/system/Database/BaseConnection.php(691): CodeIgniter\Database\MySQLi\Connection->execute('INSERT INTO `cl...')
#2 /home/app/public_html/panca/system/Database/BaseConnection.php(605): CodeIgniter\Database\BaseConnection->simpleQuery('INSERT INTO `cl...')
#3 /home/app/public_html/panca/system/Database/BaseBuilder.php(2309): CodeIgniter\Database\BaseConnection->query('INSERT INTO `cl...', Array, false)
#4 /home/app/public_html/panca/system/Model.php(330): CodeIgniter\Database\BaseBuilder->insert()
#5 /home/app/public_html/panca/system/BaseModel.php(782): CodeIgniter\Model->doInsert(Array)
#6 /home/app/public_html/panca/system/Model.php(730): CodeIgniter\BaseModel->insert(Array, true)
#7 /home/app/public_html/panca/app/Controllers/Cliente.php(146): CodeIgniter\Model->insert(Array)
#8 /home/app/public_html/panca/system/CodeIgniter.php(934): App\Controllers\Cliente->create()
#9 /home/app/public_html/panca/system/CodeIgniter.php(499): CodeIgniter\CodeIgniter->runController(Object(App\Controllers\Cliente))
#10 /home/app/public_html/panca/system/CodeIgniter.php(368): CodeIgniter\CodeIgniter->handleRequest(NULL, Object(Config\Cache), false)
#11 /home/app/public_html/panca/index.php(67): CodeIgniter\CodeIgniter->run()
#12 {main}
CRITICAL - 2024-05-02 16:43:08 --> Duplicate entry '105' for key 'unq_cliente_clie_usua_id'
in SYSTEMPATH/Database/MySQLi/Connection.php on line 295.
 1 SYSTEMPATH/Database/MySQLi/Connection.php(295): mysqli->query('INSERT INTO `cliente` (`clie_usua_id`, `clie_nombres`, `clie_apellidos`, `clie_dni`, `clie_celular`, `clie_correo`, `clie_foto`, `clie_direccion`) VALUES (\'105\', \'gadiel \', \'rios cuadros \', \'71221222\', \'958546476\', \'gadiel@outlook.com\', \'gadiel .jpg\', \'jion 3 de noviembre \')', 0)
 2 SYSTEMPATH/Database/BaseConnection.php(691): CodeIgniter\Database\MySQLi\Connection->execute('INSERT INTO `cliente` (`clie_usua_id`, `clie_nombres`, `clie_apellidos`, `clie_dni`, `clie_celular`, `clie_correo`, `clie_foto`, `clie_direccion`) VALUES (\'105\', \'gadiel \', \'rios cuadros \', \'71221222\', \'958546476\', \'gadiel@outlook.com\', \'gadiel .jpg\', \'jion 3 de noviembre \')')
 3 SYSTEMPATH/Database/BaseConnection.php(605): CodeIgniter\Database\BaseConnection->simpleQuery('INSERT INTO `cliente` (`clie_usua_id`, `clie_nombres`, `clie_apellidos`, `clie_dni`, `clie_celular`, `clie_correo`, `clie_foto`, `clie_direccion`) VALUES (\'105\', \'gadiel \', \'rios cuadros \', \'71221222\', \'958546476\', \'gadiel@outlook.com\', \'gadiel .jpg\', \'jion 3 de noviembre \')')
 4 SYSTEMPATH/Database/BaseBuilder.php(2309): CodeIgniter\Database\BaseConnection->query('INSERT INTO `cliente` (`clie_usua_id`, `clie_nombres`, `clie_apellidos`, `clie_dni`, `clie_celular`, `clie_correo`, `clie_foto`, `clie_direccion`) VALUES (:clie_usua_id:, :clie_nombres:, :clie_apellidos:, :clie_dni:, :clie_celular:, :clie_correo:, :clie_foto:, :clie_direccion:)', [...], false)
 5 SYSTEMPATH/Model.php(330): CodeIgniter\Database\BaseBuilder->insert()
 6 SYSTEMPATH/BaseModel.php(782): CodeIgniter\Model->doInsert([...])
 7 SYSTEMPATH/Model.php(730): CodeIgniter\BaseModel->insert([...], true)
 8 APPPATH/Controllers/Cliente.php(146): CodeIgniter\Model->insert([...])
 9 SYSTEMPATH/CodeIgniter.php(934): App\Controllers\Cliente->create()
10 SYSTEMPATH/CodeIgniter.php(499): CodeIgniter\CodeIgniter->runController(Object(App\Controllers\Cliente))
11 SYSTEMPATH/CodeIgniter.php(368): CodeIgniter\CodeIgniter->handleRequest(null, Object(Config\Cache), false)
12 FCPATH/index.php(67): CodeIgniter\CodeIgniter->run()
